2021-12-02 01:11:13,091 
Namespace(cfg='experiments/activitynet/2D-TAN-64x64-K9L4-pool.yaml', dataDir=None, gpus=None, logDir=None, modelDir=None, tag=None, verbose=True, workers=None)
2021-12-02 01:11:13,092 
{'CUDNN': {'BENCHMARK': True, 'DETERMINISTIC': False, 'ENABLED': True},
 'DATASET': {'BIAS': 0,
             'DOWNSAMPLING_STRIDE': 16,
             'MODALITY': '',
             'NAME': 'ActivityNet',
             'NORMALIZE': True,
             'NO_VAL': False,
             'NUM_SAMPLE_CLIPS': 256,
             'RANDOM_SAMPLING': False,
             'ROOT': '',
             'SPLIT': '',
             'TARGET_STRIDE': 4,
             'VIS_INPUT_TYPE': 'c3d'},
 'DATA_DIR': './data/ActivityNet',
 'LOG_DIR': './log',
 'LOSS': {'NAME': 'bce_rescale_loss',
          'PARAMS': {'BIAS': 0.0, 'MAX_IOU': 1.0, 'MIN_IOU': 0.5}},
 'MODEL': {'CHECKPOINT': './checkpoints/ActivityNet/iter005845-0.5945-0.8744.pkl',
           'NAME': 'TAN'},
 'MODEL_DIR': './checkpoints',
 'RESULT_DIR': './results',
 'TAG': '',
 'TAN': {'FRAME_MODULE': {'NAME': 'FrameAvgPool',
                          'PARAMS': {'HIDDEN_SIZE': 512,
                                     'INPUT_SIZE': 500,
                                     'KERNEL_SIZE': 4,
                                     'STRIDE': 4}},
         'FUSION_MODULE': {'NAME': 'BaseFusion',
                           'PARAMS': {'HIDDEN_SIZE': 512,
                                      'LSTM': {'BIDIRECTIONAL': False,
                                               'NUM_LAYERS': 3},
                                      'TXT_HIDDEN_SIZE': 512,
                                      'TXT_INPUT_SIZE': 300}},
         'MAP_MODULE': {'NAME': 'MapConv',
                        'PARAMS': {'DILATIONS': [1, 1, 1, 1],
                                   'HIDDEN_SIZES': [512, 512, 512, 512],
                                   'INPUT_SIZE': 512,
                                   'KERNEL_SIZES': [9, 9, 9, 9],
                                   'PADDINGS': [4, 4, 4, 4],
                                   'STRIDES': [1, 1, 1, 1]}},
         'PRED_INPUT_SIZE': 512,
         'PROP_MODULE': {'NAME': 'SparsePropMaxPool',
                         'PARAMS': {'NUM_SCALE_LAYERS': [16, 8, 8]}}},
 'TEST': {'BATCH_SIZE': 32,
          'EVAL_TRAIN': False,
          'INTERVAL': 1,
          'NMS_THRESH': 0.5,
          'RECALL': '1,5',
          'TIOU': '0.3,0.5,0.7',
          'TOP_K': 10},
 'TRAIN': {'BATCH_SIZE': 32,
           'CONTINUE': False,
           'FACTOR': 0.8,
           'LR': 0.0001,
           'MAX_EPOCH': 100,
           'PATIENCE': 20,
           'SHUFFLE': True,
           'WEIGHT_DECAY': 0.0},
 'VERBOSE': True,
 'WORKERS': 16}
2021-12-02 01:41:26,598 
iter: 1169 train loss 0.0940 val loss 0.0765 test loss 0.0796
+performance on validation set------+-----------------+-----------------+-----------------+-----------------+-------+
| Rank@1,mIoU@0.3 | Rank@1,mIoU@0.5 | Rank@1,mIoU@0.7 | Rank@5,mIoU@0.3 | Rank@5,mIoU@0.5 | Rank@5,mIoU@0.7 | mIoU  |
+-----------------+-----------------+-----------------+-----------------+-----------------+-----------------+-------+
|      45.77      |      26.53      |      14.48      |      77.02      |      64.59      |      48.95      | 34.10 |
+-----------------+-----------------+-----------------+-----------------+-----------------+-----------------+-------+
+performance on testing set---------+-----------------+-----------------+-----------------+-----------------+-------+
| Rank@1,mIoU@0.3 | Rank@1,mIoU@0.5 | Rank@1,mIoU@0.7 | Rank@5,mIoU@0.3 | Rank@5,mIoU@0.5 | Rank@5,mIoU@0.7 | mIoU  |
+-----------------+-----------------+-----------------+-----------------+-----------------+-----------------+-------+
|      51.57      |      27.68      |      14.26      |      84.90      |      73.65      |      56.65      | 36.69 |
+-----------------+-----------------+-----------------+-----------------+-----------------+-----------------+-------+

2021-12-02 02:11:12,336 
iter: 2338 train loss 0.0744 val loss 0.0728 test loss 0.0773
+performance on validation set------+-----------------+-----------------+-----------------+-----------------+-------+
| Rank@1,mIoU@0.3 | Rank@1,mIoU@0.5 | Rank@1,mIoU@0.7 | Rank@5,mIoU@0.3 | Rank@5,mIoU@0.5 | Rank@5,mIoU@0.7 | mIoU  |
+-----------------+-----------------+-----------------+-----------------+-----------------+-----------------+-------+
|      53.21      |      36.09      |      20.87      |      78.35      |      68.31      |      53.91      | 37.86 |
+-----------------+-----------------+-----------------+-----------------+-----------------+-----------------+-------+
+performance on testing set---------+-----------------+-----------------+-----------------+-----------------+-------+
| Rank@1,mIoU@0.3 | Rank@1,mIoU@0.5 | Rank@1,mIoU@0.7 | Rank@5,mIoU@0.3 | Rank@5,mIoU@0.5 | Rank@5,mIoU@0.7 | mIoU  |
+-----------------+-----------------+-----------------+-----------------+-----------------+-----------------+-------+
|      57.88      |      36.83      |      19.62      |      85.07      |      76.17      |      60.30      | 39.47 |
+-----------------+-----------------+-----------------+-----------------+-----------------+-----------------+-------+

2021-12-02 02:41:05,097 
iter: 3507 train loss 0.0726 val loss 0.0723 test loss 0.0769
+performance on validation set------+-----------------+-----------------+-----------------+-----------------+-------+
| Rank@1,mIoU@0.3 | Rank@1,mIoU@0.5 | Rank@1,mIoU@0.7 | Rank@5,mIoU@0.3 | Rank@5,mIoU@0.5 | Rank@5,mIoU@0.7 | mIoU  |
+-----------------+-----------------+-----------------+-----------------+-----------------+-----------------+-------+
|      55.08      |      39.07      |      22.71      |      78.62      |      68.55      |      54.25      | 38.93 |
+-----------------+-----------------+-----------------+-----------------+-----------------+-----------------+-------+
+performance on testing set---------+-----------------+-----------------+-----------------+-----------------+-------+
| Rank@1,mIoU@0.3 | Rank@1,mIoU@0.5 | Rank@1,mIoU@0.7 | Rank@5,mIoU@0.3 | Rank@5,mIoU@0.5 | Rank@5,mIoU@0.7 | mIoU  |
+-----------------+-----------------+-----------------+-----------------+-----------------+-----------------+-------+
|      59.92      |      42.94      |      24.50      |      84.89      |      76.17      |      59.93      | 42.10 |
+-----------------+-----------------+-----------------+-----------------+-----------------+-----------------+-------+

2021-12-02 03:10:54,237 
iter: 4676 train loss 0.0714 val loss 0.0715 test loss 0.0760
+performance on validation set------+-----------------+-----------------+-----------------+-----------------+-------+
| Rank@1,mIoU@0.3 | Rank@1,mIoU@0.5 | Rank@1,mIoU@0.7 | Rank@5,mIoU@0.3 | Rank@5,mIoU@0.5 | Rank@5,mIoU@0.7 | mIoU  |
+-----------------+-----------------+-----------------+-----------------+-----------------+-----------------+-------+
|      55.12      |      40.01      |      24.20      |      78.83      |      68.83      |      54.66      | 39.51 |
+-----------------+-----------------+-----------------+-----------------+-----------------+-----------------+-------+
+performance on testing set---------+-----------------+-----------------+-----------------+-----------------+-------+
| Rank@1,mIoU@0.3 | Rank@1,mIoU@0.5 | Rank@1,mIoU@0.7 | Rank@5,mIoU@0.3 | Rank@5,mIoU@0.5 | Rank@5,mIoU@0.7 | mIoU  |
+-----------------+-----------------+-----------------+-----------------+-----------------+-----------------+-------+
|      58.55      |      43.13      |      25.27      |      84.85      |      76.71      |      60.69      | 41.79 |
+-----------------+-----------------+-----------------+-----------------+-----------------+-----------------+-------+

2021-12-02 03:41:07,492 
iter: 5845 train loss 0.0703 val loss 0.0714 test loss 0.0761
+performance on validation set------+-----------------+-----------------+-----------------+-----------------+-------+
| Rank@1,mIoU@0.3 | Rank@1,mIoU@0.5 | Rank@1,mIoU@0.7 | Rank@5,mIoU@0.3 | Rank@5,mIoU@0.5 | Rank@5,mIoU@0.7 | mIoU  |
+-----------------+-----------------+-----------------+-----------------+-----------------+-----------------+-------+
|      55.36      |      41.06      |      24.87      |      79.26      |      69.48      |      54.85      | 40.04 |
+-----------------+-----------------+-----------------+-----------------+-----------------+-----------------+-------+
+performance on testing set---------+-----------------+-----------------+-----------------+-----------------+-------+
| Rank@1,mIoU@0.3 | Rank@1,mIoU@0.5 | Rank@1,mIoU@0.7 | Rank@5,mIoU@0.3 | Rank@5,mIoU@0.5 | Rank@5,mIoU@0.7 | mIoU  |
+-----------------+-----------------+-----------------+-----------------+-----------------+-----------------+-------+
|      58.85      |      44.05      |      26.45      |      85.10      |      76.61      |      60.44      | 42.50 |
+-----------------+-----------------+-----------------+-----------------+-----------------+-----------------+-------+

2021-12-02 04:11:41,460 
iter: 7014 train loss 0.0691 val loss 0.0719 test loss 0.0766
+performance on validation set------+-----------------+-----------------+-----------------+-----------------+-------+
| Rank@1,mIoU@0.3 | Rank@1,mIoU@0.5 | Rank@1,mIoU@0.7 | Rank@5,mIoU@0.3 | Rank@5,mIoU@0.5 | Rank@5,mIoU@0.7 | mIoU  |
+-----------------+-----------------+-----------------+-----------------+-----------------+-----------------+-------+
|      55.86      |      40.71      |      24.19      |      79.25      |      69.55      |      54.71      | 40.40 |
+-----------------+-----------------+-----------------+-----------------+-----------------+-----------------+-------+
+performance on testing set---------+-----------------+-----------------+-----------------+-----------------+-------+
| Rank@1,mIoU@0.3 | Rank@1,mIoU@0.5 | Rank@1,mIoU@0.7 | Rank@5,mIoU@0.3 | Rank@5,mIoU@0.5 | Rank@5,mIoU@0.7 | mIoU  |
+-----------------+-----------------+-----------------+-----------------+-----------------+-----------------+-------+
|      60.71      |      44.08      |      26.05      |      85.20      |      76.50      |      60.61      | 43.44 |
+-----------------+-----------------+-----------------+-----------------+-----------------+-----------------+-------+

2021-12-02 04:41:49,718 
iter: 8183 train loss 0.0675 val loss 0.0725 test loss 0.0767
+performance on validation set------+-----------------+-----------------+-----------------+-----------------+-------+
| Rank@1,mIoU@0.3 | Rank@1,mIoU@0.5 | Rank@1,mIoU@0.7 | Rank@5,mIoU@0.3 | Rank@5,mIoU@0.5 | Rank@5,mIoU@0.7 | mIoU  |
+-----------------+-----------------+-----------------+-----------------+-----------------+-----------------+-------+
|      54.77      |      39.66      |      24.24      |      80.01      |      69.61      |      54.21      | 39.72 |
+-----------------+-----------------+-----------------+-----------------+-----------------+-----------------+-------+
+performance on testing set---------+-----------------+-----------------+-----------------+-----------------+-------+
| Rank@1,mIoU@0.3 | Rank@1,mIoU@0.5 | Rank@1,mIoU@0.7 | Rank@5,mIoU@0.3 | Rank@5,mIoU@0.5 | Rank@5,mIoU@0.7 | mIoU  |
+-----------------+-----------------+-----------------+-----------------+-----------------+-----------------+-------+
|      58.59      |      42.37      |      25.25      |      85.59      |      76.53      |      59.52      | 42.17 |
+-----------------+-----------------+-----------------+-----------------+-----------------+-----------------+-------+

2021-12-02 05:11:40,002 
iter: 9352 train loss 0.0658 val loss 0.0732 test loss 0.0785
+performance on validation set------+-----------------+-----------------+-----------------+-----------------+-------+
| Rank@1,mIoU@0.3 | Rank@1,mIoU@0.5 | Rank@1,mIoU@0.7 | Rank@5,mIoU@0.3 | Rank@5,mIoU@0.5 | Rank@5,mIoU@0.7 | mIoU  |
+-----------------+-----------------+-----------------+-----------------+-----------------+-----------------+-------+
|      54.94      |      40.43      |      24.64      |      79.02      |      69.05      |      53.64      | 39.61 |
+-----------------+-----------------+-----------------+-----------------+-----------------+-----------------+-------+
+performance on testing set---------+-----------------+-----------------+-----------------+-----------------+-------+
| Rank@1,mIoU@0.3 | Rank@1,mIoU@0.5 | Rank@1,mIoU@0.7 | Rank@5,mIoU@0.3 | Rank@5,mIoU@0.5 | Rank@5,mIoU@0.7 | mIoU  |
+-----------------+-----------------+-----------------+-----------------+-----------------+-----------------+-------+
|      57.84      |      42.48      |      25.66      |      84.53      |      75.03      |      57.85      | 41.72 |
+-----------------+-----------------+-----------------+-----------------+-----------------+-----------------+-------+

2021-12-02 05:41:31,837 
iter: 10521 train loss 0.0639 val loss 0.0746 test loss 0.0806
+performance on validation set------+-----------------+-----------------+-----------------+-----------------+-------+
| Rank@1,mIoU@0.3 | Rank@1,mIoU@0.5 | Rank@1,mIoU@0.7 | Rank@5,mIoU@0.3 | Rank@5,mIoU@0.5 | Rank@5,mIoU@0.7 | mIoU  |
+-----------------+-----------------+-----------------+-----------------+-----------------+-----------------+-------+
|      54.25      |      39.46      |      23.43      |      77.66      |      67.81      |      52.29      | 38.84 |
+-----------------+-----------------+-----------------+-----------------+-----------------+-----------------+-------+
+performance on testing set---------+-----------------+-----------------+-----------------+-----------------+-------+
| Rank@1,mIoU@0.3 | Rank@1,mIoU@0.5 | Rank@1,mIoU@0.7 | Rank@5,mIoU@0.3 | Rank@5,mIoU@0.5 | Rank@5,mIoU@0.7 | mIoU  |
+-----------------+-----------------+-----------------+-----------------+-----------------+-----------------+-------+
|      56.98      |      41.64      |      24.76      |      82.94      |      73.44      |      56.39      | 40.99 |
+-----------------+-----------------+-----------------+-----------------+-----------------+-----------------+-------+

2021-12-02 06:11:10,108 
iter: 11690 train loss 0.0622 val loss 0.0759 test loss 0.0824
+performance on validation set------+-----------------+-----------------+-----------------+-----------------+-------+
| Rank@1,mIoU@0.3 | Rank@1,mIoU@0.5 | Rank@1,mIoU@0.7 | Rank@5,mIoU@0.3 | Rank@5,mIoU@0.5 | Rank@5,mIoU@0.7 | mIoU  |
+-----------------+-----------------+-----------------+-----------------+-----------------+-----------------+-------+
|      54.22      |      39.75      |      24.54      |      79.31      |      68.67      |      52.45      | 39.28 |
+-----------------+-----------------+-----------------+-----------------+-----------------+-----------------+-------+
+performance on testing set---------+-----------------+-----------------+-----------------+-----------------+-------+
| Rank@1,mIoU@0.3 | Rank@1,mIoU@0.5 | Rank@1,mIoU@0.7 | Rank@5,mIoU@0.3 | Rank@5,mIoU@0.5 | Rank@5,mIoU@0.7 | mIoU  |
+-----------------+-----------------+-----------------+-----------------+-----------------+-----------------+-------+
|      57.41      |      42.17      |      25.54      |      84.63      |      74.21      |      56.22      | 41.48 |
+-----------------+-----------------+-----------------+-----------------+-----------------+-----------------+-------+

2021-12-02 06:40:54,333 
iter: 12859 train loss 0.0606 val loss 0.0784 test loss 0.0848
+performance on validation set------+-----------------+-----------------+-----------------+-----------------+-------+
| Rank@1,mIoU@0.3 | Rank@1,mIoU@0.5 | Rank@1,mIoU@0.7 | Rank@5,mIoU@0.3 | Rank@5,mIoU@0.5 | Rank@5,mIoU@0.7 | mIoU  |
+-----------------+-----------------+-----------------+-----------------+-----------------+-----------------+-------+
|      53.17      |      38.11      |      23.52      |      79.24      |      68.33      |      52.04      | 38.62 |
+-----------------+-----------------+-----------------+-----------------+-----------------+-----------------+-------+
+performance on testing set---------+-----------------+-----------------+-----------------+-----------------+-------+
| Rank@1,mIoU@0.3 | Rank@1,mIoU@0.5 | Rank@1,mIoU@0.7 | Rank@5,mIoU@0.3 | Rank@5,mIoU@0.5 | Rank@5,mIoU@0.7 | mIoU  |
+-----------------+-----------------+-----------------+-----------------+-----------------+-----------------+-------+
|      55.09      |      40.00      |      24.19      |      85.00      |      74.16      |      55.30      | 40.33 |
+-----------------+-----------------+-----------------+-----------------+-----------------+-----------------+-------+

2021-12-02 07:10:43,645 
iter: 14028 train loss 0.0588 val loss 0.0785 test loss 0.0843
+performance on validation set------+-----------------+-----------------+-----------------+-----------------+-------+
| Rank@1,mIoU@0.3 | Rank@1,mIoU@0.5 | Rank@1,mIoU@0.7 | Rank@5,mIoU@0.3 | Rank@5,mIoU@0.5 | Rank@5,mIoU@0.7 | mIoU  |
+-----------------+-----------------+-----------------+-----------------+-----------------+-----------------+-------+
|      54.73      |      39.60      |      23.70      |      78.26      |      67.53      |      52.03      | 39.23 |
+-----------------+-----------------+-----------------+-----------------+-----------------+-----------------+-------+
+performance on testing set---------+-----------------+-----------------+-----------------+-----------------+-------+
| Rank@1,mIoU@0.3 | Rank@1,mIoU@0.5 | Rank@1,mIoU@0.7 | Rank@5,mIoU@0.3 | Rank@5,mIoU@0.5 | Rank@5,mIoU@0.7 | mIoU  |
+-----------------+-----------------+-----------------+-----------------+-----------------+-----------------+-------+
|      57.72      |      41.68      |      25.40      |      83.48      |      72.49      |      55.52      | 41.53 |
+-----------------+-----------------+-----------------+-----------------+-----------------+-----------------+-------+

2021-12-02 07:40:31,813 
iter: 15197 train loss 0.0568 val loss 0.0836 test loss 0.0913
+performance on validation set------+-----------------+-----------------+-----------------+-----------------+-------+
| Rank@1,mIoU@0.3 | Rank@1,mIoU@0.5 | Rank@1,mIoU@0.7 | Rank@5,mIoU@0.3 | Rank@5,mIoU@0.5 | Rank@5,mIoU@0.7 | mIoU  |
+-----------------+-----------------+-----------------+-----------------+-----------------+-----------------+-------+
|      54.25      |      39.21      |      23.72      |      77.34      |      66.28      |      51.03      | 38.99 |
+-----------------+-----------------+-----------------+-----------------+-----------------+-----------------+-------+
+performance on testing set---------+-----------------+-----------------+-----------------+-----------------+-------+
| Rank@1,mIoU@0.3 | Rank@1,mIoU@0.5 | Rank@1,mIoU@0.7 | Rank@5,mIoU@0.3 | Rank@5,mIoU@0.5 | Rank@5,mIoU@0.7 | mIoU  |
+-----------------+-----------------+-----------------+-----------------+-----------------+-----------------+-------+
|      57.29      |      41.07      |      24.44      |      82.21      |      70.99      |      53.48      | 40.95 |
+-----------------+-----------------+-----------------+-----------------+-----------------+-----------------+-------+

2021-12-02 08:10:26,657 
iter: 16366 train loss 0.0550 val loss 0.0833 test loss 0.0903
+performance on validation set------+-----------------+-----------------+-----------------+-----------------+-------+
| Rank@1,mIoU@0.3 | Rank@1,mIoU@0.5 | Rank@1,mIoU@0.7 | Rank@5,mIoU@0.3 | Rank@5,mIoU@0.5 | Rank@5,mIoU@0.7 | mIoU  |
+-----------------+-----------------+-----------------+-----------------+-----------------+-----------------+-------+
|      53.94      |      38.53      |      22.70      |      77.58      |      66.04      |      50.06      | 38.55 |
+-----------------+-----------------+-----------------+-----------------+-----------------+-----------------+-------+
+performance on testing set---------+-----------------+-----------------+-----------------+-----------------+-------+
| Rank@1,mIoU@0.3 | Rank@1,mIoU@0.5 | Rank@1,mIoU@0.7 | Rank@5,mIoU@0.3 | Rank@5,mIoU@0.5 | Rank@5,mIoU@0.7 | mIoU  |
+-----------------+-----------------+-----------------+-----------------+-----------------+-----------------+-------+
|      56.64      |      40.41      |      23.89      |      82.56      |      70.65      |      52.46      | 40.57 |
+-----------------+-----------------+-----------------+-----------------+-----------------+-----------------+-------+

2021-12-02 08:40:12,620 
iter: 17535 train loss 0.0533 val loss 0.0873 test loss 0.0955
+performance on validation set------+-----------------+-----------------+-----------------+-----------------+-------+
| Rank@1,mIoU@0.3 | Rank@1,mIoU@0.5 | Rank@1,mIoU@0.7 | Rank@5,mIoU@0.3 | Rank@5,mIoU@0.5 | Rank@5,mIoU@0.7 | mIoU  |
+-----------------+-----------------+-----------------+-----------------+-----------------+-----------------+-------+
|      53.73      |      38.15      |      22.67      |      77.62      |      65.84      |      49.35      | 38.47 |
+-----------------+-----------------+-----------------+-----------------+-----------------+-----------------+-------+
+performance on testing set---------+-----------------+-----------------+-----------------+-----------------+-------+
| Rank@1,mIoU@0.3 | Rank@1,mIoU@0.5 | Rank@1,mIoU@0.7 | Rank@5,mIoU@0.3 | Rank@5,mIoU@0.5 | Rank@5,mIoU@0.7 | mIoU  |
+-----------------+-----------------+-----------------+-----------------+-----------------+-----------------+-------+
|      55.89      |      39.39      |      22.54      |      82.48      |      70.35      |      51.58      | 39.88 |
+-----------------+-----------------+-----------------+-----------------+-----------------+-----------------+-------+

2021-12-02 09:10:04,575 
iter: 18704 train loss 0.0515 val loss 0.0907 test loss 0.0992
+performance on validation set------+-----------------+-----------------+-----------------+-----------------+-------+
| Rank@1,mIoU@0.3 | Rank@1,mIoU@0.5 | Rank@1,mIoU@0.7 | Rank@5,mIoU@0.3 | Rank@5,mIoU@0.5 | Rank@5,mIoU@0.7 | mIoU  |
+-----------------+-----------------+-----------------+-----------------+-----------------+-----------------+-------+
|      53.18      |      37.67      |      21.87      |      75.69      |      63.63      |      47.33      | 37.67 |
+-----------------+-----------------+-----------------+-----------------+-----------------+-----------------+-------+
+performance on testing set---------+-----------------+-----------------+-----------------+-----------------+-------+
| Rank@1,mIoU@0.3 | Rank@1,mIoU@0.5 | Rank@1,mIoU@0.7 | Rank@5,mIoU@0.3 | Rank@5,mIoU@0.5 | Rank@5,mIoU@0.7 | mIoU  |
+-----------------+-----------------+-----------------+-----------------+-----------------+-----------------+-------+
|      55.22      |      39.60      |      23.06      |      79.78      |      67.10      |      48.79      | 39.36 |
+-----------------+-----------------+-----------------+-----------------+-----------------+-----------------+-------+

2021-12-02 09:39:50,174 
iter: 19873 train loss 0.0497 val loss 0.0953 test loss 0.1054
+performance on validation set------+-----------------+-----------------+-----------------+-----------------+-------+
| Rank@1,mIoU@0.3 | Rank@1,mIoU@0.5 | Rank@1,mIoU@0.7 | Rank@5,mIoU@0.3 | Rank@5,mIoU@0.5 | Rank@5,mIoU@0.7 | mIoU  |
+-----------------+-----------------+-----------------+-----------------+-----------------+-----------------+-------+
|      52.55      |      37.34      |      21.66      |      74.88      |      62.83      |      46.20      | 37.47 |
+-----------------+-----------------+-----------------+-----------------+-----------------+-----------------+-------+
+performance on testing set---------+-----------------+-----------------+-----------------+-----------------+-------+
| Rank@1,mIoU@0.3 | Rank@1,mIoU@0.5 | Rank@1,mIoU@0.7 | Rank@5,mIoU@0.3 | Rank@5,mIoU@0.5 | Rank@5,mIoU@0.7 | mIoU  |
+-----------------+-----------------+-----------------+-----------------+-----------------+-----------------+-------+
|      55.05      |      38.91      |      22.58      |      78.49      |      65.53      |      46.97      | 39.24 |
+-----------------+-----------------+-----------------+-----------------+-----------------+-----------------+-------+

2021-12-02 10:09:35,985 
iter: 21042 train loss 0.0479 val loss 0.0960 test loss 0.1051
+performance on validation set------+-----------------+-----------------+-----------------+-----------------+-------+
| Rank@1,mIoU@0.3 | Rank@1,mIoU@0.5 | Rank@1,mIoU@0.7 | Rank@5,mIoU@0.3 | Rank@5,mIoU@0.5 | Rank@5,mIoU@0.7 | mIoU  |
+-----------------+-----------------+-----------------+-----------------+-----------------+-----------------+-------+
|      53.36      |      37.77      |      22.20      |      76.26      |      63.79      |      47.32      | 37.99 |
+-----------------+-----------------+-----------------+-----------------+-----------------+-----------------+-------+
+performance on testing set---------+-----------------+-----------------+-----------------+-----------------+-------+
| Rank@1,mIoU@0.3 | Rank@1,mIoU@0.5 | Rank@1,mIoU@0.7 | Rank@5,mIoU@0.3 | Rank@5,mIoU@0.5 | Rank@5,mIoU@0.7 | mIoU  |
+-----------------+-----------------+-----------------+-----------------+-----------------+-----------------+-------+
|      55.28      |      39.32      |      22.64      |      80.52      |      67.20      |      48.58      | 39.46 |
+-----------------+-----------------+-----------------+-----------------+-----------------+-----------------+-------+

2021-12-02 10:39:29,697 
iter: 22211 train loss 0.0465 val loss 0.1005 test loss 0.1112
+performance on validation set------+-----------------+-----------------+-----------------+-----------------+-------+
| Rank@1,mIoU@0.3 | Rank@1,mIoU@0.5 | Rank@1,mIoU@0.7 | Rank@5,mIoU@0.3 | Rank@5,mIoU@0.5 | Rank@5,mIoU@0.7 | mIoU  |
+-----------------+-----------------+-----------------+-----------------+-----------------+-----------------+-------+
|      52.89      |      37.14      |      21.55      |      75.38      |      62.75      |      46.32      | 37.47 |
+-----------------+-----------------+-----------------+-----------------+-----------------+-----------------+-------+
+performance on testing set---------+-----------------+-----------------+-----------------+-----------------+-------+
| Rank@1,mIoU@0.3 | Rank@1,mIoU@0.5 | Rank@1,mIoU@0.7 | Rank@5,mIoU@0.3 | Rank@5,mIoU@0.5 | Rank@5,mIoU@0.7 | mIoU  |
+-----------------+-----------------+-----------------+-----------------+-----------------+-----------------+-------+
|      54.76      |      38.04      |      21.25      |      79.20      |      65.26      |      46.94      | 38.56 |
+-----------------+-----------------+-----------------+-----------------+-----------------+-----------------+-------+

2021-12-02 11:09:22,840 
iter: 23380 train loss 0.0446 val loss 0.1034 test loss 0.1131
+performance on validation set------+-----------------+-----------------+-----------------+-----------------+-------+
| Rank@1,mIoU@0.3 | Rank@1,mIoU@0.5 | Rank@1,mIoU@0.7 | Rank@5,mIoU@0.3 | Rank@5,mIoU@0.5 | Rank@5,mIoU@0.7 | mIoU  |
+-----------------+-----------------+-----------------+-----------------+-----------------+-----------------+-------+
|      53.22      |      37.75      |      22.34      |      75.63      |      63.23      |      47.20      | 38.09 |
+-----------------+-----------------+-----------------+-----------------+-----------------+-----------------+-------+
+performance on testing set---------+-----------------+-----------------+-----------------+-----------------+-------+
| Rank@1,mIoU@0.3 | Rank@1,mIoU@0.5 | Rank@1,mIoU@0.7 | Rank@5,mIoU@0.3 | Rank@5,mIoU@0.5 | Rank@5,mIoU@0.7 | mIoU  |
+-----------------+-----------------+-----------------+-----------------+-----------------+-----------------+-------+
|      55.45      |      38.46      |      22.03      |      80.05      |      66.59      |      48.69      | 39.27 |
+-----------------+-----------------+-----------------+-----------------+-----------------+-----------------+-------+

2021-12-02 11:39:08,719 
iter: 24549 train loss 0.0431 val loss 0.1060 test loss 0.1167
+performance on validation set------+-----------------+-----------------+-----------------+-----------------+-------+
| Rank@1,mIoU@0.3 | Rank@1,mIoU@0.5 | Rank@1,mIoU@0.7 | Rank@5,mIoU@0.3 | Rank@5,mIoU@0.5 | Rank@5,mIoU@0.7 | mIoU  |
+-----------------+-----------------+-----------------+-----------------+-----------------+-----------------+-------+
|      53.82      |      38.04      |      22.33      |      75.48      |      62.97      |      46.28      | 38.31 |
+-----------------+-----------------+-----------------+-----------------+-----------------+-----------------+-------+
+performance on testing set---------+-----------------+-----------------+-----------------+-----------------+-------+
| Rank@1,mIoU@0.3 | Rank@1,mIoU@0.5 | Rank@1,mIoU@0.7 | Rank@5,mIoU@0.3 | Rank@5,mIoU@0.5 | Rank@5,mIoU@0.7 | mIoU  |
+-----------------+-----------------+-----------------+-----------------+-----------------+-----------------+-------+
|      55.30      |      39.09      |      22.41      |      78.69      |      65.14      |      47.47      | 39.39 |
+-----------------+-----------------+-----------------+-----------------+-----------------+-----------------+-------+

2021-12-02 12:08:57,026 
iter: 25718 train loss 0.0419 val loss 0.1107 test loss 0.1209
+performance on validation set------+-----------------+-----------------+-----------------+-----------------+-------+
| Rank@1,mIoU@0.3 | Rank@1,mIoU@0.5 | Rank@1,mIoU@0.7 | Rank@5,mIoU@0.3 | Rank@5,mIoU@0.5 | Rank@5,mIoU@0.7 | mIoU  |
+-----------------+-----------------+-----------------+-----------------+-----------------+-----------------+-------+
|      52.67      |      36.91      |      21.49      |      74.78      |      61.91      |      45.32      | 37.47 |
+-----------------+-----------------+-----------------+-----------------+-----------------+-----------------+-------+
+performance on testing set---------+-----------------+-----------------+-----------------+-----------------+-------+
| Rank@1,mIoU@0.3 | Rank@1,mIoU@0.5 | Rank@1,mIoU@0.7 | Rank@5,mIoU@0.3 | Rank@5,mIoU@0.5 | Rank@5,mIoU@0.7 | mIoU  |
+-----------------+-----------------+-----------------+-----------------+-----------------+-----------------+-------+
|      54.67      |      37.99      |      21.21      |      78.23      |      64.65      |      46.23      | 38.60 |
+-----------------+-----------------+-----------------+-----------------+-----------------+-----------------+-------+

2021-12-02 12:38:57,418 
iter: 26887 train loss 0.0408 val loss 0.1117 test loss 0.1229
+performance on validation set------+-----------------+-----------------+-----------------+-----------------+-------+
| Rank@1,mIoU@0.3 | Rank@1,mIoU@0.5 | Rank@1,mIoU@0.7 | Rank@5,mIoU@0.3 | Rank@5,mIoU@0.5 | Rank@5,mIoU@0.7 | mIoU  |
+-----------------+-----------------+-----------------+-----------------+-----------------+-----------------+-------+
|      52.11      |      36.34      |      20.98      |      74.21      |      61.01      |      45.00      | 36.88 |
+-----------------+-----------------+-----------------+-----------------+-----------------+-----------------+-------+
+performance on testing set---------+-----------------+-----------------+-----------------+-----------------+-------+
| Rank@1,mIoU@0.3 | Rank@1,mIoU@0.5 | Rank@1,mIoU@0.7 | Rank@5,mIoU@0.3 | Rank@5,mIoU@0.5 | Rank@5,mIoU@0.7 | mIoU  |
+-----------------+-----------------+-----------------+-----------------+-----------------+-----------------+-------+
|      53.80      |      37.40      |      21.11      |      77.20      |      63.07      |      45.24      | 38.06 |
+-----------------+-----------------+-----------------+-----------------+-----------------+-----------------+-------+

