2021-12-02 12:53:13,917 
Namespace(cfg='experiments/activitynet/2D-TAN-64x64-K9L4-pool.yaml', dataDir=None, gpus=None, logDir=None, modelDir=None, tag=None, verbose=True, workers=None)
2021-12-02 12:53:13,918 
{'CUDNN': {'BENCHMARK': True, 'DETERMINISTIC': False, 'ENABLED': True},
 'DATASET': {'BIAS': 0,
             'DOWNSAMPLING_STRIDE': 16,
             'MODALITY': '',
             'NAME': 'ActivityNet',
             'NORMALIZE': True,
             'NO_VAL': False,
             'NUM_SAMPLE_CLIPS': 256,
             'RANDOM_SAMPLING': False,
             'ROOT': '',
             'SPLIT': '',
             'TARGET_STRIDE': 4,
             'VIS_INPUT_TYPE': 'c3d'},
 'DATA_DIR': './data/ActivityNet',
 'LOG_DIR': './log',
 'LOSS': {'NAME': 'bce_rescale_loss',
          'PARAMS': {'BIAS': 0.0, 'MAX_IOU': 1.0, 'MIN_IOU': 0.5}},
 'MODEL': {'CHECKPOINT': './checkpoints/ActivityNet/iter005845-0.5945-0.8744.pkl',
           'NAME': 'TAN'},
 'MODEL_DIR': './checkpoints',
 'RESULT_DIR': './results',
 'TAG': '',
 'TAN': {'FRAME_MODULE': {'NAME': 'FrameAvgPool',
                          'PARAMS': {'HIDDEN_SIZE': 512,
                                     'INPUT_SIZE': 500,
                                     'KERNEL_SIZE': 4,
                                     'STRIDE': 4}},
         'FUSION_MODULE': {'NAME': 'BaseFusion',
                           'PARAMS': {'HIDDEN_SIZE': 512,
                                      'LSTM': {'BIDIRECTIONAL': False,
                                               'NUM_LAYERS': 3},
                                      'TXT_HIDDEN_SIZE': 512,
                                      'TXT_INPUT_SIZE': 300}},
         'MAP_MODULE': {'NAME': 'MapConv',
                        'PARAMS': {'DILATIONS': [1, 1, 1, 1],
                                   'HIDDEN_SIZES': [512, 512, 512, 512],
                                   'INPUT_SIZE': 512,
                                   'KERNEL_SIZES': [9, 9, 9, 9],
                                   'PADDINGS': [4, 4, 4, 4],
                                   'STRIDES': [1, 1, 1, 1]}},
         'PRED_INPUT_SIZE': 512,
         'PROP_MODULE': {'NAME': 'SparsePropMaxPool',
                         'PARAMS': {'NUM_SCALE_LAYERS': [16, 8, 8]}}},
 'TEST': {'BATCH_SIZE': 32,
          'EVAL_TRAIN': False,
          'INTERVAL': 1,
          'NMS_THRESH': 0.5,
          'RECALL': '1,5',
          'TIOU': '0.3,0.5,0.7',
          'TOP_K': 10},
 'TRAIN': {'BATCH_SIZE': 32,
           'CONTINUE': False,
           'FACTOR': 0.8,
           'LR': 0.0001,
           'MAX_EPOCH': 100,
           'PATIENCE': 20,
           'SHUFFLE': True,
           'WEIGHT_DECAY': 0.0},
 'VERBOSE': True,
 'WORKERS': 16}
2021-12-02 13:19:39,674 
iter: 1169 train loss 0.0940 val loss 0.0764 test loss 0.0795
+performance on validation set------+-----------------+-----------------+-----------------+-----------------+-------+
| Rank@1,mIoU@0.3 | Rank@1,mIoU@0.5 | Rank@1,mIoU@0.7 | Rank@5,mIoU@0.3 | Rank@5,mIoU@0.5 | Rank@5,mIoU@0.7 | mIoU  |
+-----------------+-----------------+-----------------+-----------------+-----------------+-----------------+-------+
|      45.89      |      26.67      |      14.59      |      77.28      |      64.87      |      49.08      | 34.18 |
+-----------------+-----------------+-----------------+-----------------+-----------------+-----------------+-------+
+performance on testing set---------+-----------------+-----------------+-----------------+-----------------+-------+
| Rank@1,mIoU@0.3 | Rank@1,mIoU@0.5 | Rank@1,mIoU@0.7 | Rank@5,mIoU@0.3 | Rank@5,mIoU@0.5 | Rank@5,mIoU@0.7 | mIoU  |
+-----------------+-----------------+-----------------+-----------------+-----------------+-----------------+-------+
|      51.62      |      27.71      |      14.26      |      84.99      |      73.78      |      56.78      | 36.70 |
+-----------------+-----------------+-----------------+-----------------+-----------------+-----------------+-------+

2021-12-02 13:46:05,260 
iter: 2338 train loss 0.0744 val loss 0.0727 test loss 0.0773
+performance on validation set------+-----------------+-----------------+-----------------+-----------------+-------+
| Rank@1,mIoU@0.3 | Rank@1,mIoU@0.5 | Rank@1,mIoU@0.7 | Rank@5,mIoU@0.3 | Rank@5,mIoU@0.5 | Rank@5,mIoU@0.7 | mIoU  |
+-----------------+-----------------+-----------------+-----------------+-----------------+-----------------+-------+
|      52.41      |      35.40      |      20.46      |      78.53      |      68.32      |      53.78      | 37.36 |
+-----------------+-----------------+-----------------+-----------------+-----------------+-----------------+-------+
+performance on testing set---------+-----------------+-----------------+-----------------+-----------------+-------+
| Rank@1,mIoU@0.3 | Rank@1,mIoU@0.5 | Rank@1,mIoU@0.7 | Rank@5,mIoU@0.3 | Rank@5,mIoU@0.5 | Rank@5,mIoU@0.7 | mIoU  |
+-----------------+-----------------+-----------------+-----------------+-----------------+-----------------+-------+
|      57.01      |      36.03      |      19.27      |      85.09      |      76.16      |      60.28      | 38.94 |
+-----------------+-----------------+-----------------+-----------------+-----------------+-----------------+-------+

2021-12-02 14:12:30,333 
iter: 3507 train loss 0.0725 val loss 0.0721 test loss 0.0766
+performance on validation set------+-----------------+-----------------+-----------------+-----------------+-------+
| Rank@1,mIoU@0.3 | Rank@1,mIoU@0.5 | Rank@1,mIoU@0.7 | Rank@5,mIoU@0.3 | Rank@5,mIoU@0.5 | Rank@5,mIoU@0.7 | mIoU  |
+-----------------+-----------------+-----------------+-----------------+-----------------+-----------------+-------+
|      55.21      |      39.36      |      22.98      |      78.73      |      68.69      |      54.33      | 39.06 |
+-----------------+-----------------+-----------------+-----------------+-----------------+-----------------+-------+
+performance on testing set---------+-----------------+-----------------+-----------------+-----------------+-------+
| Rank@1,mIoU@0.3 | Rank@1,mIoU@0.5 | Rank@1,mIoU@0.7 | Rank@5,mIoU@0.3 | Rank@5,mIoU@0.5 | Rank@5,mIoU@0.7 | mIoU  |
+-----------------+-----------------+-----------------+-----------------+-----------------+-----------------+-------+
|      59.90      |      43.09      |      24.79      |      84.90      |      76.31      |      60.30      | 42.12 |
+-----------------+-----------------+-----------------+-----------------+-----------------+-----------------+-------+

2021-12-02 14:38:51,746 
iter: 4676 train loss 0.0713 val loss 0.0716 test loss 0.0761
+performance on validation set------+-----------------+-----------------+-----------------+-----------------+-------+
| Rank@1,mIoU@0.3 | Rank@1,mIoU@0.5 | Rank@1,mIoU@0.7 | Rank@5,mIoU@0.3 | Rank@5,mIoU@0.5 | Rank@5,mIoU@0.7 | mIoU  |
+-----------------+-----------------+-----------------+-----------------+-----------------+-----------------+-------+
|      55.13      |      40.08      |      24.11      |      78.77      |      68.99      |      54.69      | 39.47 |
+-----------------+-----------------+-----------------+-----------------+-----------------+-----------------+-------+
+performance on testing set---------+-----------------+-----------------+-----------------+-----------------+-------+
| Rank@1,mIoU@0.3 | Rank@1,mIoU@0.5 | Rank@1,mIoU@0.7 | Rank@5,mIoU@0.3 | Rank@5,mIoU@0.5 | Rank@5,mIoU@0.7 | mIoU  |
+-----------------+-----------------+-----------------+-----------------+-----------------+-----------------+-------+
|      58.75      |      43.23      |      25.04      |      84.73      |      76.61      |      61.04      | 41.84 |
+-----------------+-----------------+-----------------+-----------------+-----------------+-----------------+-------+

2021-12-02 15:05:16,172 
iter: 5845 train loss 0.0702 val loss 0.0714 test loss 0.0762
+performance on validation set------+-----------------+-----------------+-----------------+-----------------+-------+
| Rank@1,mIoU@0.3 | Rank@1,mIoU@0.5 | Rank@1,mIoU@0.7 | Rank@5,mIoU@0.3 | Rank@5,mIoU@0.5 | Rank@5,mIoU@0.7 | mIoU  |
+-----------------+-----------------+-----------------+-----------------+-----------------+-----------------+-------+
|      55.03      |      41.01      |      24.90      |      79.29      |      69.68      |      54.77      | 39.79 |
+-----------------+-----------------+-----------------+-----------------+-----------------+-----------------+-------+
+performance on testing set---------+-----------------+-----------------+-----------------+-----------------+-------+
| Rank@1,mIoU@0.3 | Rank@1,mIoU@0.5 | Rank@1,mIoU@0.7 | Rank@5,mIoU@0.3 | Rank@5,mIoU@0.5 | Rank@5,mIoU@0.7 | mIoU  |
+-----------------+-----------------+-----------------+-----------------+-----------------+-----------------+-------+
|      58.30      |      43.91      |      26.77      |      84.82      |      76.47      |      60.37      | 42.32 |
+-----------------+-----------------+-----------------+-----------------+-----------------+-----------------+-------+

2021-12-02 15:31:38,297 
iter: 7014 train loss 0.0690 val loss 0.0719 test loss 0.0765
+performance on validation set------+-----------------+-----------------+-----------------+-----------------+-------+
| Rank@1,mIoU@0.3 | Rank@1,mIoU@0.5 | Rank@1,mIoU@0.7 | Rank@5,mIoU@0.3 | Rank@5,mIoU@0.5 | Rank@5,mIoU@0.7 | mIoU  |
+-----------------+-----------------+-----------------+-----------------+-----------------+-----------------+-------+
|      55.70      |      40.90      |      24.20      |      79.35      |      69.69      |      54.86      | 40.40 |
+-----------------+-----------------+-----------------+-----------------+-----------------+-----------------+-------+
+performance on testing set---------+-----------------+-----------------+-----------------+-----------------+-------+
| Rank@1,mIoU@0.3 | Rank@1,mIoU@0.5 | Rank@1,mIoU@0.7 | Rank@5,mIoU@0.3 | Rank@5,mIoU@0.5 | Rank@5,mIoU@0.7 | mIoU  |
+-----------------+-----------------+-----------------+-----------------+-----------------+-----------------+-------+
|      60.63      |      44.33      |      26.43      |      85.23      |      76.40      |      60.83      | 43.54 |
+-----------------+-----------------+-----------------+-----------------+-----------------+-----------------+-------+

2021-12-02 15:58:03,831 
iter: 8183 train loss 0.0674 val loss 0.0725 test loss 0.0767
+performance on validation set------+-----------------+-----------------+-----------------+-----------------+-------+
| Rank@1,mIoU@0.3 | Rank@1,mIoU@0.5 | Rank@1,mIoU@0.7 | Rank@5,mIoU@0.3 | Rank@5,mIoU@0.5 | Rank@5,mIoU@0.7 | mIoU  |
+-----------------+-----------------+-----------------+-----------------+-----------------+-----------------+-------+
|      54.90      |      39.74      |      24.22      |      80.12      |      69.68      |      54.32      | 39.73 |
+-----------------+-----------------+-----------------+-----------------+-----------------+-----------------+-------+
+performance on testing set---------+-----------------+-----------------+-----------------+-----------------+-------+
| Rank@1,mIoU@0.3 | Rank@1,mIoU@0.5 | Rank@1,mIoU@0.7 | Rank@5,mIoU@0.3 | Rank@5,mIoU@0.5 | Rank@5,mIoU@0.7 | mIoU  |
+-----------------+-----------------+-----------------+-----------------+-----------------+-----------------+-------+
|      58.62      |      42.50      |      25.48      |      85.74      |      76.60      |      59.60      | 42.24 |
+-----------------+-----------------+-----------------+-----------------+-----------------+-----------------+-------+

2021-12-02 16:24:29,304 
iter: 9352 train loss 0.0658 val loss 0.0732 test loss 0.0786
+performance on validation set------+-----------------+-----------------+-----------------+-----------------+-------+
| Rank@1,mIoU@0.3 | Rank@1,mIoU@0.5 | Rank@1,mIoU@0.7 | Rank@5,mIoU@0.3 | Rank@5,mIoU@0.5 | Rank@5,mIoU@0.7 | mIoU  |
+-----------------+-----------------+-----------------+-----------------+-----------------+-----------------+-------+
|      54.82      |      40.23      |      24.58      |      79.15      |      69.19      |      53.54      | 39.52 |
+-----------------+-----------------+-----------------+-----------------+-----------------+-----------------+-------+
+performance on testing set---------+-----------------+-----------------+-----------------+-----------------+-------+
| Rank@1,mIoU@0.3 | Rank@1,mIoU@0.5 | Rank@1,mIoU@0.7 | Rank@5,mIoU@0.3 | Rank@5,mIoU@0.5 | Rank@5,mIoU@0.7 | mIoU  |
+-----------------+-----------------+-----------------+-----------------+-----------------+-----------------+-------+
|      57.59      |      42.28      |      25.49      |      84.68      |      75.23      |      57.87      | 41.53 |
+-----------------+-----------------+-----------------+-----------------+-----------------+-----------------+-------+

