2021-11-30 18:01:21,464 
Namespace(cfg='experiments/charades/2D-TAN-16x16-K5L8-pool.yaml', dataDir=None, gpus=None, logDir=None, modelDir=None, tag=None, verbose=True, workers=None)
2021-11-30 18:01:21,465 
{'CUDNN': {'BENCHMARK': True, 'DETERMINISTIC': False, 'ENABLED': True},
 'DATASET': {'BIAS': 0,
             'DOWNSAMPLING_STRIDE': 16,
             'MODALITY': '',
             'NAME': 'Charades',
             'NORMALIZE': True,
             'NO_VAL': True,
             'NUM_SAMPLE_CLIPS': 256,
             'RANDOM_SAMPLING': False,
             'ROOT': '',
             'SPLIT': '',
             'TARGET_STRIDE': 16,
             'VIS_INPUT_TYPE': 'vgg_rgb'},
 'DATA_DIR': './data/Charades-STA',
 'LOG_DIR': './log',
 'LOSS': {'NAME': 'bce_rescale_loss',
          'PARAMS': {'BIAS': 0.0, 'MAX_IOU': 1.0, 'MIN_IOU': 0.5}},
 'MODEL': {'CHECKPOINT': './checkpoints/Charades/iter004257-0.4094-0.8384.pkl',
           'NAME': 'TAN'},
 'MODEL_DIR': './checkpoints',
 'RESULT_DIR': './results',
 'TAG': '',
 'TAN': {'FRAME_MODULE': {'NAME': 'FrameAvgPool',
                          'PARAMS': {'HIDDEN_SIZE': 512,
                                     'INPUT_SIZE': 4096,
                                     'KERNEL_SIZE': 16,
                                     'STRIDE': 16}},
         'FUSION_MODULE': {'NAME': 'BaseFusion',
                           'PARAMS': {'HIDDEN_SIZE': 512,
                                      'LSTM': {'BIDIRECTIONAL': False,
                                               'NUM_LAYERS': 3},
                                      'TXT_HIDDEN_SIZE': 512,
                                      'TXT_INPUT_SIZE': 300}},
         'MAP_MODULE': {'NAME': 'MapConv',
                        'PARAMS': {'DILATIONS': [1, 1, 1, 1, 1, 1, 1, 1],
                                   'HIDDEN_SIZES': [512,
                                                    512,
                                                    512,
                                                    512,
                                                    512,
                                                    512,
                                                    512,
                                                    512],
                                   'INPUT_SIZE': 512,
                                   'KERNEL_SIZES': [5, 5, 5, 5, 5, 5, 5, 5],
                                   'PADDINGS': [16, 0, 0, 0, 0, 0, 0, 0],
                                   'STRIDES': [1, 1, 1, 1, 1, 1, 1, 1]}},
         'PRED_INPUT_SIZE': 512,
         'PROP_MODULE': {'NAME': 'SparsePropMaxPool',
                         'PARAMS': {'NUM_SCALE_LAYERS': [16]}}},
 'TEST': {'BATCH_SIZE': 32,
          'EVAL_TRAIN': False,
          'INTERVAL': 1,
          'NMS_THRESH': 0.45,
          'RECALL': '1,5',
          'TIOU': '0.5,0.7',
          'TOP_K': 10},
 'TRAIN': {'BATCH_SIZE': 32,
           'CONTINUE': False,
           'FACTOR': 0.8,
           'LR': 0.0001,
           'MAX_EPOCH': 100,
           'PATIENCE': 20,
           'SHUFFLE': True,
           'WEIGHT_DECAY': 0.0},
 'VERBOSE': True,
 'WORKERS': 16}
2021-11-30 18:04:11,801 
iter: 387 train loss 0.2618 test loss 0.1418
+performance on testing set---------+-----------------+-----------------+-------+
| Rank@1,mIoU@0.5 | Rank@1,mIoU@0.7 | Rank@5,mIoU@0.5 | Rank@5,mIoU@0.7 | mIoU  |
+-----------------+-----------------+-----------------+-----------------+-------+
|      29.65      |      16.32      |      80.40      |      44.81      | 30.05 |
+-----------------+-----------------+-----------------+-----------------+-------+

2021-11-30 18:06:53,662 
iter: 774 train loss 0.1398 test loss 0.1385
+performance on testing set---------+-----------------+-----------------+-------+
| Rank@1,mIoU@0.5 | Rank@1,mIoU@0.7 | Rank@5,mIoU@0.5 | Rank@5,mIoU@0.7 | mIoU  |
+-----------------+-----------------+-----------------+-----------------+-------+
|      34.25      |      19.76      |      81.61      |      46.32      | 32.90 |
+-----------------+-----------------+-----------------+-----------------+-------+

2021-11-30 18:09:33,990 
iter: 1161 train loss 0.1370 test loss 0.1372
+performance on testing set---------+-----------------+-----------------+-------+
| Rank@1,mIoU@0.5 | Rank@1,mIoU@0.7 | Rank@5,mIoU@0.5 | Rank@5,mIoU@0.7 | mIoU  |
+-----------------+-----------------+-----------------+-----------------+-------+
|      38.76      |      21.91      |      82.28      |      48.39      | 35.86 |
+-----------------+-----------------+-----------------+-----------------+-------+

2021-11-30 18:12:14,005 
iter: 1548 train loss 0.1362 test loss 0.1366
+performance on testing set---------+-----------------+-----------------+-------+
| Rank@1,mIoU@0.5 | Rank@1,mIoU@0.7 | Rank@5,mIoU@0.5 | Rank@5,mIoU@0.7 | mIoU  |
+-----------------+-----------------+-----------------+-----------------+-------+
|      39.62      |      23.06      |      83.25      |      48.52      | 35.89 |
+-----------------+-----------------+-----------------+-----------------+-------+

2021-11-30 18:14:54,778 
iter: 1935 train loss 0.1349 test loss 0.1366
+performance on testing set---------+-----------------+-----------------+-------+
| Rank@1,mIoU@0.5 | Rank@1,mIoU@0.7 | Rank@5,mIoU@0.5 | Rank@5,mIoU@0.7 | mIoU  |
+-----------------+-----------------+-----------------+-----------------+-------+
|      40.11      |      23.15      |      83.15      |      48.95      | 36.00 |
+-----------------+-----------------+-----------------+-----------------+-------+

2021-11-30 18:17:35,373 
iter: 2322 train loss 0.1340 test loss 0.1366
+performance on testing set---------+-----------------+-----------------+-------+
| Rank@1,mIoU@0.5 | Rank@1,mIoU@0.7 | Rank@5,mIoU@0.5 | Rank@5,mIoU@0.7 | mIoU  |
+-----------------+-----------------+-----------------+-----------------+-------+
|      39.27      |      22.98      |      82.69      |      48.39      | 36.14 |
+-----------------+-----------------+-----------------+-----------------+-------+

2021-11-30 18:20:15,811 
iter: 2709 train loss 0.1328 test loss 0.1374
+performance on testing set---------+-----------------+-----------------+-------+
| Rank@1,mIoU@0.5 | Rank@1,mIoU@0.7 | Rank@5,mIoU@0.5 | Rank@5,mIoU@0.7 | mIoU  |
+-----------------+-----------------+-----------------+-----------------+-------+
|      38.87      |      22.85      |      82.63      |      49.19      | 35.08 |
+-----------------+-----------------+-----------------+-----------------+-------+

2021-11-30 18:22:55,588 
iter: 3096 train loss 0.1318 test loss 0.1377
+performance on testing set---------+-----------------+-----------------+-------+
| Rank@1,mIoU@0.5 | Rank@1,mIoU@0.7 | Rank@5,mIoU@0.5 | Rank@5,mIoU@0.7 | mIoU  |
+-----------------+-----------------+-----------------+-----------------+-------+
|      39.22      |      23.12      |      81.91      |      49.35      | 35.55 |
+-----------------+-----------------+-----------------+-----------------+-------+

2021-11-30 18:25:35,246 
iter: 3483 train loss 0.1296 test loss 0.1373
+performance on testing set---------+-----------------+-----------------+-------+
| Rank@1,mIoU@0.5 | Rank@1,mIoU@0.7 | Rank@5,mIoU@0.5 | Rank@5,mIoU@0.7 | mIoU  |
+-----------------+-----------------+-----------------+-----------------+-------+
|      39.54      |      22.58      |      83.44      |      50.03      | 35.35 |
+-----------------+-----------------+-----------------+-----------------+-------+

2021-11-30 18:28:14,929 
iter: 3870 train loss 0.1283 test loss 0.1409
+performance on testing set---------+-----------------+-----------------+-------+
| Rank@1,mIoU@0.5 | Rank@1,mIoU@0.7 | Rank@5,mIoU@0.5 | Rank@5,mIoU@0.7 | mIoU  |
+-----------------+-----------------+-----------------+-----------------+-------+
|      38.84      |      21.99      |      82.47      |      49.01      | 36.38 |
+-----------------+-----------------+-----------------+-----------------+-------+

2021-11-30 18:30:53,917 
iter: 4257 train loss 0.1262 test loss 0.1412
+performance on testing set---------+-----------------+-----------------+-------+
| Rank@1,mIoU@0.5 | Rank@1,mIoU@0.7 | Rank@5,mIoU@0.5 | Rank@5,mIoU@0.7 | mIoU  |
+-----------------+-----------------+-----------------+-----------------+-------+
|      39.11      |      22.02      |      83.17      |      48.36      | 35.72 |
+-----------------+-----------------+-----------------+-----------------+-------+

2021-11-30 18:33:34,415 
iter: 4644 train loss 0.1242 test loss 0.1423
+performance on testing set---------+-----------------+-----------------+-------+
| Rank@1,mIoU@0.5 | Rank@1,mIoU@0.7 | Rank@5,mIoU@0.5 | Rank@5,mIoU@0.7 | mIoU  |
+-----------------+-----------------+-----------------+-----------------+-------+
|      39.22      |      21.64      |      80.62      |      47.77      | 36.42 |
+-----------------+-----------------+-----------------+-----------------+-------+

2021-11-30 18:36:15,531 
iter: 5031 train loss 0.1219 test loss 0.1443
+performance on testing set---------+-----------------+-----------------+-------+
| Rank@1,mIoU@0.5 | Rank@1,mIoU@0.7 | Rank@5,mIoU@0.5 | Rank@5,mIoU@0.7 | mIoU  |
+-----------------+-----------------+-----------------+-----------------+-------+
|      39.65      |      22.37      |      81.53      |      49.06      | 36.55 |
+-----------------+-----------------+-----------------+-----------------+-------+

2021-11-30 18:38:55,986 
iter: 5418 train loss 0.1193 test loss 0.1494
+performance on testing set---------+-----------------+-----------------+-------+
| Rank@1,mIoU@0.5 | Rank@1,mIoU@0.7 | Rank@5,mIoU@0.5 | Rank@5,mIoU@0.7 | mIoU  |
+-----------------+-----------------+-----------------+-----------------+-------+
|      38.36      |      21.69      |      81.18      |      48.44      | 35.19 |
+-----------------+-----------------+-----------------+-----------------+-------+

2021-11-30 18:41:35,962 
iter: 5805 train loss 0.1158 test loss 0.1473
+performance on testing set---------+-----------------+-----------------+-------+
| Rank@1,mIoU@0.5 | Rank@1,mIoU@0.7 | Rank@5,mIoU@0.5 | Rank@5,mIoU@0.7 | mIoU  |
+-----------------+-----------------+-----------------+-----------------+-------+
|      40.11      |      19.89      |      82.77      |      47.47      | 37.46 |
+-----------------+-----------------+-----------------+-----------------+-------+

2021-11-30 18:44:15,685 
iter: 6192 train loss 0.1124 test loss 0.1490
+performance on testing set---------+-----------------+-----------------+-------+
| Rank@1,mIoU@0.5 | Rank@1,mIoU@0.7 | Rank@5,mIoU@0.5 | Rank@5,mIoU@0.7 | mIoU  |
+-----------------+-----------------+-----------------+-----------------+-------+
|      40.16      |      21.08      |      82.34      |      47.90      | 37.19 |
+-----------------+-----------------+-----------------+-----------------+-------+

2021-11-30 18:46:55,502 
iter: 6579 train loss 0.1089 test loss 0.1682
+performance on testing set---------+-----------------+-----------------+-------+
| Rank@1,mIoU@0.5 | Rank@1,mIoU@0.7 | Rank@5,mIoU@0.5 | Rank@5,mIoU@0.7 | mIoU  |
+-----------------+-----------------+-----------------+-----------------+-------+
|      39.11      |      21.08      |      79.46      |      47.98      | 36.56 |
+-----------------+-----------------+-----------------+-----------------+-------+

2021-11-30 18:49:35,616 
iter: 6966 train loss 0.1047 test loss 0.1551
+performance on testing set---------+-----------------+-----------------+-------+
| Rank@1,mIoU@0.5 | Rank@1,mIoU@0.7 | Rank@5,mIoU@0.5 | Rank@5,mIoU@0.7 | mIoU  |
+-----------------+-----------------+-----------------+-----------------+-------+
|      39.62      |      21.02      |      82.20      |      47.90      | 37.33 |
+-----------------+-----------------+-----------------+-----------------+-------+

2021-11-30 18:52:16,120 
iter: 7353 train loss 0.1018 test loss 0.1742
+performance on testing set---------+-----------------+-----------------+-------+
| Rank@1,mIoU@0.5 | Rank@1,mIoU@0.7 | Rank@5,mIoU@0.5 | Rank@5,mIoU@0.7 | mIoU  |
+-----------------+-----------------+-----------------+-----------------+-------+
|      40.08      |      21.13      |      78.15      |      46.67      | 37.57 |
+-----------------+-----------------+-----------------+-----------------+-------+

