2021-11-30 16:23:35,220 
Namespace(cfg='experiments/charades/2D-TAN-16x16-K5L8-pool.yaml', dataDir=None, gpus=None, logDir=None, modelDir=None, tag=None, verbose=True, workers=None)
2021-11-30 16:23:35,221 
{'CUDNN': {'BENCHMARK': True, 'DETERMINISTIC': False, 'ENABLED': True},
 'DATASET': {'BIAS': 0,
             'DOWNSAMPLING_STRIDE': 16,
             'MODALITY': '',
             'NAME': 'Charades',
             'NORMALIZE': True,
             'NO_VAL': True,
             'NUM_SAMPLE_CLIPS': 256,
             'RANDOM_SAMPLING': False,
             'ROOT': '',
             'SPLIT': '',
             'TARGET_STRIDE': 16,
             'VIS_INPUT_TYPE': 'vgg_rgb'},
 'DATA_DIR': './data/Charades-STA',
 'LOG_DIR': './log',
 'LOSS': {'NAME': 'bce_rescale_loss',
          'PARAMS': {'BIAS': 0.0, 'MAX_IOU': 1.0, 'MIN_IOU': 0.5}},
 'MODEL': {'CHECKPOINT': './checkpoints/Charades/iter004257-0.4094-0.8384.pkl',
           'NAME': 'TAN'},
 'MODEL_DIR': './checkpoints',
 'RESULT_DIR': './results',
 'TAG': '',
 'TAN': {'FRAME_MODULE': {'NAME': 'FrameAvgPool',
                          'PARAMS': {'HIDDEN_SIZE': 512,
                                     'INPUT_SIZE': 4096,
                                     'KERNEL_SIZE': 16,
                                     'STRIDE': 16}},
         'FUSION_MODULE': {'NAME': 'BaseFusion',
                           'PARAMS': {'HIDDEN_SIZE': 512,
                                      'LSTM': {'BIDIRECTIONAL': False,
                                               'NUM_LAYERS': 3},
                                      'TXT_HIDDEN_SIZE': 512,
                                      'TXT_INPUT_SIZE': 300}},
         'MAP_MODULE': {'NAME': 'MapConv',
                        'PARAMS': {'DILATIONS': [1, 1, 1, 1, 1, 1, 1, 1],
                                   'HIDDEN_SIZES': [512,
                                                    512,
                                                    512,
                                                    512,
                                                    512,
                                                    512,
                                                    512,
                                                    512],
                                   'INPUT_SIZE': 512,
                                   'KERNEL_SIZES': [5, 5, 5, 5, 5, 5, 5, 5],
                                   'PADDINGS': [16, 0, 0, 0, 0, 0, 0, 0],
                                   'STRIDES': [1, 1, 1, 1, 1, 1, 1, 1]}},
         'PRED_INPUT_SIZE': 512,
         'PROP_MODULE': {'NAME': 'SparsePropMaxPool',
                         'PARAMS': {'NUM_SCALE_LAYERS': [16]}}},
 'TEST': {'BATCH_SIZE': 32,
          'EVAL_TRAIN': True,
          'INTERVAL': 1,
          'NMS_THRESH': 0.45,
          'RECALL': '1,5',
          'TIOU': '0.5,0.7',
          'TOP_K': 10},
 'TRAIN': {'BATCH_SIZE': 32,
           'CONTINUE': False,
           'FACTOR': 0.8,
           'LR': 0.0001,
           'MAX_EPOCH': 100,
           'PATIENCE': 20,
           'SHUFFLE': True,
           'WEIGHT_DECAY': 0.0},
 'VERBOSE': True,
 'WORKERS': 16}
2021-11-30 16:30:31,426 
iter: 387 train loss 0.2618 test loss 0.1418
+performance on training set--------+-----------------+-----------------+-------+
| Rank@1,mIoU@0.5 | Rank@1,mIoU@0.7 | Rank@5,mIoU@0.5 | Rank@5,mIoU@0.7 | mIoU  |
+-----------------+-----------------+-----------------+-----------------+-------+
|      27.93      |      14.50      |      79.98      |      42.85      | 27.66 |
+-----------------+-----------------+-----------------+-----------------+-------+
+performance on testing set---------+-----------------+-----------------+-------+
| Rank@1,mIoU@0.5 | Rank@1,mIoU@0.7 | Rank@5,mIoU@0.5 | Rank@5,mIoU@0.7 | mIoU  |
+-----------------+-----------------+-----------------+-----------------+-------+
|      30.32      |      16.69      |      80.86      |      45.16      | 30.00 |
+-----------------+-----------------+-----------------+-----------------+-------+

2021-11-30 16:34:46,089 
iter: 774 train loss 0.1401 test loss 0.1383
+performance on training set--------+-----------------+-----------------+-------+
| Rank@1,mIoU@0.5 | Rank@1,mIoU@0.7 | Rank@5,mIoU@0.5 | Rank@5,mIoU@0.7 | mIoU  |
+-----------------+-----------------+-----------------+-----------------+-------+
|      35.33      |      19.41      |      81.14      |      46.15      | 33.42 |
+-----------------+-----------------+-----------------+-----------------+-------+
+performance on testing set---------+-----------------+-----------------+-------+
| Rank@1,mIoU@0.5 | Rank@1,mIoU@0.7 | Rank@5,mIoU@0.5 | Rank@5,mIoU@0.7 | mIoU  |
+-----------------+-----------------+-----------------+-----------------+-------+
|      35.67      |      20.51      |      81.48      |      47.26      | 33.50 |
+-----------------+-----------------+-----------------+-----------------+-------+

2021-11-30 16:38:59,166 
iter: 1161 train loss 0.1371 test loss 0.1371
+performance on training set--------+-----------------+-----------------+-------+
| Rank@1,mIoU@0.5 | Rank@1,mIoU@0.7 | Rank@5,mIoU@0.5 | Rank@5,mIoU@0.7 | mIoU  |
+-----------------+-----------------+-----------------+-----------------+-------+
|      37.12      |      20.53      |      82.59      |      47.13      | 34.65 |
+-----------------+-----------------+-----------------+-----------------+-------+
+performance on testing set---------+-----------------+-----------------+-------+
| Rank@1,mIoU@0.5 | Rank@1,mIoU@0.7 | Rank@5,mIoU@0.5 | Rank@5,mIoU@0.7 | mIoU  |
+-----------------+-----------------+-----------------+-----------------+-------+
|      38.36      |      22.04      |      83.12      |      47.80      | 35.38 |
+-----------------+-----------------+-----------------+-----------------+-------+

2021-11-30 16:43:11,841 
iter: 1548 train loss 0.1360 test loss 0.1372
+performance on training set--------+-----------------+-----------------+-------+
| Rank@1,mIoU@0.5 | Rank@1,mIoU@0.7 | Rank@5,mIoU@0.5 | Rank@5,mIoU@0.7 | mIoU  |
+-----------------+-----------------+-----------------+-----------------+-------+
|      38.46      |      21.12      |      82.55      |      48.33      | 35.40 |
+-----------------+-----------------+-----------------+-----------------+-------+
+performance on testing set---------+-----------------+-----------------+-------+
| Rank@1,mIoU@0.5 | Rank@1,mIoU@0.7 | Rank@5,mIoU@0.5 | Rank@5,mIoU@0.7 | mIoU  |
+-----------------+-----------------+-----------------+-----------------+-------+
|      39.41      |      22.58      |      82.26      |      48.49      | 35.97 |
+-----------------+-----------------+-----------------+-----------------+-------+

2021-11-30 16:47:25,431 
iter: 1935 train loss 0.1355 test loss 0.1374
+performance on training set--------+-----------------+-----------------+-------+
| Rank@1,mIoU@0.5 | Rank@1,mIoU@0.7 | Rank@5,mIoU@0.5 | Rank@5,mIoU@0.7 | mIoU  |
+-----------------+-----------------+-----------------+-----------------+-------+
|      37.95      |      21.73      |      83.52      |      50.55      | 34.95 |
+-----------------+-----------------+-----------------+-----------------+-------+
+performance on testing set---------+-----------------+-----------------+-------+
| Rank@1,mIoU@0.5 | Rank@1,mIoU@0.7 | Rank@5,mIoU@0.5 | Rank@5,mIoU@0.7 | mIoU  |
+-----------------+-----------------+-----------------+-----------------+-------+
|      38.68      |      22.88      |      82.82      |      49.35      | 35.10 |
+-----------------+-----------------+-----------------+-----------------+-------+

2021-11-30 16:51:45,995 
iter: 2322 train loss 0.1342 test loss 0.1367
+performance on training set--------+-----------------+-----------------+-------+
| Rank@1,mIoU@0.5 | Rank@1,mIoU@0.7 | Rank@5,mIoU@0.5 | Rank@5,mIoU@0.7 | mIoU  |
+-----------------+-----------------+-----------------+-----------------+-------+
|      39.58      |      22.90      |      85.47      |      50.40      | 36.19 |
+-----------------+-----------------+-----------------+-----------------+-------+
+performance on testing set---------+-----------------+-----------------+-------+
| Rank@1,mIoU@0.5 | Rank@1,mIoU@0.7 | Rank@5,mIoU@0.5 | Rank@5,mIoU@0.7 | mIoU  |
+-----------------+-----------------+-----------------+-----------------+-------+
|      39.38      |      23.52      |      83.68      |      49.14      | 35.83 |
+-----------------+-----------------+-----------------+-----------------+-------+

2021-11-30 16:56:09,653 
iter: 2709 train loss 0.1329 test loss 0.1369
+performance on training set--------+-----------------+-----------------+-------+
| Rank@1,mIoU@0.5 | Rank@1,mIoU@0.7 | Rank@5,mIoU@0.5 | Rank@5,mIoU@0.7 | mIoU  |
+-----------------+-----------------+-----------------+-----------------+-------+
|      40.08      |      22.73      |      85.79      |      51.77      | 36.10 |
+-----------------+-----------------+-----------------+-----------------+-------+
+performance on testing set---------+-----------------+-----------------+-------+
| Rank@1,mIoU@0.5 | Rank@1,mIoU@0.7 | Rank@5,mIoU@0.5 | Rank@5,mIoU@0.7 | mIoU  |
+-----------------+-----------------+-----------------+-----------------+-------+
|      39.38      |      23.36      |      83.68      |      50.11      | 35.55 |
+-----------------+-----------------+-----------------+-----------------+-------+

2021-11-30 17:00:25,447 
iter: 3096 train loss 0.1317 test loss 0.1390
+performance on training set--------+-----------------+-----------------+-------+
| Rank@1,mIoU@0.5 | Rank@1,mIoU@0.7 | Rank@5,mIoU@0.5 | Rank@5,mIoU@0.7 | mIoU  |
+-----------------+-----------------+-----------------+-----------------+-------+
|      40.65      |      22.78      |      86.18      |      53.05      | 36.43 |
+-----------------+-----------------+-----------------+-----------------+-------+
+performance on testing set---------+-----------------+-----------------+-------+
| Rank@1,mIoU@0.5 | Rank@1,mIoU@0.7 | Rank@5,mIoU@0.5 | Rank@5,mIoU@0.7 | mIoU  |
+-----------------+-----------------+-----------------+-----------------+-------+
|      39.35      |      22.37      |      84.49      |      49.65      | 35.04 |
+-----------------+-----------------+-----------------+-----------------+-------+

2021-11-30 17:04:40,720 
iter: 3483 train loss 0.1296 test loss 0.1374
+performance on training set--------+-----------------+-----------------+-------+
| Rank@1,mIoU@0.5 | Rank@1,mIoU@0.7 | Rank@5,mIoU@0.5 | Rank@5,mIoU@0.7 | mIoU  |
+-----------------+-----------------+-----------------+-----------------+-------+
|      43.48      |      25.26      |      86.63      |      54.64      | 38.94 |
+-----------------+-----------------+-----------------+-----------------+-------+
+performance on testing set---------+-----------------+-----------------+-------+
| Rank@1,mIoU@0.5 | Rank@1,mIoU@0.7 | Rank@5,mIoU@0.5 | Rank@5,mIoU@0.7 | mIoU  |
+-----------------+-----------------+-----------------+-----------------+-------+
|      39.87      |      23.17      |      83.20      |      48.98      | 36.18 |
+-----------------+-----------------+-----------------+-----------------+-------+

2021-11-30 17:08:55,547 
iter: 3870 train loss 0.1283 test loss 0.1391
+performance on training set--------+-----------------+-----------------+-------+
| Rank@1,mIoU@0.5 | Rank@1,mIoU@0.7 | Rank@5,mIoU@0.5 | Rank@5,mIoU@0.7 | mIoU  |
+-----------------+-----------------+-----------------+-----------------+-------+
|      44.79      |      26.70      |      87.46      |      55.92      | 40.33 |
+-----------------+-----------------+-----------------+-----------------+-------+
+performance on testing set---------+-----------------+-----------------+-------+
| Rank@1,mIoU@0.5 | Rank@1,mIoU@0.7 | Rank@5,mIoU@0.5 | Rank@5,mIoU@0.7 | mIoU  |
+-----------------+-----------------+-----------------+-----------------+-------+
|      39.44      |      23.20      |      81.91      |      49.84      | 36.09 |
+-----------------+-----------------+-----------------+-----------------+-------+

2021-11-30 17:13:10,940 
iter: 4257 train loss 0.1260 test loss 0.1428
+performance on training set--------+-----------------+-----------------+-------+
| Rank@1,mIoU@0.5 | Rank@1,mIoU@0.7 | Rank@5,mIoU@0.5 | Rank@5,mIoU@0.7 | mIoU  |
+-----------------+-----------------+-----------------+-----------------+-------+
|      43.82      |      26.40      |      87.57      |      58.42      | 39.04 |
+-----------------+-----------------+-----------------+-----------------+-------+
+performance on testing set---------+-----------------+-----------------+-------+
| Rank@1,mIoU@0.5 | Rank@1,mIoU@0.7 | Rank@5,mIoU@0.5 | Rank@5,mIoU@0.7 | mIoU  |
+-----------------+-----------------+-----------------+-----------------+-------+
|      37.80      |      21.45      |      80.51      |      47.02      | 33.82 |
+-----------------+-----------------+-----------------+-----------------+-------+

2021-11-30 17:17:25,004 
iter: 4644 train loss 0.1237 test loss 0.1424
+performance on training set--------+-----------------+-----------------+-------+
| Rank@1,mIoU@0.5 | Rank@1,mIoU@0.7 | Rank@5,mIoU@0.5 | Rank@5,mIoU@0.7 | mIoU  |
+-----------------+-----------------+-----------------+-----------------+-------+
|      49.24      |      29.96      |      87.37      |      57.43      | 44.08 |
+-----------------+-----------------+-----------------+-----------------+-------+
+performance on testing set---------+-----------------+-----------------+-------+
| Rank@1,mIoU@0.5 | Rank@1,mIoU@0.7 | Rank@5,mIoU@0.5 | Rank@5,mIoU@0.7 | mIoU  |
+-----------------+-----------------+-----------------+-----------------+-------+
|      39.41      |      22.12      |      81.13      |      48.63      | 36.23 |
+-----------------+-----------------+-----------------+-----------------+-------+

2021-11-30 17:21:40,627 
iter: 5031 train loss 0.1217 test loss 0.1431
+performance on training set--------+-----------------+-----------------+-------+
| Rank@1,mIoU@0.5 | Rank@1,mIoU@0.7 | Rank@5,mIoU@0.5 | Rank@5,mIoU@0.7 | mIoU  |
+-----------------+-----------------+-----------------+-----------------+-------+
|      53.15      |      32.34      |      89.46      |      59.49      | 46.71 |
+-----------------+-----------------+-----------------+-----------------+-------+
+performance on testing set---------+-----------------+-----------------+-------+
| Rank@1,mIoU@0.5 | Rank@1,mIoU@0.7 | Rank@5,mIoU@0.5 | Rank@5,mIoU@0.7 | mIoU  |
+-----------------+-----------------+-----------------+-----------------+-------+
|      39.62      |      21.48      |      82.98      |      48.82      | 36.90 |
+-----------------+-----------------+-----------------+-----------------+-------+

2021-11-30 17:25:54,789 
iter: 5418 train loss 0.1190 test loss 0.1514
+performance on training set--------+-----------------+-----------------+-------+
| Rank@1,mIoU@0.5 | Rank@1,mIoU@0.7 | Rank@5,mIoU@0.5 | Rank@5,mIoU@0.7 | mIoU  |
+-----------------+-----------------+-----------------+-----------------+-------+
|      54.64      |      35.04      |      90.66      |      62.40      | 47.81 |
+-----------------+-----------------+-----------------+-----------------+-------+
+performance on testing set---------+-----------------+-----------------+-------+
| Rank@1,mIoU@0.5 | Rank@1,mIoU@0.7 | Rank@5,mIoU@0.5 | Rank@5,mIoU@0.7 | mIoU  |
+-----------------+-----------------+-----------------+-----------------+-------+
|      40.08      |      22.63      |      82.02      |      48.90      | 36.20 |
+-----------------+-----------------+-----------------+-----------------+-------+

2021-11-30 17:30:09,727 
iter: 5805 train loss 0.1152 test loss 0.1468
+performance on training set--------+-----------------+-----------------+-------+
| Rank@1,mIoU@0.5 | Rank@1,mIoU@0.7 | Rank@5,mIoU@0.5 | Rank@5,mIoU@0.7 | mIoU  |
+-----------------+-----------------+-----------------+-----------------+-------+
|      59.38      |      38.55      |      91.71      |      63.80      | 51.50 |
+-----------------+-----------------+-----------------+-----------------+-------+
+performance on testing set---------+-----------------+-----------------+-------+
| Rank@1,mIoU@0.5 | Rank@1,mIoU@0.7 | Rank@5,mIoU@0.5 | Rank@5,mIoU@0.7 | mIoU  |
+-----------------+-----------------+-----------------+-----------------+-------+
|      41.16      |      21.75      |      82.37      |      48.25      | 37.94 |
+-----------------+-----------------+-----------------+-----------------+-------+

2021-11-30 17:34:25,086 
iter: 6192 train loss 0.1119 test loss 0.1521
+performance on training set--------+-----------------+-----------------+-------+
| Rank@1,mIoU@0.5 | Rank@1,mIoU@0.7 | Rank@5,mIoU@0.5 | Rank@5,mIoU@0.7 | mIoU  |
+-----------------+-----------------+-----------------+-----------------+-------+
|      63.62      |      42.25      |      92.54      |      65.14      | 54.23 |
+-----------------+-----------------+-----------------+-----------------+-------+
+performance on testing set---------+-----------------+-----------------+-------+
| Rank@1,mIoU@0.5 | Rank@1,mIoU@0.7 | Rank@5,mIoU@0.5 | Rank@5,mIoU@0.7 | mIoU  |
+-----------------+-----------------+-----------------+-----------------+-------+
|      40.05      |      21.45      |      81.29      |      48.23      | 37.62 |
+-----------------+-----------------+-----------------+-----------------+-------+

2021-11-30 17:38:40,387 
iter: 6579 train loss 0.1084 test loss 0.1625
+performance on training set--------+-----------------+-----------------+-------+
| Rank@1,mIoU@0.5 | Rank@1,mIoU@0.7 | Rank@5,mIoU@0.5 | Rank@5,mIoU@0.7 | mIoU  |
+-----------------+-----------------+-----------------+-----------------+-------+
|      65.58      |      45.40      |      93.82      |      68.20      | 55.97 |
+-----------------+-----------------+-----------------+-----------------+-------+
+performance on testing set---------+-----------------+-----------------+-------+
| Rank@1,mIoU@0.5 | Rank@1,mIoU@0.7 | Rank@5,mIoU@0.5 | Rank@5,mIoU@0.7 | mIoU  |
+-----------------+-----------------+-----------------+-----------------+-------+
|      40.70      |      22.34      |      80.81      |      48.25      | 37.12 |
+-----------------+-----------------+-----------------+-----------------+-------+

2021-11-30 17:42:55,126 
iter: 6966 train loss 0.1041 test loss 0.1541
+performance on training set--------+-----------------+-----------------+-------+
| Rank@1,mIoU@0.5 | Rank@1,mIoU@0.7 | Rank@5,mIoU@0.5 | Rank@5,mIoU@0.7 | mIoU  |
+-----------------+-----------------+-----------------+-----------------+-------+
|      70.67      |      48.93      |      94.75      |      68.36      | 59.44 |
+-----------------+-----------------+-----------------+-----------------+-------+
+performance on testing set---------+-----------------+-----------------+-------+
| Rank@1,mIoU@0.5 | Rank@1,mIoU@0.7 | Rank@5,mIoU@0.5 | Rank@5,mIoU@0.7 | mIoU  |
+-----------------+-----------------+-----------------+-----------------+-------+
|      40.86      |      20.67      |      81.77      |      48.12      | 37.82 |
+-----------------+-----------------+-----------------+-----------------+-------+

2021-11-30 17:47:10,152 
iter: 7353 train loss 0.1012 test loss 0.1695
+performance on training set--------+-----------------+-----------------+-------+
| Rank@1,mIoU@0.5 | Rank@1,mIoU@0.7 | Rank@5,mIoU@0.5 | Rank@5,mIoU@0.7 | mIoU  |
+-----------------+-----------------+-----------------+-----------------+-------+
|      72.29      |      52.27      |      94.96      |      69.64      | 61.03 |
+-----------------+-----------------+-----------------+-----------------+-------+
+performance on testing set---------+-----------------+-----------------+-------+
| Rank@1,mIoU@0.5 | Rank@1,mIoU@0.7 | Rank@5,mIoU@0.5 | Rank@5,mIoU@0.7 | mIoU  |
+-----------------+-----------------+-----------------+-----------------+-------+
|      41.83      |      20.73      |      80.40      |      47.69      | 38.09 |
+-----------------+-----------------+-----------------+-----------------+-------+

2021-11-30 17:51:25,160 
iter: 7740 train loss 0.0968 test loss 0.1688
+performance on training set--------+-----------------+-----------------+-------+
| Rank@1,mIoU@0.5 | Rank@1,mIoU@0.7 | Rank@5,mIoU@0.5 | Rank@5,mIoU@0.7 | mIoU  |
+-----------------+-----------------+-----------------+-----------------+-------+
|      76.94      |      57.46      |      95.96      |      74.08      | 63.96 |
+-----------------+-----------------+-----------------+-----------------+-------+
+performance on testing set---------+-----------------+-----------------+-------+
| Rank@1,mIoU@0.5 | Rank@1,mIoU@0.7 | Rank@5,mIoU@0.5 | Rank@5,mIoU@0.7 | mIoU  |
+-----------------+-----------------+-----------------+-----------------+-------+
|      39.89      |      20.73      |      79.44      |      46.16      | 36.90 |
+-----------------+-----------------+-----------------+-----------------+-------+

2021-11-30 17:55:40,298 
iter: 8127 train loss 0.0940 test loss 0.1795
+performance on training set--------+-----------------+-----------------+-------+
| Rank@1,mIoU@0.5 | Rank@1,mIoU@0.7 | Rank@5,mIoU@0.5 | Rank@5,mIoU@0.7 | mIoU  |
+-----------------+-----------------+-----------------+-----------------+-------+
|      77.02      |      57.22      |      96.59      |      74.73      | 64.29 |
+-----------------+-----------------+-----------------+-----------------+-------+
+performance on testing set---------+-----------------+-----------------+-------+
| Rank@1,mIoU@0.5 | Rank@1,mIoU@0.7 | Rank@5,mIoU@0.5 | Rank@5,mIoU@0.7 | mIoU  |
+-----------------+-----------------+-----------------+-----------------+-------+
|      40.97      |      21.67      |      78.98      |      46.53      | 37.49 |
+-----------------+-----------------+-----------------+-----------------+-------+

2021-11-30 17:59:55,269 
iter: 8514 train loss 0.0907 test loss 0.1737
+performance on training set--------+-----------------+-----------------+-------+
| Rank@1,mIoU@0.5 | Rank@1,mIoU@0.7 | Rank@5,mIoU@0.5 | Rank@5,mIoU@0.7 | mIoU  |
+-----------------+-----------------+-----------------+-----------------+-------+
|      80.94      |      61.83      |      96.90      |      75.35      | 66.81 |
+-----------------+-----------------+-----------------+-----------------+-------+
+performance on testing set---------+-----------------+-----------------+-------+
| Rank@1,mIoU@0.5 | Rank@1,mIoU@0.7 | Rank@5,mIoU@0.5 | Rank@5,mIoU@0.7 | mIoU  |
+-----------------+-----------------+-----------------+-----------------+-------+
|      40.19      |      19.92      |      78.36      |      46.67      | 37.18 |
+-----------------+-----------------+-----------------+-----------------+-------+

