2021-12-01 00:41:52,472 
Namespace(cfg='experiments/charades/2D-TAN-16x16-K5L8-pool.yaml', dataDir=None, gpus=None, logDir=None, modelDir=None, tag=None, verbose=True, workers=None)
2021-12-01 00:41:52,472 
{'CUDNN': {'BENCHMARK': True, 'DETERMINISTIC': False, 'ENABLED': True},
 'DATASET': {'BIAS': 0,
             'DOWNSAMPLING_STRIDE': 16,
             'MODALITY': '',
             'NAME': 'Charades',
             'NORMALIZE': True,
             'NO_VAL': True,
             'NUM_SAMPLE_CLIPS': 256,
             'RANDOM_SAMPLING': False,
             'ROOT': '',
             'SPLIT': '',
             'TARGET_STRIDE': 16,
             'VIS_INPUT_TYPE': 'vgg_rgb'},
 'DATA_DIR': './data/Charades-STA',
 'LOG_DIR': './log',
 'LOSS': {'NAME': 'bce_rescale_loss',
          'PARAMS': {'BIAS': 0.0, 'MAX_IOU': 1.0, 'MIN_IOU': 0.5}},
 'MODEL': {'CHECKPOINT': './checkpoints/Charades/TAN_vgg_rgb/iter004257-0.4102-0.8433.pkl',
           'NAME': 'TAN'},
 'MODEL_DIR': './checkpoints',
 'RESULT_DIR': './results',
 'TAG': '',
 'TAN': {'FRAME_MODULE': {'NAME': 'FrameAvgPool',
                          'PARAMS': {'HIDDEN_SIZE': 512,
                                     'INPUT_SIZE': 4096,
                                     'KERNEL_SIZE': 16,
                                     'STRIDE': 16}},
         'FUSION_MODULE': {'NAME': 'BaseFusion',
                           'PARAMS': {'HIDDEN_SIZE': 512,
                                      'LSTM': {'BIDIRECTIONAL': False,
                                               'NUM_LAYERS': 3},
                                      'TXT_HIDDEN_SIZE': 512,
                                      'TXT_INPUT_SIZE': 300}},
         'MAP_MODULE': {'NAME': 'MapConv',
                        'PARAMS': {'DILATIONS': [1, 1, 1, 1, 1, 1, 1, 1],
                                   'HIDDEN_SIZES': [512,
                                                    512,
                                                    512,
                                                    512,
                                                    512,
                                                    512,
                                                    512,
                                                    512],
                                   'INPUT_SIZE': 512,
                                   'KERNEL_SIZES': [5, 5, 5, 5, 5, 5, 5, 5],
                                   'PADDINGS': [2, 2, 2, 2, 2, 2, 2, 2],
                                   'STRIDES': [1, 1, 1, 1, 1, 1, 1, 1]}},
         'PRED_INPUT_SIZE': 512,
         'PROP_MODULE': {'NAME': 'SparsePropMaxPool',
                         'PARAMS': {'NUM_SCALE_LAYERS': [16]}}},
 'TEST': {'BATCH_SIZE': 32,
          'EVAL_TRAIN': False,
          'INTERVAL': 1,
          'NMS_THRESH': 0.45,
          'RECALL': '1,5',
          'TIOU': '0.5,0.7',
          'TOP_K': 10},
 'TRAIN': {'BATCH_SIZE': 32,
           'CONTINUE': False,
           'FACTOR': 0.8,
           'LR': 0.0001,
           'MAX_EPOCH': 20,
           'PATIENCE': 20,
           'SHUFFLE': True,
           'WEIGHT_DECAY': 0.0},
 'VERBOSE': True,
 'WORKERS': 16}
2021-12-01 00:44:29,892 
iter: 387 train loss 0.1796 test loss 0.1461
+performance on testing set---------+-----------------+-----------------+-------+
| Rank@1,mIoU@0.5 | Rank@1,mIoU@0.7 | Rank@5,mIoU@0.5 | Rank@5,mIoU@0.7 | mIoU  |
+-----------------+-----------------+-----------------+-----------------+-------+
|      30.73      |      16.18      |      84.11      |      43.66      | 28.53 |
+-----------------+-----------------+-----------------+-----------------+-------+

2021-12-01 00:47:02,045 
iter: 774 train loss 0.1424 test loss 0.1416
+performance on testing set---------+-----------------+-----------------+-------+
| Rank@1,mIoU@0.5 | Rank@1,mIoU@0.7 | Rank@5,mIoU@0.5 | Rank@5,mIoU@0.7 | mIoU  |
+-----------------+-----------------+-----------------+-----------------+-------+
|      31.88      |      16.96      |      84.73      |      45.08      | 29.41 |
+-----------------+-----------------+-----------------+-----------------+-------+

2021-12-01 00:49:34,488 
iter: 1161 train loss 0.1394 test loss 0.1373
+performance on testing set---------+-----------------+-----------------+-------+
| Rank@1,mIoU@0.5 | Rank@1,mIoU@0.7 | Rank@5,mIoU@0.5 | Rank@5,mIoU@0.7 | mIoU  |
+-----------------+-----------------+-----------------+-----------------+-------+
|      37.61      |      21.08      |      84.97      |      48.04      | 34.75 |
+-----------------+-----------------+-----------------+-----------------+-------+

2021-12-01 00:52:06,948 
iter: 1548 train loss 0.1363 test loss 0.1377
+performance on testing set---------+-----------------+-----------------+-------+
| Rank@1,mIoU@0.5 | Rank@1,mIoU@0.7 | Rank@5,mIoU@0.5 | Rank@5,mIoU@0.7 | mIoU  |
+-----------------+-----------------+-----------------+-----------------+-------+
|      38.20      |      22.61      |      85.13      |      49.11      | 35.13 |
+-----------------+-----------------+-----------------+-----------------+-------+

2021-12-01 00:54:39,358 
iter: 1935 train loss 0.1344 test loss 0.1379
+performance on testing set---------+-----------------+-----------------+-------+
| Rank@1,mIoU@0.5 | Rank@1,mIoU@0.7 | Rank@5,mIoU@0.5 | Rank@5,mIoU@0.7 | mIoU  |
+-----------------+-----------------+-----------------+-----------------+-------+
|      39.95      |      23.44      |      85.16      |      49.68      | 36.16 |
+-----------------+-----------------+-----------------+-----------------+-------+

2021-12-01 00:57:10,962 
iter: 2322 train loss 0.1329 test loss 0.1372
+performance on testing set---------+-----------------+-----------------+-------+
| Rank@1,mIoU@0.5 | Rank@1,mIoU@0.7 | Rank@5,mIoU@0.5 | Rank@5,mIoU@0.7 | mIoU  |
+-----------------+-----------------+-----------------+-----------------+-------+
|      39.97      |      23.25      |      85.56      |      49.95      | 36.61 |
+-----------------+-----------------+-----------------+-----------------+-------+

2021-12-01 00:59:43,124 
iter: 2709 train loss 0.1307 test loss 0.1418
+performance on testing set---------+-----------------+-----------------+-------+
| Rank@1,mIoU@0.5 | Rank@1,mIoU@0.7 | Rank@5,mIoU@0.5 | Rank@5,mIoU@0.7 | mIoU  |
+-----------------+-----------------+-----------------+-----------------+-------+
|      38.84      |      23.92      |      82.74      |      48.68      | 35.42 |
+-----------------+-----------------+-----------------+-----------------+-------+

2021-12-01 01:02:14,818 
iter: 3096 train loss 0.1289 test loss 0.1381
+performance on testing set---------+-----------------+-----------------+-------+
| Rank@1,mIoU@0.5 | Rank@1,mIoU@0.7 | Rank@5,mIoU@0.5 | Rank@5,mIoU@0.7 | mIoU  |
+-----------------+-----------------+-----------------+-----------------+-------+
|      40.46      |      24.62      |      83.20      |      49.57      | 36.82 |
+-----------------+-----------------+-----------------+-----------------+-------+

2021-12-01 01:04:46,840 
iter: 3483 train loss 0.1255 test loss 0.1381
+performance on testing set---------+-----------------+-----------------+-------+
| Rank@1,mIoU@0.5 | Rank@1,mIoU@0.7 | Rank@5,mIoU@0.5 | Rank@5,mIoU@0.7 | mIoU  |
+-----------------+-----------------+-----------------+-----------------+-------+
|      42.04      |      24.17      |      85.00      |      50.48      | 38.45 |
+-----------------+-----------------+-----------------+-----------------+-------+

2021-12-01 01:07:18,697 
iter: 3870 train loss 0.1225 test loss 0.1414
+performance on testing set---------+-----------------+-----------------+-------+
| Rank@1,mIoU@0.5 | Rank@1,mIoU@0.7 | Rank@5,mIoU@0.5 | Rank@5,mIoU@0.7 | mIoU  |
+-----------------+-----------------+-----------------+-----------------+-------+
|      42.34      |      24.11      |      83.87      |      49.95      | 39.59 |
+-----------------+-----------------+-----------------+-----------------+-------+

2021-12-01 01:09:49,907 
iter: 4257 train loss 0.1184 test loss 0.1412
+performance on testing set---------+-----------------+-----------------+-------+
| Rank@1,mIoU@0.5 | Rank@1,mIoU@0.7 | Rank@5,mIoU@0.5 | Rank@5,mIoU@0.7 | mIoU  |
+-----------------+-----------------+-----------------+-----------------+-------+
|      42.04      |      24.46      |      85.94      |      52.18      | 38.76 |
+-----------------+-----------------+-----------------+-----------------+-------+

2021-12-01 01:12:21,442 
iter: 4644 train loss 0.1144 test loss 0.1418
+performance on testing set---------+-----------------+-----------------+-------+
| Rank@1,mIoU@0.5 | Rank@1,mIoU@0.7 | Rank@5,mIoU@0.5 | Rank@5,mIoU@0.7 | mIoU  |
+-----------------+-----------------+-----------------+-----------------+-------+
|      42.77      |      23.76      |      83.15      |      49.03      | 39.67 |
+-----------------+-----------------+-----------------+-----------------+-------+

2021-12-01 01:14:52,793 
iter: 5031 train loss 0.1096 test loss 0.1495
+performance on testing set---------+-----------------+-----------------+-------+
| Rank@1,mIoU@0.5 | Rank@1,mIoU@0.7 | Rank@5,mIoU@0.5 | Rank@5,mIoU@0.7 | mIoU  |
+-----------------+-----------------+-----------------+-----------------+-------+
|      41.77      |      23.98      |      82.20      |      50.40      | 38.92 |
+-----------------+-----------------+-----------------+-----------------+-------+

2021-12-01 01:17:23,258 
iter: 5418 train loss 0.1050 test loss 0.1572
+performance on testing set---------+-----------------+-----------------+-------+
| Rank@1,mIoU@0.5 | Rank@1,mIoU@0.7 | Rank@5,mIoU@0.5 | Rank@5,mIoU@0.7 | mIoU  |
+-----------------+-----------------+-----------------+-----------------+-------+
|      41.42      |      23.55      |      79.38      |      48.76      | 37.72 |
+-----------------+-----------------+-----------------+-----------------+-------+

