2021-11-30 18:56:01,826 
Namespace(cfg='experiments/charades/2D-TAN-16x16-K5L8-pool.yaml', dataDir=None, gpus=None, logDir=None, modelDir=None, tag=None, verbose=True, workers=None)
2021-11-30 18:56:01,827 
{'CUDNN': {'BENCHMARK': True, 'DETERMINISTIC': False, 'ENABLED': True},
 'DATASET': {'BIAS': 0,
             'DOWNSAMPLING_STRIDE': 16,
             'MODALITY': '',
             'NAME': 'Charades',
             'NORMALIZE': True,
             'NO_VAL': True,
             'NUM_SAMPLE_CLIPS': 256,
             'RANDOM_SAMPLING': False,
             'ROOT': '',
             'SPLIT': '',
             'TARGET_STRIDE': 16,
             'VIS_INPUT_TYPE': 'vgg_rgb'},
 'DATA_DIR': './data/Charades-STA',
 'LOG_DIR': './log',
 'LOSS': {'NAME': 'bce_rescale_loss',
          'PARAMS': {'BIAS': 0.0, 'MAX_IOU': 1.0, 'MIN_IOU': 0.5}},
 'MODEL': {'CHECKPOINT': './checkpoints/Charades/iter004257-0.4094-0.8384.pkl',
           'NAME': 'TAN'},
 'MODEL_DIR': './checkpoints',
 'RESULT_DIR': './results',
 'TAG': '',
 'TAN': {'FRAME_MODULE': {'NAME': 'FrameAvgPool',
                          'PARAMS': {'HIDDEN_SIZE': 512,
                                     'INPUT_SIZE': 4096,
                                     'KERNEL_SIZE': 16,
                                     'STRIDE': 16}},
         'FUSION_MODULE': {'NAME': 'BaseFusion',
                           'PARAMS': {'HIDDEN_SIZE': 512,
                                      'LSTM': {'BIDIRECTIONAL': False,
                                               'NUM_LAYERS': 3},
                                      'TXT_HIDDEN_SIZE': 512,
                                      'TXT_INPUT_SIZE': 300}},
         'MAP_MODULE': {'NAME': 'MapConv',
                        'PARAMS': {'DILATIONS': [1, 1, 1, 1, 1, 1, 1, 1],
                                   'HIDDEN_SIZES': [512,
                                                    512,
                                                    512,
                                                    512,
                                                    512,
                                                    512,
                                                    512,
                                                    512],
                                   'INPUT_SIZE': 512,
                                   'KERNEL_SIZES': [5, 5, 5, 5, 5, 5, 5, 5],
                                   'PADDINGS': [2, 2, 2, 2, 2, 2, 2, 2],
                                   'STRIDES': [1, 1, 1, 1, 1, 1, 1, 1]}},
         'PRED_INPUT_SIZE': 512,
         'PROP_MODULE': {'NAME': 'SparsePropMaxPool',
                         'PARAMS': {'NUM_SCALE_LAYERS': [16]}}},
 'TEST': {'BATCH_SIZE': 32,
          'EVAL_TRAIN': False,
          'INTERVAL': 1,
          'NMS_THRESH': 0.45,
          'RECALL': '1,5',
          'TIOU': '0.5,0.7',
          'TOP_K': 10},
 'TRAIN': {'BATCH_SIZE': 32,
           'CONTINUE': False,
           'FACTOR': 0.8,
           'LR': 0.0001,
           'MAX_EPOCH': 100,
           'PATIENCE': 20,
           'SHUFFLE': True,
           'WEIGHT_DECAY': 0.0},
 'VERBOSE': True,
 'WORKERS': 16}
2021-11-30 18:58:37,560 
iter: 387 train loss 0.2043 test loss 0.1445
+performance on testing set---------+-----------------+-----------------+-------+
| Rank@1,mIoU@0.5 | Rank@1,mIoU@0.7 | Rank@5,mIoU@0.5 | Rank@5,mIoU@0.7 | mIoU  |
+-----------------+-----------------+-----------------+-----------------+-------+
|      30.73      |      16.18      |      84.25      |      44.01      | 28.53 |
+-----------------+-----------------+-----------------+-----------------+-------+

2021-11-30 19:01:08,385 
iter: 774 train loss 0.1423 test loss 0.1417
+performance on testing set---------+-----------------+-----------------+-------+
| Rank@1,mIoU@0.5 | Rank@1,mIoU@0.7 | Rank@5,mIoU@0.5 | Rank@5,mIoU@0.7 | mIoU  |
+-----------------+-----------------+-----------------+-----------------+-------+
|      31.48      |      16.67      |      84.17      |      44.35      | 29.09 |
+-----------------+-----------------+-----------------+-----------------+-------+

2021-11-30 19:03:38,455 
iter: 1161 train loss 0.1411 test loss 0.1410
+performance on testing set---------+-----------------+-----------------+-------+
| Rank@1,mIoU@0.5 | Rank@1,mIoU@0.7 | Rank@5,mIoU@0.5 | Rank@5,mIoU@0.7 | mIoU  |
+-----------------+-----------------+-----------------+-----------------+-------+
|      33.15      |      17.72      |      84.89      |      45.81      | 30.10 |
+-----------------+-----------------+-----------------+-----------------+-------+

2021-11-30 19:06:08,502 
iter: 1548 train loss 0.1389 test loss 0.1382
+performance on testing set---------+-----------------+-----------------+-------+
| Rank@1,mIoU@0.5 | Rank@1,mIoU@0.7 | Rank@5,mIoU@0.5 | Rank@5,mIoU@0.7 | mIoU  |
+-----------------+-----------------+-----------------+-----------------+-------+
|      37.04      |      21.05      |      85.11      |      48.33      | 34.31 |
+-----------------+-----------------+-----------------+-----------------+-------+

2021-11-30 19:08:38,881 
iter: 1935 train loss 0.1357 test loss 0.1386
+performance on testing set---------+-----------------+-----------------+-------+
| Rank@1,mIoU@0.5 | Rank@1,mIoU@0.7 | Rank@5,mIoU@0.5 | Rank@5,mIoU@0.7 | mIoU  |
+-----------------+-----------------+-----------------+-----------------+-------+
|      39.27      |      22.39      |      84.81      |      49.09      | 35.66 |
+-----------------+-----------------+-----------------+-----------------+-------+

2021-11-30 19:11:08,784 
iter: 2322 train loss 0.1343 test loss 0.1375
+performance on testing set---------+-----------------+-----------------+-------+
| Rank@1,mIoU@0.5 | Rank@1,mIoU@0.7 | Rank@5,mIoU@0.5 | Rank@5,mIoU@0.7 | mIoU  |
+-----------------+-----------------+-----------------+-----------------+-------+
|      38.74      |      22.93      |      84.68      |      49.22      | 36.05 |
+-----------------+-----------------+-----------------+-----------------+-------+

2021-11-30 19:13:38,194 
iter: 2709 train loss 0.1325 test loss 0.1392
+performance on testing set---------+-----------------+-----------------+-------+
| Rank@1,mIoU@0.5 | Rank@1,mIoU@0.7 | Rank@5,mIoU@0.5 | Rank@5,mIoU@0.7 | mIoU  |
+-----------------+-----------------+-----------------+-----------------+-------+
|      38.41      |      23.74      |      82.82      |      49.14      | 35.22 |
+-----------------+-----------------+-----------------+-----------------+-------+

2021-11-30 19:16:08,590 
iter: 3096 train loss 0.1313 test loss 0.1384
+performance on testing set---------+-----------------+-----------------+-------+
| Rank@1,mIoU@0.5 | Rank@1,mIoU@0.7 | Rank@5,mIoU@0.5 | Rank@5,mIoU@0.7 | mIoU  |
+-----------------+-----------------+-----------------+-----------------+-------+
|      39.62      |      23.39      |      82.74      |      48.92      | 36.44 |
+-----------------+-----------------+-----------------+-----------------+-------+

2021-11-30 19:18:38,815 
iter: 3483 train loss 0.1286 test loss 0.1374
+performance on testing set---------+-----------------+-----------------+-------+
| Rank@1,mIoU@0.5 | Rank@1,mIoU@0.7 | Rank@5,mIoU@0.5 | Rank@5,mIoU@0.7 | mIoU  |
+-----------------+-----------------+-----------------+-----------------+-------+
|      40.43      |      23.36      |      84.46      |      50.27      | 36.82 |
+-----------------+-----------------+-----------------+-----------------+-------+

2021-11-30 19:21:08,565 
iter: 3870 train loss 0.1263 test loss 0.1401
+performance on testing set---------+-----------------+-----------------+-------+
| Rank@1,mIoU@0.5 | Rank@1,mIoU@0.7 | Rank@5,mIoU@0.5 | Rank@5,mIoU@0.7 | mIoU  |
+-----------------+-----------------+-----------------+-----------------+-------+
|      41.05      |      21.40      |      83.49      |      47.63      | 38.36 |
+-----------------+-----------------+-----------------+-----------------+-------+

2021-11-30 19:23:38,709 
iter: 4257 train loss 0.1232 test loss 0.1452
+performance on testing set---------+-----------------+-----------------+-------+
| Rank@1,mIoU@0.5 | Rank@1,mIoU@0.7 | Rank@5,mIoU@0.5 | Rank@5,mIoU@0.7 | mIoU  |
+-----------------+-----------------+-----------------+-----------------+-------+
|      41.02      |      23.33      |      84.33      |      50.03      | 37.55 |
+-----------------+-----------------+-----------------+-----------------+-------+

2021-11-30 19:26:08,471 
iter: 4644 train loss 0.1198 test loss 0.1408
+performance on testing set---------+-----------------+-----------------+-------+
| Rank@1,mIoU@0.5 | Rank@1,mIoU@0.7 | Rank@5,mIoU@0.5 | Rank@5,mIoU@0.7 | mIoU  |
+-----------------+-----------------+-----------------+-----------------+-------+
|      41.51      |      22.15      |      83.36      |      48.58      | 38.38 |
+-----------------+-----------------+-----------------+-----------------+-------+

2021-11-30 19:28:37,549 
iter: 5031 train loss 0.1159 test loss 0.1480
+performance on testing set---------+-----------------+-----------------+-------+
| Rank@1,mIoU@0.5 | Rank@1,mIoU@0.7 | Rank@5,mIoU@0.5 | Rank@5,mIoU@0.7 | mIoU  |
+-----------------+-----------------+-----------------+-----------------+-------+
|      42.58      |      23.44      |      83.25      |      49.46      | 38.77 |
+-----------------+-----------------+-----------------+-----------------+-------+

2021-11-30 19:31:06,883 
iter: 5418 train loss 0.1122 test loss 0.1558
+performance on testing set---------+-----------------+-----------------+-------+
| Rank@1,mIoU@0.5 | Rank@1,mIoU@0.7 | Rank@5,mIoU@0.5 | Rank@5,mIoU@0.7 | mIoU  |
+-----------------+-----------------+-----------------+-----------------+-------+
|      42.39      |      23.68      |      82.23      |      48.82      | 38.14 |
+-----------------+-----------------+-----------------+-----------------+-------+

2021-11-30 19:33:35,793 
iter: 5805 train loss 0.1076 test loss 0.1499
+performance on testing set---------+-----------------+-----------------+-------+
| Rank@1,mIoU@0.5 | Rank@1,mIoU@0.7 | Rank@5,mIoU@0.5 | Rank@5,mIoU@0.7 | mIoU  |
+-----------------+-----------------+-----------------+-----------------+-------+
|      43.17      |      23.28      |      83.31      |      48.95      | 39.40 |
+-----------------+-----------------+-----------------+-----------------+-------+

2021-11-30 19:36:04,912 
iter: 6192 train loss 0.1035 test loss 0.1573
+performance on testing set---------+-----------------+-----------------+-------+
| Rank@1,mIoU@0.5 | Rank@1,mIoU@0.7 | Rank@5,mIoU@0.5 | Rank@5,mIoU@0.7 | mIoU  |
+-----------------+-----------------+-----------------+-----------------+-------+
|      42.69      |      23.87      |      81.51      |      48.98      | 38.76 |
+-----------------+-----------------+-----------------+-----------------+-------+

2021-11-30 19:38:34,905 
iter: 6579 train loss 0.0994 test loss 0.1649
+performance on testing set---------+-----------------+-----------------+-------+
| Rank@1,mIoU@0.5 | Rank@1,mIoU@0.7 | Rank@5,mIoU@0.5 | Rank@5,mIoU@0.7 | mIoU  |
+-----------------+-----------------+-----------------+-----------------+-------+
|      43.47      |      23.63      |      81.02      |      49.38      | 39.54 |
+-----------------+-----------------+-----------------+-----------------+-------+

2021-11-30 19:41:04,605 
iter: 6966 train loss 0.0956 test loss 0.1625
+performance on testing set---------+-----------------+-----------------+-------+
| Rank@1,mIoU@0.5 | Rank@1,mIoU@0.7 | Rank@5,mIoU@0.5 | Rank@5,mIoU@0.7 | mIoU  |
+-----------------+-----------------+-----------------+-----------------+-------+
|      42.18      |      22.77      |      79.73      |      47.98      | 38.46 |
+-----------------+-----------------+-----------------+-----------------+-------+

2021-11-30 19:43:33,737 
iter: 7353 train loss 0.0920 test loss 0.1782
+performance on testing set---------+-----------------+-----------------+-------+
| Rank@1,mIoU@0.5 | Rank@1,mIoU@0.7 | Rank@5,mIoU@0.5 | Rank@5,mIoU@0.7 | mIoU  |
+-----------------+-----------------+-----------------+-----------------+-------+
|      41.02      |      22.61      |      78.52      |      46.85      | 38.01 |
+-----------------+-----------------+-----------------+-----------------+-------+

2021-11-30 19:46:03,459 
iter: 7740 train loss 0.0885 test loss 0.1784
+performance on testing set---------+-----------------+-----------------+-------+
| Rank@1,mIoU@0.5 | Rank@1,mIoU@0.7 | Rank@5,mIoU@0.5 | Rank@5,mIoU@0.7 | mIoU  |
+-----------------+-----------------+-----------------+-----------------+-------+
|      40.83      |      21.94      |      76.96      |      45.62      | 37.76 |
+-----------------+-----------------+-----------------+-----------------+-------+

2021-11-30 19:48:33,451 
iter: 8127 train loss 0.0851 test loss 0.2103
+performance on testing set---------+-----------------+-----------------+-------+
| Rank@1,mIoU@0.5 | Rank@1,mIoU@0.7 | Rank@5,mIoU@0.5 | Rank@5,mIoU@0.7 | mIoU  |
+-----------------+-----------------+-----------------+-----------------+-------+
|      39.68      |      20.75      |      73.06      |      41.40      | 36.29 |
+-----------------+-----------------+-----------------+-----------------+-------+

2021-11-30 19:51:02,936 
iter: 8514 train loss 0.0824 test loss 0.2044
+performance on testing set---------+-----------------+-----------------+-------+
| Rank@1,mIoU@0.5 | Rank@1,mIoU@0.7 | Rank@5,mIoU@0.5 | Rank@5,mIoU@0.7 | mIoU  |
+-----------------+-----------------+-----------------+-----------------+-------+
|      41.75      |      22.98      |      74.92      |      44.27      | 38.42 |
+-----------------+-----------------+-----------------+-----------------+-------+

2021-11-30 19:53:32,491 
iter: 8901 train loss 0.0796 test loss 0.2146
+performance on testing set---------+-----------------+-----------------+-------+
| Rank@1,mIoU@0.5 | Rank@1,mIoU@0.7 | Rank@5,mIoU@0.5 | Rank@5,mIoU@0.7 | mIoU  |
+-----------------+-----------------+-----------------+-----------------+-------+
|      39.92      |      21.13      |      73.12      |      41.94      | 37.11 |
+-----------------+-----------------+-----------------+-----------------+-------+

2021-11-30 19:56:01,955 
iter: 9288 train loss 0.0772 test loss 0.2199
+performance on testing set---------+-----------------+-----------------+-------+
| Rank@1,mIoU@0.5 | Rank@1,mIoU@0.7 | Rank@5,mIoU@0.5 | Rank@5,mIoU@0.7 | mIoU  |
+-----------------+-----------------+-----------------+-----------------+-------+
|      39.70      |      21.24      |      73.04      |      43.95      | 36.92 |
+-----------------+-----------------+-----------------+-----------------+-------+

2021-11-30 19:58:32,407 
iter: 9675 train loss 0.0755 test loss 0.2271
+performance on testing set---------+-----------------+-----------------+-------+
| Rank@1,mIoU@0.5 | Rank@1,mIoU@0.7 | Rank@5,mIoU@0.5 | Rank@5,mIoU@0.7 | mIoU  |
+-----------------+-----------------+-----------------+-----------------+-------+
|      40.19      |      22.15      |      72.85      |      42.90      | 37.24 |
+-----------------+-----------------+-----------------+-----------------+-------+

2021-11-30 20:01:01,782 
iter: 10062 train loss 0.0736 test loss 0.2350
+performance on testing set---------+-----------------+-----------------+-------+
| Rank@1,mIoU@0.5 | Rank@1,mIoU@0.7 | Rank@5,mIoU@0.5 | Rank@5,mIoU@0.7 | mIoU  |
+-----------------+-----------------+-----------------+-----------------+-------+
|      39.70      |      21.75      |      72.10      |      42.53      | 36.87 |
+-----------------+-----------------+-----------------+-----------------+-------+

2021-11-30 20:03:31,840 
iter: 10449 train loss 0.0726 test loss 0.2434
+performance on testing set---------+-----------------+-----------------+-------+
| Rank@1,mIoU@0.5 | Rank@1,mIoU@0.7 | Rank@5,mIoU@0.5 | Rank@5,mIoU@0.7 | mIoU  |
+-----------------+-----------------+-----------------+-----------------+-------+
|      38.60      |      21.34      |      73.09      |      42.98      | 36.77 |
+-----------------+-----------------+-----------------+-----------------+-------+

2021-11-30 20:06:01,444 
iter: 10836 train loss 0.0709 test loss 0.2494
+performance on testing set---------+-----------------+-----------------+-------+
| Rank@1,mIoU@0.5 | Rank@1,mIoU@0.7 | Rank@5,mIoU@0.5 | Rank@5,mIoU@0.7 | mIoU  |
+-----------------+-----------------+-----------------+-----------------+-------+
|      37.98      |      19.97      |      70.89      |      42.10      | 35.68 |
+-----------------+-----------------+-----------------+-----------------+-------+

2021-11-30 20:08:31,233 
iter: 11223 train loss 0.0697 test loss 0.2568
+performance on testing set---------+-----------------+-----------------+-------+
| Rank@1,mIoU@0.5 | Rank@1,mIoU@0.7 | Rank@5,mIoU@0.5 | Rank@5,mIoU@0.7 | mIoU  |
+-----------------+-----------------+-----------------+-----------------+-------+
|      39.14      |      20.30      |      71.24      |      42.26      | 36.23 |
+-----------------+-----------------+-----------------+-----------------+-------+

2021-11-30 20:11:01,528 
iter: 11610 train loss 0.0693 test loss 0.2448
+performance on testing set---------+-----------------+-----------------+-------+
| Rank@1,mIoU@0.5 | Rank@1,mIoU@0.7 | Rank@5,mIoU@0.5 | Rank@5,mIoU@0.7 | mIoU  |
+-----------------+-----------------+-----------------+-----------------+-------+
|      37.42      |      19.73      |      70.81      |      41.34      | 35.22 |
+-----------------+-----------------+-----------------+-----------------+-------+

2021-11-30 20:13:31,035 
iter: 11997 train loss 0.0681 test loss 0.2855
+performance on testing set---------+-----------------+-----------------+-------+
| Rank@1,mIoU@0.5 | Rank@1,mIoU@0.7 | Rank@5,mIoU@0.5 | Rank@5,mIoU@0.7 | mIoU  |
+-----------------+-----------------+-----------------+-----------------+-------+
|      36.83      |      18.95      |      68.76      |      39.19      | 34.88 |
+-----------------+-----------------+-----------------+-----------------+-------+

2021-11-30 20:16:00,768 
iter: 12384 train loss 0.0674 test loss 0.2803
+performance on testing set---------+-----------------+-----------------+-------+
| Rank@1,mIoU@0.5 | Rank@1,mIoU@0.7 | Rank@5,mIoU@0.5 | Rank@5,mIoU@0.7 | mIoU  |
+-----------------+-----------------+-----------------+-----------------+-------+
|      38.12      |      19.81      |      70.16      |      41.21      | 35.88 |
+-----------------+-----------------+-----------------+-----------------+-------+

2021-11-30 20:18:30,601 
iter: 12771 train loss 0.0672 test loss 0.2842
+performance on testing set---------+-----------------+-----------------+-------+
| Rank@1,mIoU@0.5 | Rank@1,mIoU@0.7 | Rank@5,mIoU@0.5 | Rank@5,mIoU@0.7 | mIoU  |
+-----------------+-----------------+-----------------+-----------------+-------+
|      35.81      |      17.20      |      68.90      |      38.55      | 33.99 |
+-----------------+-----------------+-----------------+-----------------+-------+

2021-11-30 20:21:01,202 
iter: 13158 train loss 0.0668 test loss 0.2825
+performance on testing set---------+-----------------+-----------------+-------+
| Rank@1,mIoU@0.5 | Rank@1,mIoU@0.7 | Rank@5,mIoU@0.5 | Rank@5,mIoU@0.7 | mIoU  |
+-----------------+-----------------+-----------------+-----------------+-------+
|      36.94      |      18.49      |      71.32      |      41.37      | 35.02 |
+-----------------+-----------------+-----------------+-----------------+-------+

2021-11-30 20:23:31,653 
iter: 13545 train loss 0.0658 test loss 0.3028
+performance on testing set---------+-----------------+-----------------+-------+
| Rank@1,mIoU@0.5 | Rank@1,mIoU@0.7 | Rank@5,mIoU@0.5 | Rank@5,mIoU@0.7 | mIoU  |
+-----------------+-----------------+-----------------+-----------------+-------+
|      36.77      |      17.90      |      69.44      |      39.41      | 34.69 |
+-----------------+-----------------+-----------------+-----------------+-------+

2021-11-30 20:26:01,610 
iter: 13932 train loss 0.0656 test loss 0.2989
+performance on testing set---------+-----------------+-----------------+-------+
| Rank@1,mIoU@0.5 | Rank@1,mIoU@0.7 | Rank@5,mIoU@0.5 | Rank@5,mIoU@0.7 | mIoU  |
+-----------------+-----------------+-----------------+-----------------+-------+
|      35.46      |      17.85      |      68.95      |      39.35      | 33.81 |
+-----------------+-----------------+-----------------+-----------------+-------+

2021-11-30 20:28:31,349 
iter: 14319 train loss 0.0649 test loss 0.3107
+performance on testing set---------+-----------------+-----------------+-------+
| Rank@1,mIoU@0.5 | Rank@1,mIoU@0.7 | Rank@5,mIoU@0.5 | Rank@5,mIoU@0.7 | mIoU  |
+-----------------+-----------------+-----------------+-----------------+-------+
|      37.02      |      18.63      |      70.67      |      40.65      | 35.18 |
+-----------------+-----------------+-----------------+-----------------+-------+

2021-11-30 20:31:01,237 
iter: 14706 train loss 0.0642 test loss 0.3326
+performance on testing set---------+-----------------+-----------------+-------+
| Rank@1,mIoU@0.5 | Rank@1,mIoU@0.7 | Rank@5,mIoU@0.5 | Rank@5,mIoU@0.7 | mIoU  |
+-----------------+-----------------+-----------------+-----------------+-------+
|      35.59      |      17.28      |      69.17      |      39.38      | 34.01 |
+-----------------+-----------------+-----------------+-----------------+-------+

2021-11-30 20:33:31,156 
iter: 15093 train loss 0.0648 test loss 0.3116
+performance on testing set---------+-----------------+-----------------+-------+
| Rank@1,mIoU@0.5 | Rank@1,mIoU@0.7 | Rank@5,mIoU@0.5 | Rank@5,mIoU@0.7 | mIoU  |
+-----------------+-----------------+-----------------+-----------------+-------+
|      37.98      |      19.49      |      72.02      |      41.72      | 35.65 |
+-----------------+-----------------+-----------------+-----------------+-------+

2021-11-30 20:36:00,471 
iter: 15480 train loss 0.0639 test loss 0.3166
+performance on testing set---------+-----------------+-----------------+-------+
| Rank@1,mIoU@0.5 | Rank@1,mIoU@0.7 | Rank@5,mIoU@0.5 | Rank@5,mIoU@0.7 | mIoU  |
+-----------------+-----------------+-----------------+-----------------+-------+
|      37.07      |      18.74      |      70.08      |      39.41      | 34.91 |
+-----------------+-----------------+-----------------+-----------------+-------+

2021-11-30 20:38:30,729 
iter: 15867 train loss 0.0637 test loss 0.3389
+performance on testing set---------+-----------------+-----------------+-------+
| Rank@1,mIoU@0.5 | Rank@1,mIoU@0.7 | Rank@5,mIoU@0.5 | Rank@5,mIoU@0.7 | mIoU  |
+-----------------+-----------------+-----------------+-----------------+-------+
|      35.48      |      17.12      |      70.00      |      40.56      | 33.70 |
+-----------------+-----------------+-----------------+-----------------+-------+

2021-11-30 20:41:01,204 
iter: 16254 train loss 0.0633 test loss 0.3275
+performance on testing set---------+-----------------+-----------------+-------+
| Rank@1,mIoU@0.5 | Rank@1,mIoU@0.7 | Rank@5,mIoU@0.5 | Rank@5,mIoU@0.7 | mIoU  |
+-----------------+-----------------+-----------------+-----------------+-------+
|      37.45      |      18.17      |      69.44      |      39.78      | 35.15 |
+-----------------+-----------------+-----------------+-----------------+-------+

2021-11-30 20:43:31,679 
iter: 16641 train loss 0.0633 test loss 0.3280
+performance on testing set---------+-----------------+-----------------+-------+
| Rank@1,mIoU@0.5 | Rank@1,mIoU@0.7 | Rank@5,mIoU@0.5 | Rank@5,mIoU@0.7 | mIoU  |
+-----------------+-----------------+-----------------+-----------------+-------+
|      36.59      |      18.23      |      70.43      |      40.46      | 34.87 |
+-----------------+-----------------+-----------------+-----------------+-------+

2021-11-30 20:46:02,052 
iter: 17028 train loss 0.0630 test loss 0.3546
+performance on testing set---------+-----------------+-----------------+-------+
| Rank@1,mIoU@0.5 | Rank@1,mIoU@0.7 | Rank@5,mIoU@0.5 | Rank@5,mIoU@0.7 | mIoU  |
+-----------------+-----------------+-----------------+-----------------+-------+
|      35.59      |      17.02      |      68.47      |      39.03      | 33.47 |
+-----------------+-----------------+-----------------+-----------------+-------+

2021-11-30 20:48:32,655 
iter: 17415 train loss 0.0626 test loss 0.3407
+performance on testing set---------+-----------------+-----------------+-------+
| Rank@1,mIoU@0.5 | Rank@1,mIoU@0.7 | Rank@5,mIoU@0.5 | Rank@5,mIoU@0.7 | mIoU  |
+-----------------+-----------------+-----------------+-----------------+-------+
|      36.21      |      18.39      |      69.65      |      39.14      | 34.56 |
+-----------------+-----------------+-----------------+-----------------+-------+

2021-11-30 20:51:02,680 
iter: 17802 train loss 0.0628 test loss 0.3730
+performance on testing set---------+-----------------+-----------------+-------+
| Rank@1,mIoU@0.5 | Rank@1,mIoU@0.7 | Rank@5,mIoU@0.5 | Rank@5,mIoU@0.7 | mIoU  |
+-----------------+-----------------+-----------------+-----------------+-------+
|      34.35      |      15.75      |      68.36      |      37.20      | 33.32 |
+-----------------+-----------------+-----------------+-----------------+-------+

2021-11-30 20:53:33,032 
iter: 18189 train loss 0.0626 test loss 0.3361
+performance on testing set---------+-----------------+-----------------+-------+
| Rank@1,mIoU@0.5 | Rank@1,mIoU@0.7 | Rank@5,mIoU@0.5 | Rank@5,mIoU@0.7 | mIoU  |
+-----------------+-----------------+-----------------+-----------------+-------+
|      35.78      |      17.96      |      70.03      |      39.76      | 34.19 |
+-----------------+-----------------+-----------------+-----------------+-------+

2021-11-30 20:56:03,646 
iter: 18576 train loss 0.0623 test loss 0.3452
+performance on testing set---------+-----------------+-----------------+-------+
| Rank@1,mIoU@0.5 | Rank@1,mIoU@0.7 | Rank@5,mIoU@0.5 | Rank@5,mIoU@0.7 | mIoU  |
+-----------------+-----------------+-----------------+-----------------+-------+
|      36.56      |      17.53      |      70.46      |      39.17      | 34.43 |
+-----------------+-----------------+-----------------+-----------------+-------+

2021-11-30 20:58:34,131 
iter: 18963 train loss 0.0619 test loss 0.3752
+performance on testing set---------+-----------------+-----------------+-------+
| Rank@1,mIoU@0.5 | Rank@1,mIoU@0.7 | Rank@5,mIoU@0.5 | Rank@5,mIoU@0.7 | mIoU  |
+-----------------+-----------------+-----------------+-----------------+-------+
|      36.13      |      17.37      |      69.54      |      38.92      | 34.37 |
+-----------------+-----------------+-----------------+-----------------+-------+

2021-11-30 21:01:04,736 
iter: 19350 train loss 0.0620 test loss 0.3887
+performance on testing set---------+-----------------+-----------------+-------+
| Rank@1,mIoU@0.5 | Rank@1,mIoU@0.7 | Rank@5,mIoU@0.5 | Rank@5,mIoU@0.7 | mIoU  |
+-----------------+-----------------+-----------------+-----------------+-------+
|      35.91      |      17.26      |      69.92      |      38.68      | 34.20 |
+-----------------+-----------------+-----------------+-----------------+-------+

2021-11-30 21:03:34,543 
iter: 19737 train loss 0.0617 test loss 0.3715
+performance on testing set---------+-----------------+-----------------+-------+
| Rank@1,mIoU@0.5 | Rank@1,mIoU@0.7 | Rank@5,mIoU@0.5 | Rank@5,mIoU@0.7 | mIoU  |
+-----------------+-----------------+-----------------+-----------------+-------+
|      36.21      |      17.55      |      69.46      |      40.48      | 34.29 |
+-----------------+-----------------+-----------------+-----------------+-------+

2021-11-30 21:06:03,595 
iter: 20124 train loss 0.0617 test loss 0.3633
+performance on testing set---------+-----------------+-----------------+-------+
| Rank@1,mIoU@0.5 | Rank@1,mIoU@0.7 | Rank@5,mIoU@0.5 | Rank@5,mIoU@0.7 | mIoU  |
+-----------------+-----------------+-----------------+-----------------+-------+
|      38.47      |      19.09      |      71.26      |      41.48      | 35.54 |
+-----------------+-----------------+-----------------+-----------------+-------+

2021-11-30 21:08:39,958 
iter: 20511 train loss 0.0617 test loss 0.3894
+performance on testing set---------+-----------------+-----------------+-------+
| Rank@1,mIoU@0.5 | Rank@1,mIoU@0.7 | Rank@5,mIoU@0.5 | Rank@5,mIoU@0.7 | mIoU  |
+-----------------+-----------------+-----------------+-----------------+-------+
|      37.26      |      18.20      |      70.32      |      39.84      | 34.80 |
+-----------------+-----------------+-----------------+-----------------+-------+

2021-11-30 21:11:10,561 
iter: 20898 train loss 0.0612 test loss 0.3686
+performance on testing set---------+-----------------+-----------------+-------+
| Rank@1,mIoU@0.5 | Rank@1,mIoU@0.7 | Rank@5,mIoU@0.5 | Rank@5,mIoU@0.7 | mIoU  |
+-----------------+-----------------+-----------------+-----------------+-------+
|      37.07      |      18.17      |      71.34      |      39.87      | 34.82 |
+-----------------+-----------------+-----------------+-----------------+-------+

2021-11-30 21:13:40,324 
iter: 21285 train loss 0.0614 test loss 0.3904
+performance on testing set---------+-----------------+-----------------+-------+
| Rank@1,mIoU@0.5 | Rank@1,mIoU@0.7 | Rank@5,mIoU@0.5 | Rank@5,mIoU@0.7 | mIoU  |
+-----------------+-----------------+-----------------+-----------------+-------+
|      37.28      |      18.82      |      70.05      |      39.54      | 35.04 |
+-----------------+-----------------+-----------------+-----------------+-------+

2021-11-30 21:16:11,674 
iter: 21672 train loss 0.0615 test loss 0.4237
+performance on testing set---------+-----------------+-----------------+-------+
| Rank@1,mIoU@0.5 | Rank@1,mIoU@0.7 | Rank@5,mIoU@0.5 | Rank@5,mIoU@0.7 | mIoU  |
+-----------------+-----------------+-----------------+-----------------+-------+
|      36.42      |      17.69      |      69.49      |      39.41      | 34.19 |
+-----------------+-----------------+-----------------+-----------------+-------+

2021-11-30 21:18:40,833 
iter: 22059 train loss 0.0610 test loss 0.3930
+performance on testing set---------+-----------------+-----------------+-------+
| Rank@1,mIoU@0.5 | Rank@1,mIoU@0.7 | Rank@5,mIoU@0.5 | Rank@5,mIoU@0.7 | mIoU  |
+-----------------+-----------------+-----------------+-----------------+-------+
|      38.06      |      19.11      |      71.88      |      42.12      | 35.80 |
+-----------------+-----------------+-----------------+-----------------+-------+

2021-11-30 21:21:11,667 
iter: 22446 train loss 0.0614 test loss 0.4322
+performance on testing set---------+-----------------+-----------------+-------+
| Rank@1,mIoU@0.5 | Rank@1,mIoU@0.7 | Rank@5,mIoU@0.5 | Rank@5,mIoU@0.7 | mIoU  |
+-----------------+-----------------+-----------------+-----------------+-------+
|      36.94      |      17.96      |      70.46      |      40.35      | 34.48 |
+-----------------+-----------------+-----------------+-----------------+-------+

2021-11-30 21:23:42,026 
iter: 22833 train loss 0.0609 test loss 0.4102
+performance on testing set---------+-----------------+-----------------+-------+
| Rank@1,mIoU@0.5 | Rank@1,mIoU@0.7 | Rank@5,mIoU@0.5 | Rank@5,mIoU@0.7 | mIoU  |
+-----------------+-----------------+-----------------+-----------------+-------+
|      38.47      |      19.30      |      72.28      |      41.51      | 35.84 |
+-----------------+-----------------+-----------------+-----------------+-------+

2021-11-30 21:26:12,627 
iter: 23220 train loss 0.0610 test loss 0.3723
+performance on testing set---------+-----------------+-----------------+-------+
| Rank@1,mIoU@0.5 | Rank@1,mIoU@0.7 | Rank@5,mIoU@0.5 | Rank@5,mIoU@0.7 | mIoU  |
+-----------------+-----------------+-----------------+-----------------+-------+
|      38.52      |      18.74      |      71.13      |      41.10      | 35.44 |
+-----------------+-----------------+-----------------+-----------------+-------+

