2021-11-30 21:28:09,943 
Namespace(cfg='experiments/charades/2D-TAN-16x16-K5L8-pool.yaml', dataDir=None, gpus=None, logDir=None, modelDir=None, tag=None, verbose=True, workers=None)
2021-11-30 21:28:09,944 
{'CUDNN': {'BENCHMARK': True, 'DETERMINISTIC': False, 'ENABLED': True},
 'DATASET': {'BIAS': 0,
             'DOWNSAMPLING_STRIDE': 16,
             'MODALITY': '',
             'NAME': 'Charades',
             'NORMALIZE': True,
             'NO_VAL': True,
             'NUM_SAMPLE_CLIPS': 256,
             'RANDOM_SAMPLING': False,
             'ROOT': '',
             'SPLIT': '',
             'TARGET_STRIDE': 16,
             'VIS_INPUT_TYPE': 'vgg_rgb'},
 'DATA_DIR': './data/Charades-STA',
 'LOG_DIR': './log',
 'LOSS': {'NAME': 'bce_rescale_loss',
          'PARAMS': {'BIAS': 0.0, 'MAX_IOU': 1.0, 'MIN_IOU': 0.5}},
 'MODEL': {'CHECKPOINT': './checkpoints/Charades/TAN_vgg_rgb/iter004257-0.4102-0.8433.pkl',
           'NAME': 'TAN'},
 'MODEL_DIR': './checkpoints',
 'RESULT_DIR': './results',
 'TAG': '',
 'TAN': {'FRAME_MODULE': {'NAME': 'FrameAvgPool',
                          'PARAMS': {'HIDDEN_SIZE': 512,
                                     'INPUT_SIZE': 4096,
                                     'KERNEL_SIZE': 16,
                                     'STRIDE': 16}},
         'FUSION_MODULE': {'NAME': 'BaseFusion',
                           'PARAMS': {'HIDDEN_SIZE': 512,
                                      'LSTM': {'BIDIRECTIONAL': False,
                                               'NUM_LAYERS': 3},
                                      'TXT_HIDDEN_SIZE': 512,
                                      'TXT_INPUT_SIZE': 300}},
         'MAP_MODULE': {'NAME': 'MapConv',
                        'PARAMS': {'DILATIONS': [1, 1, 1, 1, 1, 1, 1, 1],
                                   'HIDDEN_SIZES': [512,
                                                    512,
                                                    512,
                                                    512,
                                                    512,
                                                    512,
                                                    512,
                                                    512],
                                   'INPUT_SIZE': 512,
                                   'KERNEL_SIZES': [5, 5, 5, 5, 5, 5, 5, 5],
                                   'PADDINGS': [2, 2, 2, 2, 2, 2, 2, 2],
                                   'STRIDES': [1, 1, 1, 1, 1, 1, 1, 1]}},
         'PRED_INPUT_SIZE': 512,
         'PROP_MODULE': {'NAME': 'SparsePropMaxPool',
                         'PARAMS': {'NUM_SCALE_LAYERS': [16]}}},
 'TEST': {'BATCH_SIZE': 32,
          'EVAL_TRAIN': False,
          'INTERVAL': 1,
          'NMS_THRESH': 0.45,
          'RECALL': '1,5',
          'TIOU': '0.5,0.7',
          'TOP_K': 10},
 'TRAIN': {'BATCH_SIZE': 32,
           'CONTINUE': True,
           'FACTOR': 0.8,
           'LR': 1e-05,
           'MAX_EPOCH': 100,
           'PATIENCE': 20,
           'SHUFFLE': True,
           'WEIGHT_DECAY': 0.0},
 'VERBOSE': True,
 'WORKERS': 16}
2021-11-30 21:30:46,903 
iter: 387 train loss 0.1167 test loss 0.1435
+performance on testing set---------+-----------------+-----------------+-------+
| Rank@1,mIoU@0.5 | Rank@1,mIoU@0.7 | Rank@5,mIoU@0.5 | Rank@5,mIoU@0.7 | mIoU  |
+-----------------+-----------------+-----------------+-----------------+-------+
|      41.69      |      23.49      |      83.33      |      48.98      | 38.29 |
+-----------------+-----------------+-----------------+-----------------+-------+

2021-11-30 21:33:18,245 
iter: 774 train loss 0.1152 test loss 0.1475
+performance on testing set---------+-----------------+-----------------+-------+
| Rank@1,mIoU@0.5 | Rank@1,mIoU@0.7 | Rank@5,mIoU@0.5 | Rank@5,mIoU@0.7 | mIoU  |
+-----------------+-----------------+-----------------+-----------------+-------+
|      41.34      |      22.63      |      82.74      |      47.61      | 38.23 |
+-----------------+-----------------+-----------------+-----------------+-------+

2021-11-30 21:35:50,237 
iter: 1161 train loss 0.1142 test loss 0.1473
+performance on testing set---------+-----------------+-----------------+-------+
| Rank@1,mIoU@0.5 | Rank@1,mIoU@0.7 | Rank@5,mIoU@0.5 | Rank@5,mIoU@0.7 | mIoU  |
+-----------------+-----------------+-----------------+-----------------+-------+
|      41.85      |      23.58      |      83.12      |      48.68      | 38.43 |
+-----------------+-----------------+-----------------+-----------------+-------+

2021-11-30 21:38:21,754 
iter: 1548 train loss 0.1134 test loss 0.1458
+performance on testing set---------+-----------------+-----------------+-------+
| Rank@1,mIoU@0.5 | Rank@1,mIoU@0.7 | Rank@5,mIoU@0.5 | Rank@5,mIoU@0.7 | mIoU  |
+-----------------+-----------------+-----------------+-----------------+-------+
|      41.77      |      22.66      |      83.49      |      47.85      | 38.34 |
+-----------------+-----------------+-----------------+-----------------+-------+

2021-11-30 21:40:53,227 
iter: 1935 train loss 0.1125 test loss 0.1487
+performance on testing set---------+-----------------+-----------------+-------+
| Rank@1,mIoU@0.5 | Rank@1,mIoU@0.7 | Rank@5,mIoU@0.5 | Rank@5,mIoU@0.7 | mIoU  |
+-----------------+-----------------+-----------------+-----------------+-------+
|      42.12      |      23.01      |      82.45      |      47.63      | 38.27 |
+-----------------+-----------------+-----------------+-----------------+-------+

2021-11-30 21:43:24,230 
iter: 2322 train loss 0.1117 test loss 0.1485
+performance on testing set---------+-----------------+-----------------+-------+
| Rank@1,mIoU@0.5 | Rank@1,mIoU@0.7 | Rank@5,mIoU@0.5 | Rank@5,mIoU@0.7 | mIoU  |
+-----------------+-----------------+-----------------+-----------------+-------+
|      42.50      |      23.09      |      82.98      |      47.61      | 38.82 |
+-----------------+-----------------+-----------------+-----------------+-------+

2021-11-30 21:45:54,959 
iter: 2709 train loss 0.1110 test loss 0.1484
+performance on testing set---------+-----------------+-----------------+-------+
| Rank@1,mIoU@0.5 | Rank@1,mIoU@0.7 | Rank@5,mIoU@0.5 | Rank@5,mIoU@0.7 | mIoU  |
+-----------------+-----------------+-----------------+-----------------+-------+
|      41.77      |      23.28      |      83.23      |      48.92      | 38.20 |
+-----------------+-----------------+-----------------+-----------------+-------+

2021-11-30 21:48:25,837 
iter: 3096 train loss 0.1103 test loss 0.1496
+performance on testing set---------+-----------------+-----------------+-------+
| Rank@1,mIoU@0.5 | Rank@1,mIoU@0.7 | Rank@5,mIoU@0.5 | Rank@5,mIoU@0.7 | mIoU  |
+-----------------+-----------------+-----------------+-----------------+-------+
|      42.53      |      23.17      |      83.36      |      48.01      | 38.86 |
+-----------------+-----------------+-----------------+-----------------+-------+

2021-11-30 21:50:57,223 
iter: 3483 train loss 0.1093 test loss 0.1522
+performance on testing set---------+-----------------+-----------------+-------+
| Rank@1,mIoU@0.5 | Rank@1,mIoU@0.7 | Rank@5,mIoU@0.5 | Rank@5,mIoU@0.7 | mIoU  |
+-----------------+-----------------+-----------------+-----------------+-------+
|      42.26      |      23.31      |      82.96      |      48.58      | 38.54 |
+-----------------+-----------------+-----------------+-----------------+-------+

2021-11-30 21:53:28,258 
iter: 3870 train loss 0.1087 test loss 0.1542
+performance on testing set---------+-----------------+-----------------+-------+
| Rank@1,mIoU@0.5 | Rank@1,mIoU@0.7 | Rank@5,mIoU@0.5 | Rank@5,mIoU@0.7 | mIoU  |
+-----------------+-----------------+-----------------+-----------------+-------+
|      42.63      |      23.33      |      81.77      |      48.44      | 38.45 |
+-----------------+-----------------+-----------------+-----------------+-------+

2021-11-30 21:55:59,756 
iter: 4257 train loss 0.1077 test loss 0.1520
+performance on testing set---------+-----------------+-----------------+-------+
| Rank@1,mIoU@0.5 | Rank@1,mIoU@0.7 | Rank@5,mIoU@0.5 | Rank@5,mIoU@0.7 | mIoU  |
+-----------------+-----------------+-----------------+-----------------+-------+
|      42.07      |      23.28      |      82.82      |      48.28      | 38.61 |
+-----------------+-----------------+-----------------+-----------------+-------+

2021-11-30 21:58:30,874 
iter: 4644 train loss 0.1070 test loss 0.1549
+performance on testing set---------+-----------------+-----------------+-------+
| Rank@1,mIoU@0.5 | Rank@1,mIoU@0.7 | Rank@5,mIoU@0.5 | Rank@5,mIoU@0.7 | mIoU  |
+-----------------+-----------------+-----------------+-----------------+-------+
|      42.85      |      23.63      |      82.23      |      48.36      | 38.86 |
+-----------------+-----------------+-----------------+-----------------+-------+

2021-11-30 22:01:02,066 
iter: 5031 train loss 0.1063 test loss 0.1570
+performance on testing set---------+-----------------+-----------------+-------+
| Rank@1,mIoU@0.5 | Rank@1,mIoU@0.7 | Rank@5,mIoU@0.5 | Rank@5,mIoU@0.7 | mIoU  |
+-----------------+-----------------+-----------------+-----------------+-------+
|      41.88      |      22.82      |      82.02      |      48.15      | 38.28 |
+-----------------+-----------------+-----------------+-----------------+-------+

2021-11-30 22:03:33,225 
iter: 5418 train loss 0.1055 test loss 0.1543
+performance on testing set---------+-----------------+-----------------+-------+
| Rank@1,mIoU@0.5 | Rank@1,mIoU@0.7 | Rank@5,mIoU@0.5 | Rank@5,mIoU@0.7 | mIoU  |
+-----------------+-----------------+-----------------+-----------------+-------+
|      42.45      |      23.49      |      82.63      |      48.87      | 38.85 |
+-----------------+-----------------+-----------------+-----------------+-------+

2021-11-30 22:06:04,618 
iter: 5805 train loss 0.1045 test loss 0.1552
+performance on testing set---------+-----------------+-----------------+-------+
| Rank@1,mIoU@0.5 | Rank@1,mIoU@0.7 | Rank@5,mIoU@0.5 | Rank@5,mIoU@0.7 | mIoU  |
+-----------------+-----------------+-----------------+-----------------+-------+
|      42.77      |      23.36      |      82.18      |      48.87      | 38.96 |
+-----------------+-----------------+-----------------+-----------------+-------+

2021-11-30 22:08:35,803 
iter: 6192 train loss 0.1038 test loss 0.1578
+performance on testing set---------+-----------------+-----------------+-------+
| Rank@1,mIoU@0.5 | Rank@1,mIoU@0.7 | Rank@5,mIoU@0.5 | Rank@5,mIoU@0.7 | mIoU  |
+-----------------+-----------------+-----------------+-----------------+-------+
|      42.88      |      23.66      |      82.10      |      48.47      | 38.99 |
+-----------------+-----------------+-----------------+-----------------+-------+

2021-11-30 22:11:09,102 
iter: 6579 train loss 0.1031 test loss 0.1629
+performance on testing set---------+-----------------+-----------------+-------+
| Rank@1,mIoU@0.5 | Rank@1,mIoU@0.7 | Rank@5,mIoU@0.5 | Rank@5,mIoU@0.7 | mIoU  |
+-----------------+-----------------+-----------------+-----------------+-------+
|      42.20      |      23.17      |      81.61      |      47.74      | 38.51 |
+-----------------+-----------------+-----------------+-----------------+-------+

2021-11-30 22:13:40,395 
iter: 6966 train loss 0.1022 test loss 0.1576
+performance on testing set---------+-----------------+-----------------+-------+
| Rank@1,mIoU@0.5 | Rank@1,mIoU@0.7 | Rank@5,mIoU@0.5 | Rank@5,mIoU@0.7 | mIoU  |
+-----------------+-----------------+-----------------+-----------------+-------+
|      41.67      |      22.55      |      81.37      |      47.47      | 38.53 |
+-----------------+-----------------+-----------------+-----------------+-------+

2021-11-30 22:16:12,298 
iter: 7353 train loss 0.1016 test loss 0.1642
+performance on testing set---------+-----------------+-----------------+-------+
| Rank@1,mIoU@0.5 | Rank@1,mIoU@0.7 | Rank@5,mIoU@0.5 | Rank@5,mIoU@0.7 | mIoU  |
+-----------------+-----------------+-----------------+-----------------+-------+
|      42.07      |      22.80      |      81.59      |      47.39      | 38.37 |
+-----------------+-----------------+-----------------+-----------------+-------+

2021-11-30 22:18:43,911 
iter: 7740 train loss 0.1006 test loss 0.1623
+performance on testing set---------+-----------------+-----------------+-------+
| Rank@1,mIoU@0.5 | Rank@1,mIoU@0.7 | Rank@5,mIoU@0.5 | Rank@5,mIoU@0.7 | mIoU  |
+-----------------+-----------------+-----------------+-----------------+-------+
|      42.23      |      23.04      |      81.05      |      47.20      | 38.93 |
+-----------------+-----------------+-----------------+-----------------+-------+

2021-11-30 22:21:15,354 
iter: 8127 train loss 0.0996 test loss 0.1696
+performance on testing set---------+-----------------+-----------------+-------+
| Rank@1,mIoU@0.5 | Rank@1,mIoU@0.7 | Rank@5,mIoU@0.5 | Rank@5,mIoU@0.7 | mIoU  |
+-----------------+-----------------+-----------------+-----------------+-------+
|      42.85      |      23.12      |      80.67      |      47.34      | 38.54 |
+-----------------+-----------------+-----------------+-----------------+-------+

2021-11-30 22:23:46,898 
iter: 8514 train loss 0.0991 test loss 0.1685
+performance on testing set---------+-----------------+-----------------+-------+
| Rank@1,mIoU@0.5 | Rank@1,mIoU@0.7 | Rank@5,mIoU@0.5 | Rank@5,mIoU@0.7 | mIoU  |
+-----------------+-----------------+-----------------+-----------------+-------+
|      42.02      |      23.09      |      79.73      |      47.88      | 38.35 |
+-----------------+-----------------+-----------------+-----------------+-------+

2021-11-30 22:26:18,555 
iter: 8901 train loss 0.0983 test loss 0.1675
+performance on testing set---------+-----------------+-----------------+-------+
| Rank@1,mIoU@0.5 | Rank@1,mIoU@0.7 | Rank@5,mIoU@0.5 | Rank@5,mIoU@0.7 | mIoU  |
+-----------------+-----------------+-----------------+-----------------+-------+
|      42.10      |      22.61      |      80.35      |      47.45      | 38.42 |
+-----------------+-----------------+-----------------+-----------------+-------+

2021-11-30 22:28:49,746 
iter: 9288 train loss 0.0972 test loss 0.1668
+performance on testing set---------+-----------------+-----------------+-------+
| Rank@1,mIoU@0.5 | Rank@1,mIoU@0.7 | Rank@5,mIoU@0.5 | Rank@5,mIoU@0.7 | mIoU  |
+-----------------+-----------------+-----------------+-----------------+-------+
|      42.04      |      22.02      |      80.27      |      46.91      | 38.49 |
+-----------------+-----------------+-----------------+-----------------+-------+

2021-11-30 22:31:21,195 
iter: 9675 train loss 0.0966 test loss 0.1738
+performance on testing set---------+-----------------+-----------------+-------+
| Rank@1,mIoU@0.5 | Rank@1,mIoU@0.7 | Rank@5,mIoU@0.5 | Rank@5,mIoU@0.7 | mIoU  |
+-----------------+-----------------+-----------------+-----------------+-------+
|      42.31      |      22.63      |      79.35      |      46.80      | 38.70 |
+-----------------+-----------------+-----------------+-----------------+-------+

2021-11-30 22:33:52,297 
iter: 10062 train loss 0.0959 test loss 0.1802
+performance on testing set---------+-----------------+-----------------+-------+
| Rank@1,mIoU@0.5 | Rank@1,mIoU@0.7 | Rank@5,mIoU@0.5 | Rank@5,mIoU@0.7 | mIoU  |
+-----------------+-----------------+-----------------+-----------------+-------+
|      42.50      |      23.17      |      79.03      |      47.55      | 38.69 |
+-----------------+-----------------+-----------------+-----------------+-------+

2021-11-30 22:36:23,181 
iter: 10449 train loss 0.0950 test loss 0.1754
+performance on testing set---------+-----------------+-----------------+-------+
| Rank@1,mIoU@0.5 | Rank@1,mIoU@0.7 | Rank@5,mIoU@0.5 | Rank@5,mIoU@0.7 | mIoU  |
+-----------------+-----------------+-----------------+-----------------+-------+
|      41.10      |      22.28      |      79.01      |      47.26      | 38.16 |
+-----------------+-----------------+-----------------+-----------------+-------+

2021-11-30 22:38:53,864 
iter: 10836 train loss 0.0942 test loss 0.1799
+performance on testing set---------+-----------------+-----------------+-------+
| Rank@1,mIoU@0.5 | Rank@1,mIoU@0.7 | Rank@5,mIoU@0.5 | Rank@5,mIoU@0.7 | mIoU  |
+-----------------+-----------------+-----------------+-----------------+-------+
|      41.40      |      22.74      |      77.69      |      46.91      | 37.87 |
+-----------------+-----------------+-----------------+-----------------+-------+

