2021-12-03 13:03:07,187 
Namespace(cfg='experiments/tacos/2D-TAN-128x128-K5L8-pool.yaml', dataDir=None, gpus=None, logDir=None, modelDir=None, tag=None, verbose=True, workers=None)
2021-12-03 13:03:07,187 
{'CUDNN': {'BENCHMARK': True, 'DETERMINISTIC': False, 'ENABLED': True},
 'DATASET': {'BIAS': 0,
             'DOWNSAMPLING_STRIDE': 16,
             'MODALITY': '',
             'NAME': 'TACoS',
             'NORMALIZE': True,
             'NO_VAL': True,
             'NUM_SAMPLE_CLIPS': 256,
             'RANDOM_SAMPLING': False,
             'ROOT': '',
             'SPLIT': '',
             'TARGET_STRIDE': 2,
             'VIS_INPUT_TYPE': 'c3d'},
 'DATA_DIR': './data/TACoS',
 'LOG_DIR': './log',
 'LOSS': {'NAME': 'bce_rescale_loss',
          'PARAMS': {'BIAS': 0.0, 'MAX_IOU': 0.7, 'MIN_IOU': 0.3}},
 'MODEL': {'CHECKPOINT': './checkpoints/TACoS/iter010370-0.4759-0.7031.pkl',
           'NAME': 'TAN'},
 'MODEL_DIR': './checkpoints',
 'RESULT_DIR': './results',
 'TAG': '',
 'TAN': {'FRAME_MODULE': {'NAME': 'FrameAvgPool',
                          'PARAMS': {'HIDDEN_SIZE': 512,
                                     'INPUT_SIZE': 4096,
                                     'KERNEL_SIZE': 2,
                                     'STRIDE': 2}},
         'FUSION_MODULE': {'NAME': 'BaseFusion',
                           'PARAMS': {'HIDDEN_SIZE': 512,
                                      'LSTM': {'BIDIRECTIONAL': False,
                                               'NUM_LAYERS': 3},
                                      'TXT_HIDDEN_SIZE': 512,
                                      'TXT_INPUT_SIZE': 300}},
         'MAP_MODULE': {'NAME': 'MapConv',
                        'PARAMS': {'DILATIONS': [1, 1, 1, 1, 1, 1, 1, 1],
                                   'HIDDEN_SIZES': [512,
                                                    512,
                                                    512,
                                                    512,
                                                    512,
                                                    512,
                                                    512,
                                                    512],
                                   'INPUT_SIZE': 512,
                                   'KERNEL_SIZES': [5, 5, 5, 5, 5, 5, 5, 5],
                                   'PADDINGS': [2, 2, 2, 2, 2, 2, 2, 2],
                                   'STRIDES': [1, 1, 1, 1, 1, 1, 1, 1]}},
         'PRED_INPUT_SIZE': 512,
         'PROP_MODULE': {'NAME': 'SparsePropMaxPool',
                         'PARAMS': {'NUM_SCALE_LAYERS': [16, 8, 8, 8]}}},
 'TEST': {'BATCH_SIZE': 32,
          'EVAL_TRAIN': False,
          'INTERVAL': 1,
          'NMS_THRESH': 0.4,
          'RECALL': '1,5',
          'TIOU': '0.1,0.3,0.5,0.7',
          'TOP_K': 10},
 'TRAIN': {'BATCH_SIZE': 32,
           'CONTINUE': False,
           'FACTOR': 0.8,
           'LR': 0.0001,
           'MAX_EPOCH': 100,
           'PATIENCE': 20,
           'SHUFFLE': True,
           'WEIGHT_DECAY': 0.0},
 'VERBOSE': True,
 'WORKERS': 16}
2021-12-03 13:14:01,391 
iter: 305 train loss 0.2007 test loss 0.1096
+performance on testing set---------+-----------------+-----------------+-----------------+-----------------+-----------------+-----------------+-------+
| Rank@1,mIoU@0.1 | Rank@1,mIoU@0.3 | Rank@1,mIoU@0.5 | Rank@1,mIoU@0.7 | Rank@5,mIoU@0.1 | Rank@5,mIoU@0.3 | Rank@5,mIoU@0.5 | Rank@5,mIoU@0.7 | mIoU  |
+-----------------+-----------------+-----------------+-----------------+-----------------+-----------------+-----------------+-----------------+-------+
|      28.77      |      12.75      |       6.52      |       2.05      |      70.46      |      38.14      |      21.94      |       8.47      | 10.13 |
+-----------------+-----------------+-----------------+-----------------+-----------------+-----------------+-----------------+-----------------+-------+

2021-12-03 13:24:51,191 
iter: 610 train loss 0.1139 test loss 0.1049
+performance on testing set---------+-----------------+-----------------+-----------------+-----------------+-----------------+-----------------+-------+
| Rank@1,mIoU@0.1 | Rank@1,mIoU@0.3 | Rank@1,mIoU@0.5 | Rank@1,mIoU@0.7 | Rank@5,mIoU@0.1 | Rank@5,mIoU@0.3 | Rank@5,mIoU@0.5 | Rank@5,mIoU@0.7 | mIoU  |
+-----------------+-----------------+-----------------+-----------------+-----------------+-----------------+-----------------+-----------------+-------+
|      37.77      |      22.82      |      12.35      |       5.27      |      71.21      |      49.54      |      33.17      |      14.02      | 15.74 |
+-----------------+-----------------+-----------------+-----------------+-----------------+-----------------+-----------------+-----------------+-------+

2021-12-03 13:35:40,221 
iter: 915 train loss 0.1053 test loss 0.1027
+performance on testing set---------+-----------------+-----------------+-----------------+-----------------+-----------------+-----------------+-------+
| Rank@1,mIoU@0.1 | Rank@1,mIoU@0.3 | Rank@1,mIoU@0.5 | Rank@1,mIoU@0.7 | Rank@5,mIoU@0.1 | Rank@5,mIoU@0.3 | Rank@5,mIoU@0.5 | Rank@5,mIoU@0.7 | mIoU  |
+-----------------+-----------------+-----------------+-----------------+-----------------+-----------------+-----------------+-----------------+-------+
|      38.44      |      26.59      |      16.20      |       6.65      |      70.86      |      52.39      |      37.54      |      17.32      | 17.74 |
+-----------------+-----------------+-----------------+-----------------+-----------------+-----------------+-----------------+-----------------+-------+

2021-12-03 13:46:26,189 
iter: 1220 train loss 0.0999 test loss 0.1043
+performance on testing set---------+-----------------+-----------------+-----------------+-----------------+-----------------+-----------------+-------+
| Rank@1,mIoU@0.1 | Rank@1,mIoU@0.3 | Rank@1,mIoU@0.5 | Rank@1,mIoU@0.7 | Rank@5,mIoU@0.1 | Rank@5,mIoU@0.3 | Rank@5,mIoU@0.5 | Rank@5,mIoU@0.7 | mIoU  |
+-----------------+-----------------+-----------------+-----------------+-----------------+-----------------+-----------------+-----------------+-------+
|      37.57      |      27.07      |      16.37      |       7.22      |      70.46      |      54.04      |      39.32      |      18.22      | 17.97 |
+-----------------+-----------------+-----------------+-----------------+-----------------+-----------------+-----------------+-----------------+-------+

2021-12-03 13:57:13,298 
iter: 1525 train loss 0.0960 test loss 0.1042
+performance on testing set---------+-----------------+-----------------+-----------------+-----------------+-----------------+-----------------+-------+
| Rank@1,mIoU@0.1 | Rank@1,mIoU@0.3 | Rank@1,mIoU@0.5 | Rank@1,mIoU@0.7 | Rank@5,mIoU@0.1 | Rank@5,mIoU@0.3 | Rank@5,mIoU@0.5 | Rank@5,mIoU@0.7 | mIoU  |
+-----------------+-----------------+-----------------+-----------------+-----------------+-----------------+-----------------+-----------------+-------+
|      37.84      |      26.54      |      15.25      |       6.27      |      72.38      |      53.01      |      38.37      |      16.77      | 17.69 |
+-----------------+-----------------+-----------------+-----------------+-----------------+-----------------+-----------------+-----------------+-------+

2021-12-03 14:08:01,021 
iter: 1830 train loss 0.0936 test loss 0.1040
+performance on testing set---------+-----------------+-----------------+-----------------+-----------------+-----------------+-----------------+-------+
| Rank@1,mIoU@0.1 | Rank@1,mIoU@0.3 | Rank@1,mIoU@0.5 | Rank@1,mIoU@0.7 | Rank@5,mIoU@0.1 | Rank@5,mIoU@0.3 | Rank@5,mIoU@0.5 | Rank@5,mIoU@0.7 | mIoU  |
+-----------------+-----------------+-----------------+-----------------+-----------------+-----------------+-----------------+-----------------+-------+
|      36.92      |      27.24      |      16.65      |       7.40      |      70.11      |      52.31      |      38.02      |      16.85      | 17.96 |
+-----------------+-----------------+-----------------+-----------------+-----------------+-----------------+-----------------+-----------------+-------+

2021-12-03 14:18:48,092 
iter: 2135 train loss 0.0911 test loss 0.1049
+performance on testing set---------+-----------------+-----------------+-----------------+-----------------+-----------------+-----------------+-------+
| Rank@1,mIoU@0.1 | Rank@1,mIoU@0.3 | Rank@1,mIoU@0.5 | Rank@1,mIoU@0.7 | Rank@5,mIoU@0.1 | Rank@5,mIoU@0.3 | Rank@5,mIoU@0.5 | Rank@5,mIoU@0.7 | mIoU  |
+-----------------+-----------------+-----------------+-----------------+-----------------+-----------------+-----------------+-----------------+-------+
|      38.42      |      28.67      |      18.02      |       8.30      |      70.81      |      56.09      |      41.11      |      19.02      | 19.07 |
+-----------------+-----------------+-----------------+-----------------+-----------------+-----------------+-----------------+-----------------+-------+

2021-12-03 14:29:35,253 
iter: 2440 train loss 0.0883 test loss 0.1041
+performance on testing set---------+-----------------+-----------------+-----------------+-----------------+-----------------+-----------------+-------+
| Rank@1,mIoU@0.1 | Rank@1,mIoU@0.3 | Rank@1,mIoU@0.5 | Rank@1,mIoU@0.7 | Rank@5,mIoU@0.1 | Rank@5,mIoU@0.3 | Rank@5,mIoU@0.5 | Rank@5,mIoU@0.7 | mIoU  |
+-----------------+-----------------+-----------------+-----------------+-----------------+-----------------+-----------------+-----------------+-------+
|      38.67      |      29.27      |      18.27      |       8.50      |      71.61      |      55.91      |      40.61      |      18.55      | 19.34 |
+-----------------+-----------------+-----------------+-----------------+-----------------+-----------------+-----------------+-----------------+-------+

2021-12-03 14:40:26,189 
iter: 2745 train loss 0.0850 test loss 0.1080
+performance on testing set---------+-----------------+-----------------+-----------------+-----------------+-----------------+-----------------+-------+
| Rank@1,mIoU@0.1 | Rank@1,mIoU@0.3 | Rank@1,mIoU@0.5 | Rank@1,mIoU@0.7 | Rank@5,mIoU@0.1 | Rank@5,mIoU@0.3 | Rank@5,mIoU@0.5 | Rank@5,mIoU@0.7 | mIoU  |
+-----------------+-----------------+-----------------+-----------------+-----------------+-----------------+-----------------+-----------------+-------+
|      38.72      |      29.79      |      19.25      |       8.97      |      71.06      |      56.61      |      41.66      |      20.24      | 19.75 |
+-----------------+-----------------+-----------------+-----------------+-----------------+-----------------+-----------------+-----------------+-------+

2021-12-03 14:51:13,201 
iter: 3050 train loss 0.0821 test loss 0.1134
+performance on testing set---------+-----------------+-----------------+-----------------+-----------------+-----------------+-----------------+-------+
| Rank@1,mIoU@0.1 | Rank@1,mIoU@0.3 | Rank@1,mIoU@0.5 | Rank@1,mIoU@0.7 | Rank@5,mIoU@0.1 | Rank@5,mIoU@0.3 | Rank@5,mIoU@0.5 | Rank@5,mIoU@0.7 | mIoU  |
+-----------------+-----------------+-----------------+-----------------+-----------------+-----------------+-----------------+-----------------+-------+
|      39.62      |      30.62      |      19.55      |       9.10      |      70.13      |      55.86      |      40.46      |      19.90      | 20.16 |
+-----------------+-----------------+-----------------+-----------------+-----------------+-----------------+-----------------+-----------------+-------+

2021-12-03 15:02:01,710 
iter: 3355 train loss 0.0789 test loss 0.1082
+performance on testing set---------+-----------------+-----------------+-----------------+-----------------+-----------------+-----------------+-------+
| Rank@1,mIoU@0.1 | Rank@1,mIoU@0.3 | Rank@1,mIoU@0.5 | Rank@1,mIoU@0.7 | Rank@5,mIoU@0.1 | Rank@5,mIoU@0.3 | Rank@5,mIoU@0.5 | Rank@5,mIoU@0.7 | mIoU  |
+-----------------+-----------------+-----------------+-----------------+-----------------+-----------------+-----------------+-----------------+-------+
|      40.84      |      31.54      |      22.07      |      10.45      |      68.88      |      55.61      |      42.41      |      20.00      | 21.45 |
+-----------------+-----------------+-----------------+-----------------+-----------------+-----------------+-----------------+-----------------+-------+

2021-12-03 15:12:48,565 
iter: 3660 train loss 0.0762 test loss 0.1123
+performance on testing set---------+-----------------+-----------------+-----------------+-----------------+-----------------+-----------------+-------+
| Rank@1,mIoU@0.1 | Rank@1,mIoU@0.3 | Rank@1,mIoU@0.5 | Rank@1,mIoU@0.7 | Rank@5,mIoU@0.1 | Rank@5,mIoU@0.3 | Rank@5,mIoU@0.5 | Rank@5,mIoU@0.7 | mIoU  |
+-----------------+-----------------+-----------------+-----------------+-----------------+-----------------+-----------------+-----------------+-------+
|      44.16      |      34.02      |      22.42      |      11.00      |      71.36      |      58.44      |      45.34      |      22.37      | 22.69 |
+-----------------+-----------------+-----------------+-----------------+-----------------+-----------------+-----------------+-----------------+-------+

2021-12-03 15:23:37,234 
iter: 3965 train loss 0.0736 test loss 0.1185
+performance on testing set---------+-----------------+-----------------+-----------------+-----------------+-----------------+-----------------+-------+
| Rank@1,mIoU@0.1 | Rank@1,mIoU@0.3 | Rank@1,mIoU@0.5 | Rank@1,mIoU@0.7 | Rank@5,mIoU@0.1 | Rank@5,mIoU@0.3 | Rank@5,mIoU@0.5 | Rank@5,mIoU@0.7 | mIoU  |
+-----------------+-----------------+-----------------+-----------------+-----------------+-----------------+-----------------+-----------------+-------+
|      42.36      |      31.62      |      20.99      |      10.42      |      72.23      |      56.84      |      43.39      |      21.82      | 21.58 |
+-----------------+-----------------+-----------------+-----------------+-----------------+-----------------+-----------------+-----------------+-------+

2021-12-03 15:34:24,540 
iter: 4270 train loss 0.0716 test loss 0.1145
+performance on testing set---------+-----------------+-----------------+-----------------+-----------------+-----------------+-----------------+-------+
| Rank@1,mIoU@0.1 | Rank@1,mIoU@0.3 | Rank@1,mIoU@0.5 | Rank@1,mIoU@0.7 | Rank@5,mIoU@0.1 | Rank@5,mIoU@0.3 | Rank@5,mIoU@0.5 | Rank@5,mIoU@0.7 | mIoU  |
+-----------------+-----------------+-----------------+-----------------+-----------------+-----------------+-----------------+-----------------+-------+
|      45.86      |      35.37      |      23.47      |      11.65      |      72.21      |      58.81      |      45.44      |      23.24      | 23.86 |
+-----------------+-----------------+-----------------+-----------------+-----------------+-----------------+-----------------+-----------------+-------+

2021-12-03 15:45:15,086 
iter: 4575 train loss 0.0701 test loss 0.1159
+performance on testing set---------+-----------------+-----------------+-----------------+-----------------+-----------------+-----------------+-------+
| Rank@1,mIoU@0.1 | Rank@1,mIoU@0.3 | Rank@1,mIoU@0.5 | Rank@1,mIoU@0.7 | Rank@5,mIoU@0.1 | Rank@5,mIoU@0.3 | Rank@5,mIoU@0.5 | Rank@5,mIoU@0.7 | mIoU  |
+-----------------+-----------------+-----------------+-----------------+-----------------+-----------------+-----------------+-----------------+-------+
|      45.44      |      34.34      |      22.79      |      11.25      |      73.23      |      58.31      |      43.96      |      21.84      | 23.34 |
+-----------------+-----------------+-----------------+-----------------+-----------------+-----------------+-----------------+-----------------+-------+

2021-12-03 15:56:02,211 
iter: 4880 train loss 0.0687 test loss 0.1192
+performance on testing set---------+-----------------+-----------------+-----------------+-----------------+-----------------+-----------------+-------+
| Rank@1,mIoU@0.1 | Rank@1,mIoU@0.3 | Rank@1,mIoU@0.5 | Rank@1,mIoU@0.7 | Rank@5,mIoU@0.1 | Rank@5,mIoU@0.3 | Rank@5,mIoU@0.5 | Rank@5,mIoU@0.7 | mIoU  |
+-----------------+-----------------+-----------------+-----------------+-----------------+-----------------+-----------------+-----------------+-------+
|      44.11      |      34.02      |      23.74      |      12.15      |      70.06      |      57.29      |      45.54      |      22.67      | 23.19 |
+-----------------+-----------------+-----------------+-----------------+-----------------+-----------------+-----------------+-----------------+-------+

2021-12-03 16:06:52,621 
iter: 5185 train loss 0.0668 test loss 0.1228
+performance on testing set---------+-----------------+-----------------+-----------------+-----------------+-----------------+-----------------+-------+
| Rank@1,mIoU@0.1 | Rank@1,mIoU@0.3 | Rank@1,mIoU@0.5 | Rank@1,mIoU@0.7 | Rank@5,mIoU@0.1 | Rank@5,mIoU@0.3 | Rank@5,mIoU@0.5 | Rank@5,mIoU@0.7 | mIoU  |
+-----------------+-----------------+-----------------+-----------------+-----------------+-----------------+-----------------+-----------------+-------+
|      45.59      |      35.84      |      24.04      |      11.55      |      71.66      |      59.71      |      45.69      |      22.79      | 23.93 |
+-----------------+-----------------+-----------------+-----------------+-----------------+-----------------+-----------------+-----------------+-------+

2021-12-03 16:17:38,691 
iter: 5490 train loss 0.0655 test loss 0.1250
+performance on testing set---------+-----------------+-----------------+-----------------+-----------------+-----------------+-----------------+-------+
| Rank@1,mIoU@0.1 | Rank@1,mIoU@0.3 | Rank@1,mIoU@0.5 | Rank@1,mIoU@0.7 | Rank@5,mIoU@0.1 | Rank@5,mIoU@0.3 | Rank@5,mIoU@0.5 | Rank@5,mIoU@0.7 | mIoU  |
+-----------------+-----------------+-----------------+-----------------+-----------------+-----------------+-----------------+-----------------+-------+
|      44.14      |      34.37      |      23.07      |      11.75      |      70.73      |      58.79      |      46.56      |      23.54      | 23.22 |
+-----------------+-----------------+-----------------+-----------------+-----------------+-----------------+-----------------+-----------------+-------+

2021-12-03 16:28:28,031 
iter: 5795 train loss 0.0637 test loss 0.1228
+performance on testing set---------+-----------------+-----------------+-----------------+-----------------+-----------------+-----------------+-------+
| Rank@1,mIoU@0.1 | Rank@1,mIoU@0.3 | Rank@1,mIoU@0.5 | Rank@1,mIoU@0.7 | Rank@5,mIoU@0.1 | Rank@5,mIoU@0.3 | Rank@5,mIoU@0.5 | Rank@5,mIoU@0.7 | mIoU  |
+-----------------+-----------------+-----------------+-----------------+-----------------+-----------------+-----------------+-----------------+-------+
|      45.74      |      36.04      |      24.52      |      12.80      |      71.21      |      59.34      |      46.69      |      24.19      | 24.26 |
+-----------------+-----------------+-----------------+-----------------+-----------------+-----------------+-----------------+-----------------+-------+

2021-12-03 16:39:15,554 
iter: 6100 train loss 0.0628 test loss 0.1210
+performance on testing set---------+-----------------+-----------------+-----------------+-----------------+-----------------+-----------------+-------+
| Rank@1,mIoU@0.1 | Rank@1,mIoU@0.3 | Rank@1,mIoU@0.5 | Rank@1,mIoU@0.7 | Rank@5,mIoU@0.1 | Rank@5,mIoU@0.3 | Rank@5,mIoU@0.5 | Rank@5,mIoU@0.7 | mIoU  |
+-----------------+-----------------+-----------------+-----------------+-----------------+-----------------+-----------------+-----------------+-------+
|      47.86      |      38.09      |      26.27      |      13.67      |      72.48      |      60.93      |      47.54      |      23.99      | 25.50 |
+-----------------+-----------------+-----------------+-----------------+-----------------+-----------------+-----------------+-----------------+-------+

2021-12-03 16:50:05,656 
iter: 6405 train loss 0.0615 test loss 0.1337
+performance on testing set---------+-----------------+-----------------+-----------------+-----------------+-----------------+-----------------+-------+
| Rank@1,mIoU@0.1 | Rank@1,mIoU@0.3 | Rank@1,mIoU@0.5 | Rank@1,mIoU@0.7 | Rank@5,mIoU@0.1 | Rank@5,mIoU@0.3 | Rank@5,mIoU@0.5 | Rank@5,mIoU@0.7 | mIoU  |
+-----------------+-----------------+-----------------+-----------------+-----------------+-----------------+-----------------+-----------------+-------+
|      47.26      |      35.22      |      23.84      |      12.37      |      73.96      |      59.39      |      45.36      |      23.29      | 24.27 |
+-----------------+-----------------+-----------------+-----------------+-----------------+-----------------+-----------------+-----------------+-------+

2021-12-03 17:00:52,622 
iter: 6710 train loss 0.0599 test loss 0.1416
+performance on testing set---------+-----------------+-----------------+-----------------+-----------------+-----------------+-----------------+-------+
| Rank@1,mIoU@0.1 | Rank@1,mIoU@0.3 | Rank@1,mIoU@0.5 | Rank@1,mIoU@0.7 | Rank@5,mIoU@0.1 | Rank@5,mIoU@0.3 | Rank@5,mIoU@0.5 | Rank@5,mIoU@0.7 | mIoU  |
+-----------------+-----------------+-----------------+-----------------+-----------------+-----------------+-----------------+-----------------+-------+
|      47.54      |      35.87      |      24.89      |      12.57      |      71.28      |      58.51      |      45.51      |      23.79      | 24.75 |
+-----------------+-----------------+-----------------+-----------------+-----------------+-----------------+-----------------+-----------------+-------+

2021-12-03 17:11:41,873 
iter: 7015 train loss 0.0591 test loss 0.1392
+performance on testing set---------+-----------------+-----------------+-----------------+-----------------+-----------------+-----------------+-------+
| Rank@1,mIoU@0.1 | Rank@1,mIoU@0.3 | Rank@1,mIoU@0.5 | Rank@1,mIoU@0.7 | Rank@5,mIoU@0.1 | Rank@5,mIoU@0.3 | Rank@5,mIoU@0.5 | Rank@5,mIoU@0.7 | mIoU  |
+-----------------+-----------------+-----------------+-----------------+-----------------+-----------------+-----------------+-----------------+-------+
|      45.21      |      35.29      |      25.59      |      12.90      |      70.43      |      58.24      |      46.51      |      24.17      | 24.38 |
+-----------------+-----------------+-----------------+-----------------+-----------------+-----------------+-----------------+-----------------+-------+

