2021-12-03 17:15:06,638 
Namespace(cfg='experiments/tacos/2D-TAN-128x128-K5L8-pool.yaml', dataDir=None, gpus=None, logDir=None, modelDir=None, tag=None, verbose=True, workers=None)
2021-12-03 17:15:06,639 
{'CUDNN': {'BENCHMARK': True, 'DETERMINISTIC': False, 'ENABLED': True},
 'DATASET': {'BIAS': 0,
             'DOWNSAMPLING_STRIDE': 16,
             'MODALITY': '',
             'NAME': 'TACoS',
             'NORMALIZE': True,
             'NO_VAL': True,
             'NUM_SAMPLE_CLIPS': 256,
             'RANDOM_SAMPLING': False,
             'ROOT': '',
             'SPLIT': '',
             'TARGET_STRIDE': 2,
             'VIS_INPUT_TYPE': 'c3d'},
 'DATA_DIR': './data/TACoS',
 'LOG_DIR': './log',
 'LOSS': {'NAME': 'bce_rescale_loss',
          'PARAMS': {'BIAS': 0.0, 'MAX_IOU': 0.7, 'MIN_IOU': 0.3}},
 'MODEL': {'CHECKPOINT': './checkpoints/TACoS/iter010370-0.4759-0.7031.pkl',
           'NAME': 'TAN'},
 'MODEL_DIR': './checkpoints',
 'RESULT_DIR': './results',
 'TAG': '',
 'TAN': {'FRAME_MODULE': {'NAME': 'FrameAvgPool',
                          'PARAMS': {'HIDDEN_SIZE': 512,
                                     'INPUT_SIZE': 4096,
                                     'KERNEL_SIZE': 2,
                                     'STRIDE': 2}},
         'FUSION_MODULE': {'NAME': 'BaseFusion',
                           'PARAMS': {'HIDDEN_SIZE': 512,
                                      'LSTM': {'BIDIRECTIONAL': False,
                                               'NUM_LAYERS': 3},
                                      'TXT_HIDDEN_SIZE': 512,
                                      'TXT_INPUT_SIZE': 300}},
         'MAP_MODULE': {'NAME': 'MapConv',
                        'PARAMS': {'DILATIONS': [1, 1, 1, 1, 1, 1, 1, 1],
                                   'HIDDEN_SIZES': [512,
                                                    512,
                                                    512,
                                                    512,
                                                    512,
                                                    512,
                                                    512,
                                                    512],
                                   'INPUT_SIZE': 512,
                                   'KERNEL_SIZES': [5, 5, 5, 5, 5, 5, 5, 5],
                                   'PADDINGS': [2, 2, 2, 2, 2, 2, 2, 2],
                                   'STRIDES': [1, 1, 1, 1, 1, 1, 1, 1]}},
         'PRED_INPUT_SIZE': 512,
         'PROP_MODULE': {'NAME': 'SparsePropMaxPool',
                         'PARAMS': {'NUM_SCALE_LAYERS': [16, 8, 8, 8]}}},
 'TEST': {'BATCH_SIZE': 32,
          'EVAL_TRAIN': False,
          'INTERVAL': 1,
          'NMS_THRESH': 0.4,
          'RECALL': '1,5',
          'TIOU': '0.1,0.3,0.5,0.7',
          'TOP_K': 10},
 'TRAIN': {'BATCH_SIZE': 32,
           'CONTINUE': False,
           'FACTOR': 0.8,
           'LR': 0.0001,
           'MAX_EPOCH': 100,
           'PATIENCE': 20,
           'SHUFFLE': True,
           'WEIGHT_DECAY': 0.0},
 'VERBOSE': True,
 'WORKERS': 16}
2021-12-03 17:26:12,616 
iter: 305 train loss 0.1658 test loss 0.1097
+performance on testing set---------+-----------------+-----------------+-----------------+-----------------+-----------------+-----------------+-------+
| Rank@1,mIoU@0.1 | Rank@1,mIoU@0.3 | Rank@1,mIoU@0.5 | Rank@1,mIoU@0.7 | Rank@5,mIoU@0.1 | Rank@5,mIoU@0.3 | Rank@5,mIoU@0.5 | Rank@5,mIoU@0.7 | mIoU  |
+-----------------+-----------------+-----------------+-----------------+-----------------+-----------------+-----------------+-----------------+-------+
|      29.97      |      13.30      |       6.47      |       2.47      |      69.48      |      41.11      |      22.29      |       7.80      | 10.65 |
+-----------------+-----------------+-----------------+-----------------+-----------------+-----------------+-----------------+-----------------+-------+

2021-12-03 17:37:14,140 
iter: 610 train loss 0.1131 test loss 0.1053
+performance on testing set---------+-----------------+-----------------+-----------------+-----------------+-----------------+-----------------+-------+
| Rank@1,mIoU@0.1 | Rank@1,mIoU@0.3 | Rank@1,mIoU@0.5 | Rank@1,mIoU@0.7 | Rank@5,mIoU@0.1 | Rank@5,mIoU@0.3 | Rank@5,mIoU@0.5 | Rank@5,mIoU@0.7 | mIoU  |
+-----------------+-----------------+-----------------+-----------------+-----------------+-----------------+-----------------+-----------------+-------+
|      38.77      |      22.17      |      11.27      |       4.67      |      71.23      |      49.81      |      32.42      |      13.70      | 15.64 |
+-----------------+-----------------+-----------------+-----------------+-----------------+-----------------+-----------------+-----------------+-------+

2021-12-03 17:48:14,025 
iter: 915 train loss 0.1048 test loss 0.1025
+performance on testing set---------+-----------------+-----------------+-----------------+-----------------+-----------------+-----------------+-------+
| Rank@1,mIoU@0.1 | Rank@1,mIoU@0.3 | Rank@1,mIoU@0.5 | Rank@1,mIoU@0.7 | Rank@5,mIoU@0.1 | Rank@5,mIoU@0.3 | Rank@5,mIoU@0.5 | Rank@5,mIoU@0.7 | mIoU  |
+-----------------+-----------------+-----------------+-----------------+-----------------+-----------------+-----------------+-----------------+-------+
|      40.66      |      26.97      |      15.60      |       6.67      |      72.11      |      53.96      |      37.24      |      17.10      | 18.16 |
+-----------------+-----------------+-----------------+-----------------+-----------------+-----------------+-----------------+-----------------+-------+

2021-12-03 17:59:10,079 
iter: 1220 train loss 0.0996 test loss 0.1047
+performance on testing set---------+-----------------+-----------------+-----------------+-----------------+-----------------+-----------------+-------+
| Rank@1,mIoU@0.1 | Rank@1,mIoU@0.3 | Rank@1,mIoU@0.5 | Rank@1,mIoU@0.7 | Rank@5,mIoU@0.1 | Rank@5,mIoU@0.3 | Rank@5,mIoU@0.5 | Rank@5,mIoU@0.7 | mIoU  |
+-----------------+-----------------+-----------------+-----------------+-----------------+-----------------+-----------------+-----------------+-------+
|      38.94      |      28.19      |      17.30      |       8.67      |      70.68      |      56.06      |      39.29      |      19.20      | 18.83 |
+-----------------+-----------------+-----------------+-----------------+-----------------+-----------------+-----------------+-----------------+-------+

2021-12-03 18:10:07,758 
iter: 1525 train loss 0.0958 test loss 0.1060
+performance on testing set---------+-----------------+-----------------+-----------------+-----------------+-----------------+-----------------+-------+
| Rank@1,mIoU@0.1 | Rank@1,mIoU@0.3 | Rank@1,mIoU@0.5 | Rank@1,mIoU@0.7 | Rank@5,mIoU@0.1 | Rank@5,mIoU@0.3 | Rank@5,mIoU@0.5 | Rank@5,mIoU@0.7 | mIoU  |
+-----------------+-----------------+-----------------+-----------------+-----------------+-----------------+-----------------+-----------------+-------+
|      38.94      |      27.84      |      17.10      |       8.42      |      72.38      |      55.16      |      37.97      |      17.50      | 18.79 |
+-----------------+-----------------+-----------------+-----------------+-----------------+-----------------+-----------------+-----------------+-------+

2021-12-03 18:21:05,065 
iter: 1830 train loss 0.0932 test loss 0.1035
+performance on testing set---------+-----------------+-----------------+-----------------+-----------------+-----------------+-----------------+-------+
| Rank@1,mIoU@0.1 | Rank@1,mIoU@0.3 | Rank@1,mIoU@0.5 | Rank@1,mIoU@0.7 | Rank@5,mIoU@0.1 | Rank@5,mIoU@0.3 | Rank@5,mIoU@0.5 | Rank@5,mIoU@0.7 | mIoU  |
+-----------------+-----------------+-----------------+-----------------+-----------------+-----------------+-----------------+-----------------+-------+
|      39.34      |      28.77      |      17.67      |       9.20      |      71.03      |      54.91      |      39.77      |      18.82      | 19.41 |
+-----------------+-----------------+-----------------+-----------------+-----------------+-----------------+-----------------+-----------------+-------+

2021-12-03 18:32:03,638 
iter: 2135 train loss 0.0908 test loss 0.1076
+performance on testing set---------+-----------------+-----------------+-----------------+-----------------+-----------------+-----------------+-------+
| Rank@1,mIoU@0.1 | Rank@1,mIoU@0.3 | Rank@1,mIoU@0.5 | Rank@1,mIoU@0.7 | Rank@5,mIoU@0.1 | Rank@5,mIoU@0.3 | Rank@5,mIoU@0.5 | Rank@5,mIoU@0.7 | mIoU  |
+-----------------+-----------------+-----------------+-----------------+-----------------+-----------------+-----------------+-----------------+-------+
|      39.22      |      29.22      |      18.60      |       9.35      |      70.96      |      56.51      |      40.59      |      19.57      | 19.69 |
+-----------------+-----------------+-----------------+-----------------+-----------------+-----------------+-----------------+-----------------+-------+

2021-12-03 18:43:00,477 
iter: 2440 train loss 0.0878 test loss 0.1039
+performance on testing set---------+-----------------+-----------------+-----------------+-----------------+-----------------+-----------------+-------+
| Rank@1,mIoU@0.1 | Rank@1,mIoU@0.3 | Rank@1,mIoU@0.5 | Rank@1,mIoU@0.7 | Rank@5,mIoU@0.1 | Rank@5,mIoU@0.3 | Rank@5,mIoU@0.5 | Rank@5,mIoU@0.7 | mIoU  |
+-----------------+-----------------+-----------------+-----------------+-----------------+-----------------+-----------------+-----------------+-------+
|      40.34      |      30.24      |      18.95      |       9.85      |      72.48      |      56.39      |      41.39      |      19.95      | 20.25 |
+-----------------+-----------------+-----------------+-----------------+-----------------+-----------------+-----------------+-----------------+-------+

2021-12-03 18:54:01,621 
iter: 2745 train loss 0.0844 test loss 0.1086
+performance on testing set---------+-----------------+-----------------+-----------------+-----------------+-----------------+-----------------+-------+
| Rank@1,mIoU@0.1 | Rank@1,mIoU@0.3 | Rank@1,mIoU@0.5 | Rank@1,mIoU@0.7 | Rank@5,mIoU@0.1 | Rank@5,mIoU@0.3 | Rank@5,mIoU@0.5 | Rank@5,mIoU@0.7 | mIoU  |
+-----------------+-----------------+-----------------+-----------------+-----------------+-----------------+-----------------+-----------------+-------+
|      40.89      |      31.17      |      19.15      |      10.12      |      71.51      |      57.64      |      42.81      |      22.09      | 20.66 |
+-----------------+-----------------+-----------------+-----------------+-----------------+-----------------+-----------------+-----------------+-------+

2021-12-03 19:04:57,750 
iter: 3050 train loss 0.0819 test loss 0.1101
+performance on testing set---------+-----------------+-----------------+-----------------+-----------------+-----------------+-----------------+-------+
| Rank@1,mIoU@0.1 | Rank@1,mIoU@0.3 | Rank@1,mIoU@0.5 | Rank@1,mIoU@0.7 | Rank@5,mIoU@0.1 | Rank@5,mIoU@0.3 | Rank@5,mIoU@0.5 | Rank@5,mIoU@0.7 | mIoU  |
+-----------------+-----------------+-----------------+-----------------+-----------------+-----------------+-----------------+-----------------+-------+
|      41.24      |      32.19      |      19.75      |      11.00      |      72.03      |      58.21      |      43.29      |      23.04      | 21.27 |
+-----------------+-----------------+-----------------+-----------------+-----------------+-----------------+-----------------+-----------------+-------+

2021-12-03 19:15:56,959 
iter: 3355 train loss 0.0787 test loss 0.1098
+performance on testing set---------+-----------------+-----------------+-----------------+-----------------+-----------------+-----------------+-------+
| Rank@1,mIoU@0.1 | Rank@1,mIoU@0.3 | Rank@1,mIoU@0.5 | Rank@1,mIoU@0.7 | Rank@5,mIoU@0.1 | Rank@5,mIoU@0.3 | Rank@5,mIoU@0.5 | Rank@5,mIoU@0.7 | mIoU  |
+-----------------+-----------------+-----------------+-----------------+-----------------+-----------------+-----------------+-----------------+-------+
|      39.74      |      31.97      |      21.84      |      11.95      |      70.76      |      58.06      |      44.14      |      23.17      | 21.60 |
+-----------------+-----------------+-----------------+-----------------+-----------------+-----------------+-----------------+-----------------+-------+

2021-12-03 19:26:54,201 
iter: 3660 train loss 0.0760 test loss 0.1106
+performance on testing set---------+-----------------+-----------------+-----------------+-----------------+-----------------+-----------------+-------+
| Rank@1,mIoU@0.1 | Rank@1,mIoU@0.3 | Rank@1,mIoU@0.5 | Rank@1,mIoU@0.7 | Rank@5,mIoU@0.1 | Rank@5,mIoU@0.3 | Rank@5,mIoU@0.5 | Rank@5,mIoU@0.7 | mIoU  |
+-----------------+-----------------+-----------------+-----------------+-----------------+-----------------+-----------------+-----------------+-------+
|      42.16      |      33.27      |      21.62      |      12.02      |      71.41      |      57.99      |      43.09      |      23.12      | 22.34 |
+-----------------+-----------------+-----------------+-----------------+-----------------+-----------------+-----------------+-----------------+-------+

2021-12-03 19:37:54,106 
iter: 3965 train loss 0.0738 test loss 0.1175
+performance on testing set---------+-----------------+-----------------+-----------------+-----------------+-----------------+-----------------+-------+
| Rank@1,mIoU@0.1 | Rank@1,mIoU@0.3 | Rank@1,mIoU@0.5 | Rank@1,mIoU@0.7 | Rank@5,mIoU@0.1 | Rank@5,mIoU@0.3 | Rank@5,mIoU@0.5 | Rank@5,mIoU@0.7 | mIoU  |
+-----------------+-----------------+-----------------+-----------------+-----------------+-----------------+-----------------+-----------------+-------+
|      41.36      |      32.69      |      21.62      |      12.15      |      70.58      |      56.94      |      43.56      |      22.54      | 22.12 |
+-----------------+-----------------+-----------------+-----------------+-----------------+-----------------+-----------------+-----------------+-------+

2021-12-03 19:48:52,208 
iter: 4270 train loss 0.0719 test loss 0.1129
+performance on testing set---------+-----------------+-----------------+-----------------+-----------------+-----------------+-----------------+-------+
| Rank@1,mIoU@0.1 | Rank@1,mIoU@0.3 | Rank@1,mIoU@0.5 | Rank@1,mIoU@0.7 | Rank@5,mIoU@0.1 | Rank@5,mIoU@0.3 | Rank@5,mIoU@0.5 | Rank@5,mIoU@0.7 | mIoU  |
+-----------------+-----------------+-----------------+-----------------+-----------------+-----------------+-----------------+-----------------+-------+
|      42.81      |      34.52      |      24.27      |      13.32      |      70.26      |      58.11      |      44.84      |      23.44      | 23.54 |
+-----------------+-----------------+-----------------+-----------------+-----------------+-----------------+-----------------+-----------------+-------+

2021-12-03 19:59:53,574 
iter: 4575 train loss 0.0703 test loss 0.1180
+performance on testing set---------+-----------------+-----------------+-----------------+-----------------+-----------------+-----------------+-------+
| Rank@1,mIoU@0.1 | Rank@1,mIoU@0.3 | Rank@1,mIoU@0.5 | Rank@1,mIoU@0.7 | Rank@5,mIoU@0.1 | Rank@5,mIoU@0.3 | Rank@5,mIoU@0.5 | Rank@5,mIoU@0.7 | mIoU  |
+-----------------+-----------------+-----------------+-----------------+-----------------+-----------------+-----------------+-----------------+-------+
|      44.36      |      34.42      |      23.49      |      12.27      |      72.88      |      59.21      |      45.66      |      22.59      | 23.48 |
+-----------------+-----------------+-----------------+-----------------+-----------------+-----------------+-----------------+-----------------+-------+

2021-12-03 20:10:50,494 
iter: 4880 train loss 0.0691 test loss 0.1229
+performance on testing set---------+-----------------+-----------------+-----------------+-----------------+-----------------+-----------------+-------+
| Rank@1,mIoU@0.1 | Rank@1,mIoU@0.3 | Rank@1,mIoU@0.5 | Rank@1,mIoU@0.7 | Rank@5,mIoU@0.1 | Rank@5,mIoU@0.3 | Rank@5,mIoU@0.5 | Rank@5,mIoU@0.7 | mIoU  |
+-----------------+-----------------+-----------------+-----------------+-----------------+-----------------+-----------------+-----------------+-------+
|      41.44      |      33.82      |      23.57      |      12.42      |      67.61      |      56.91      |      44.81      |      22.42      | 22.70 |
+-----------------+-----------------+-----------------+-----------------+-----------------+-----------------+-----------------+-----------------+-------+

2021-12-03 20:21:50,668 
iter: 5185 train loss 0.0671 test loss 0.1203
+performance on testing set---------+-----------------+-----------------+-----------------+-----------------+-----------------+-----------------+-------+
| Rank@1,mIoU@0.1 | Rank@1,mIoU@0.3 | Rank@1,mIoU@0.5 | Rank@1,mIoU@0.7 | Rank@5,mIoU@0.1 | Rank@5,mIoU@0.3 | Rank@5,mIoU@0.5 | Rank@5,mIoU@0.7 | mIoU  |
+-----------------+-----------------+-----------------+-----------------+-----------------+-----------------+-----------------+-----------------+-------+
|      43.89      |      34.32      |      24.42      |      13.77      |      69.51      |      58.16      |      46.71      |      24.74      | 23.85 |
+-----------------+-----------------+-----------------+-----------------+-----------------+-----------------+-----------------+-----------------+-------+

2021-12-03 20:32:46,973 
iter: 5490 train loss 0.0655 test loss 0.1257
+performance on testing set---------+-----------------+-----------------+-----------------+-----------------+-----------------+-----------------+-------+
| Rank@1,mIoU@0.1 | Rank@1,mIoU@0.3 | Rank@1,mIoU@0.5 | Rank@1,mIoU@0.7 | Rank@5,mIoU@0.1 | Rank@5,mIoU@0.3 | Rank@5,mIoU@0.5 | Rank@5,mIoU@0.7 | mIoU  |
+-----------------+-----------------+-----------------+-----------------+-----------------+-----------------+-----------------+-----------------+-------+
|      44.71      |      35.32      |      24.87      |      12.40      |      70.53      |      59.01      |      46.66      |      23.27      | 24.05 |
+-----------------+-----------------+-----------------+-----------------+-----------------+-----------------+-----------------+-----------------+-------+

2021-12-03 20:43:46,153 
iter: 5795 train loss 0.0640 test loss 0.1236
+performance on testing set---------+-----------------+-----------------+-----------------+-----------------+-----------------+-----------------+-------+
| Rank@1,mIoU@0.1 | Rank@1,mIoU@0.3 | Rank@1,mIoU@0.5 | Rank@1,mIoU@0.7 | Rank@5,mIoU@0.1 | Rank@5,mIoU@0.3 | Rank@5,mIoU@0.5 | Rank@5,mIoU@0.7 | mIoU  |
+-----------------+-----------------+-----------------+-----------------+-----------------+-----------------+-----------------+-----------------+-------+
|      45.19      |      34.69      |      24.37      |      12.80      |      70.58      |      58.56      |      46.01      |      23.82      | 24.10 |
+-----------------+-----------------+-----------------+-----------------+-----------------+-----------------+-----------------+-----------------+-------+

2021-12-03 20:54:46,096 
iter: 6100 train loss 0.0631 test loss 0.1219
+performance on testing set---------+-----------------+-----------------+-----------------+-----------------+-----------------+-----------------+-------+
| Rank@1,mIoU@0.1 | Rank@1,mIoU@0.3 | Rank@1,mIoU@0.5 | Rank@1,mIoU@0.7 | Rank@5,mIoU@0.1 | Rank@5,mIoU@0.3 | Rank@5,mIoU@0.5 | Rank@5,mIoU@0.7 | mIoU  |
+-----------------+-----------------+-----------------+-----------------+-----------------+-----------------+-----------------+-----------------+-------+
|      44.91      |      36.17      |      25.22      |      13.72      |      72.21      |      58.66      |      46.01      |      24.89      | 24.73 |
+-----------------+-----------------+-----------------+-----------------+-----------------+-----------------+-----------------+-----------------+-------+

2021-12-03 21:05:48,573 
iter: 6405 train loss 0.0618 test loss 0.1334
+performance on testing set---------+-----------------+-----------------+-----------------+-----------------+-----------------+-----------------+-------+
| Rank@1,mIoU@0.1 | Rank@1,mIoU@0.3 | Rank@1,mIoU@0.5 | Rank@1,mIoU@0.7 | Rank@5,mIoU@0.1 | Rank@5,mIoU@0.3 | Rank@5,mIoU@0.5 | Rank@5,mIoU@0.7 | mIoU  |
+-----------------+-----------------+-----------------+-----------------+-----------------+-----------------+-----------------+-----------------+-------+
|      44.86      |      35.34      |      24.92      |      13.15      |      70.61      |      57.19      |      45.99      |      23.32      | 24.40 |
+-----------------+-----------------+-----------------+-----------------+-----------------+-----------------+-----------------+-----------------+-------+

2021-12-03 21:16:47,298 
iter: 6710 train loss 0.0606 test loss 0.1368
+performance on testing set---------+-----------------+-----------------+-----------------+-----------------+-----------------+-----------------+-------+
| Rank@1,mIoU@0.1 | Rank@1,mIoU@0.3 | Rank@1,mIoU@0.5 | Rank@1,mIoU@0.7 | Rank@5,mIoU@0.1 | Rank@5,mIoU@0.3 | Rank@5,mIoU@0.5 | Rank@5,mIoU@0.7 | mIoU  |
+-----------------+-----------------+-----------------+-----------------+-----------------+-----------------+-----------------+-----------------+-------+
|      45.24      |      34.22      |      23.84      |      12.87      |      70.36      |      57.31      |      45.46      |      24.52      | 23.91 |
+-----------------+-----------------+-----------------+-----------------+-----------------+-----------------+-----------------+-----------------+-------+

2021-12-03 21:27:54,221 
iter: 7015 train loss 0.0593 test loss 0.1290
+performance on testing set---------+-----------------+-----------------+-----------------+-----------------+-----------------+-----------------+-------+
| Rank@1,mIoU@0.1 | Rank@1,mIoU@0.3 | Rank@1,mIoU@0.5 | Rank@1,mIoU@0.7 | Rank@5,mIoU@0.1 | Rank@5,mIoU@0.3 | Rank@5,mIoU@0.5 | Rank@5,mIoU@0.7 | mIoU  |
+-----------------+-----------------+-----------------+-----------------+-----------------+-----------------+-----------------+-----------------+-------+
|      45.86      |      35.89      |      24.59      |      13.22      |      70.38      |      58.54      |      46.31      |      24.67      | 24.52 |
+-----------------+-----------------+-----------------+-----------------+-----------------+-----------------+-----------------+-----------------+-------+

2021-12-03 21:38:54,475 
iter: 7320 train loss 0.0583 test loss 0.1331
+performance on testing set---------+-----------------+-----------------+-----------------+-----------------+-----------------+-----------------+-------+
| Rank@1,mIoU@0.1 | Rank@1,mIoU@0.3 | Rank@1,mIoU@0.5 | Rank@1,mIoU@0.7 | Rank@5,mIoU@0.1 | Rank@5,mIoU@0.3 | Rank@5,mIoU@0.5 | Rank@5,mIoU@0.7 | mIoU  |
+-----------------+-----------------+-----------------+-----------------+-----------------+-----------------+-----------------+-----------------+-------+
|      48.09      |      36.49      |      25.12      |      12.52      |      73.11      |      57.79      |      45.51      |      23.57      | 25.14 |
+-----------------+-----------------+-----------------+-----------------+-----------------+-----------------+-----------------+-----------------+-------+

2021-12-03 21:49:52,923 
iter: 7625 train loss 0.0579 test loss 0.1358
+performance on testing set---------+-----------------+-----------------+-----------------+-----------------+-----------------+-----------------+-------+
| Rank@1,mIoU@0.1 | Rank@1,mIoU@0.3 | Rank@1,mIoU@0.5 | Rank@1,mIoU@0.7 | Rank@5,mIoU@0.1 | Rank@5,mIoU@0.3 | Rank@5,mIoU@0.5 | Rank@5,mIoU@0.7 | mIoU  |
+-----------------+-----------------+-----------------+-----------------+-----------------+-----------------+-----------------+-----------------+-------+
|      46.86      |      36.47      |      25.52      |      13.87      |      71.18      |      57.89      |      46.24      |      23.92      | 25.25 |
+-----------------+-----------------+-----------------+-----------------+-----------------+-----------------+-----------------+-----------------+-------+

2021-12-03 22:00:52,083 
iter: 7930 train loss 0.0566 test loss 0.1372
+performance on testing set---------+-----------------+-----------------+-----------------+-----------------+-----------------+-----------------+-------+
| Rank@1,mIoU@0.1 | Rank@1,mIoU@0.3 | Rank@1,mIoU@0.5 | Rank@1,mIoU@0.7 | Rank@5,mIoU@0.1 | Rank@5,mIoU@0.3 | Rank@5,mIoU@0.5 | Rank@5,mIoU@0.7 | mIoU  |
+-----------------+-----------------+-----------------+-----------------+-----------------+-----------------+-----------------+-----------------+-------+
|      47.59      |      37.14      |      26.77      |      14.47      |      72.28      |      59.09      |      46.71      |      25.14      | 25.78 |
+-----------------+-----------------+-----------------+-----------------+-----------------+-----------------+-----------------+-----------------+-------+

2021-12-03 22:11:51,074 
iter: 8235 train loss 0.0547 test loss 0.1383
+performance on testing set---------+-----------------+-----------------+-----------------+-----------------+-----------------+-----------------+-------+
| Rank@1,mIoU@0.1 | Rank@1,mIoU@0.3 | Rank@1,mIoU@0.5 | Rank@1,mIoU@0.7 | Rank@5,mIoU@0.1 | Rank@5,mIoU@0.3 | Rank@5,mIoU@0.5 | Rank@5,mIoU@0.7 | mIoU  |
+-----------------+-----------------+-----------------+-----------------+-----------------+-----------------+-----------------+-----------------+-------+
|      46.31      |      36.39      |      26.69      |      13.57      |      69.36      |      56.71      |      46.96      |      23.64      | 25.07 |
+-----------------+-----------------+-----------------+-----------------+-----------------+-----------------+-----------------+-----------------+-------+

2021-12-03 22:22:51,906 
iter: 8540 train loss 0.0547 test loss 0.1489
+performance on testing set---------+-----------------+-----------------+-----------------+-----------------+-----------------+-----------------+-------+
| Rank@1,mIoU@0.1 | Rank@1,mIoU@0.3 | Rank@1,mIoU@0.5 | Rank@1,mIoU@0.7 | Rank@5,mIoU@0.1 | Rank@5,mIoU@0.3 | Rank@5,mIoU@0.5 | Rank@5,mIoU@0.7 | mIoU  |
+-----------------+-----------------+-----------------+-----------------+-----------------+-----------------+-----------------+-----------------+-------+
|      46.96      |      36.09      |      25.59      |      13.45      |      70.76      |      57.59      |      45.89      |      23.67      | 25.08 |
+-----------------+-----------------+-----------------+-----------------+-----------------+-----------------+-----------------+-----------------+-------+

2021-12-03 22:33:50,979 
iter: 8845 train loss 0.0534 test loss 0.1520
+performance on testing set---------+-----------------+-----------------+-----------------+-----------------+-----------------+-----------------+-------+
| Rank@1,mIoU@0.1 | Rank@1,mIoU@0.3 | Rank@1,mIoU@0.5 | Rank@1,mIoU@0.7 | Rank@5,mIoU@0.1 | Rank@5,mIoU@0.3 | Rank@5,mIoU@0.5 | Rank@5,mIoU@0.7 | mIoU  |
+-----------------+-----------------+-----------------+-----------------+-----------------+-----------------+-----------------+-----------------+-------+
|      46.81      |      36.07      |      25.97      |      12.80      |      70.91      |      58.86      |      46.26      |      23.54      | 24.96 |
+-----------------+-----------------+-----------------+-----------------+-----------------+-----------------+-----------------+-----------------+-------+

2021-12-03 22:44:49,250 
iter: 9150 train loss 0.0523 test loss 0.1565
+performance on testing set---------+-----------------+-----------------+-----------------+-----------------+-----------------+-----------------+-------+
| Rank@1,mIoU@0.1 | Rank@1,mIoU@0.3 | Rank@1,mIoU@0.5 | Rank@1,mIoU@0.7 | Rank@5,mIoU@0.1 | Rank@5,mIoU@0.3 | Rank@5,mIoU@0.5 | Rank@5,mIoU@0.7 | mIoU  |
+-----------------+-----------------+-----------------+-----------------+-----------------+-----------------+-----------------+-----------------+-------+
|      47.39      |      36.57      |      25.39      |      13.32      |      70.08      |      56.76      |      45.51      |      23.84      | 25.26 |
+-----------------+-----------------+-----------------+-----------------+-----------------+-----------------+-----------------+-----------------+-------+

2021-12-03 22:55:47,968 
iter: 9455 train loss 0.0514 test loss 0.1620
+performance on testing set---------+-----------------+-----------------+-----------------+-----------------+-----------------+-----------------+-------+
| Rank@1,mIoU@0.1 | Rank@1,mIoU@0.3 | Rank@1,mIoU@0.5 | Rank@1,mIoU@0.7 | Rank@5,mIoU@0.1 | Rank@5,mIoU@0.3 | Rank@5,mIoU@0.5 | Rank@5,mIoU@0.7 | mIoU  |
+-----------------+-----------------+-----------------+-----------------+-----------------+-----------------+-----------------+-----------------+-------+
|      45.61      |      35.04      |      24.54      |      12.72      |      68.38      |      55.06      |      43.81      |      22.17      | 24.27 |
+-----------------+-----------------+-----------------+-----------------+-----------------+-----------------+-----------------+-----------------+-------+

